[ 25%] [32mBuilding CXX object CMakeFiles/test_ch343.dir/src/test_read.cpp.o[0m
[ 50%] [32mBuilding CXX object CMakeFiles/test_ch343.dir/src/newDriver.cpp.o[0m
In file included from [01m[K/home/zoellickhan/Code/ws_testROS/src/test_ch343/src/newDriver.cpp:1[m[K:
[01m[K/home/zoellickhan/Code/ws_testROS/src/test_ch343/src/newDriver.hpp:97:5:[m[K [01;31m[Kerror: [m[Kâ€˜[01m[KHeader[m[Kâ€™ does not name a type
   97 |     [01;31m[KHeader[m[K header;
      |     [01;31m[K^~~~~~[m[K
[01m[K/home/zoellickhan/Code/ws_testROS/src/test_ch343/src/newDriver.cpp:[m[K In member function â€˜[01m[Kbool newSerialDriver::Port::setBaudRate()[m[Kâ€™:
[01m[K/home/zoellickhan/Code/ws_testROS/src/test_ch343/src/newDriver.cpp:47:23:[m[K [01;35m[Kwarning: [m[Koverflow in conversion from â€˜[01m[Klong unsigned int[m[Kâ€™ to â€˜[01m[Kint[m[Kâ€™ changes value from â€˜[01m[K2150388778[m[Kâ€™ to â€˜[01m[K-2144578518[m[Kâ€™ [[01;35m[K]8;;https://gcc.gnu.org/onlinedocs/gcc/Warning-Options.html#index-Woverflow-Woverflow]8;;[m[K]
   47 |         if (ioctl(fd, [01;35m[KTCGETS2[m[K, &tio))
      |                       [01;35m[K^~~~~~~[m[K
[01m[K/home/zoellickhan/Code/ws_testROS/src/test_ch343/src/newDriver.cpp:64:23:[m[K [01;35m[Kwarning: [m[Koverflow in conversion from â€˜[01m[Klong unsigned int[m[Kâ€™ to â€˜[01m[Kint[m[Kâ€™ changes value from â€˜[01m[K2150388778[m[Kâ€™ to â€˜[01m[K-2144578518[m[Kâ€™ [[01;35m[K]8;;https://gcc.gnu.org/onlinedocs/gcc/Warning-Options.html#index-Woverflow-Woverflow]8;;[m[K]
   64 |         if (ioctl(fd, [01;35m[KTCGETS2[m[K, &tio))
      |                       [01;35m[K^~~~~~~[m[K
[01m[K/home/zoellickhan/Code/ws_testROS/src/test_ch343/src/newDriver.cpp:[m[K In member function â€˜[01m[Kbool newSerialDriver::Port::init()[m[Kâ€™:
[01m[K/home/zoellickhan/Code/ws_testROS/src/test_ch343/src/newDriver.cpp:178:23:[m[K [01;35m[Kwarning: [m[Koverflow in conversion from â€˜[01m[Klong unsigned int[m[Kâ€™ to â€˜[01m[Kint[m[Kâ€™ changes value from â€˜[01m[K2150388778[m[Kâ€™ to â€˜[01m[K-2144578518[m[Kâ€™ [[01;35m[K]8;;https://gcc.gnu.org/onlinedocs/gcc/Warning-Options.html#index-Woverflow-Woverflow]8;;[m[K]
  178 |         if (ioctl(fd, [01;35m[KTCGETS2[m[K, &tio))
      |                       [01;35m[K^~~~~~~[m[K
[01m[K/home/zoellickhan/Code/ws_testROS/src/test_ch343/src/newDriver.cpp:195:23:[m[K [01;35m[Kwarning: [m[Koverflow in conversion from â€˜[01m[Klong unsigned int[m[Kâ€™ to â€˜[01m[Kint[m[Kâ€™ changes value from â€˜[01m[K2150388778[m[Kâ€™ to â€˜[01m[K-2144578518[m[Kâ€™ [[01;35m[K]8;;https://gcc.gnu.org/onlinedocs/gcc/Warning-Options.html#index-Woverflow-Woverflow]8;;[m[K]
  195 |         if (ioctl(fd, [01;35m[KTCGETS2[m[K, &tio))
      |                       [01;35m[K^~~~~~~[m[K
[01m[K/home/zoellickhan/Code/ws_testROS/src/test_ch343/src/newDriver.cpp:[m[K In member function â€˜[01m[Kint newSerialDriver::Port::decode(std::vector<T>&)[m[Kâ€™:
[01m[K/home/zoellickhan/Code/ws_testROS/src/test_ch343/src/newDriver.cpp:268:17:[m[K [01;31m[Kerror: [m[Kâ€˜[01m[Kheader[m[Kâ€™ was not declared in this scope
  268 |                 [01;31m[Kheader[m[K = fromHeaderVector(transform);
      |                 [01;31m[K^~~~~~[m[K
[01m[K/home/zoellickhan/Code/ws_testROS/src/test_ch343/src/newDriver.cpp:283:46:[m[K [01;31m[Kerror: [m[Kno matching function for call to â€˜[01m[KfromTestVector(std::vector<unsigned char>&)[m[Kâ€™
  283 |                         data = [01;31m[KfromTestVector(transform)[m[K;
      |                                [01;31m[K~~~~~~~~~~~~~~^~~~~~~~~~~[m[K
In file included from [01m[K/home/zoellickhan/Code/ws_testROS/src/test_ch343/src/newDriver.hpp:14[m[K,
                 from [01m[K/home/zoellickhan/Code/ws_testROS/src/test_ch343/src/newDriver.cpp:1[m[K:
[01m[K/home/zoellickhan/Code/ws_testROS/src/test_ch343/src/protocol.hpp:363:3:[m[K [01;36m[Knote: [m[Kcandidate: â€˜[01m[Ktemplate<class T> T rm_serial_driver::fromTestVector(const std::vector<unsigned char>&)[m[Kâ€™
  363 | T [01;36m[KfromTestVector[m[K(const std::vector<uint8_t> &data)
      |   [01;36m[K^~~~~~~~~~~~~~[m[K
[01m[K/home/zoellickhan/Code/ws_testROS/src/test_ch343/src/protocol.hpp:363:3:[m[K [01;36m[Knote: [m[K  template argument deduction/substitution failed:
[01m[K/home/zoellickhan/Code/ws_testROS/src/test_ch343/src/newDriver.cpp:283:46:[m[K [01;36m[Knote: [m[K  couldnâ€™t deduce template parameter â€˜[01m[KT[m[Kâ€™
  283 |                         data = [01;36m[KfromTestVector(transform)[m[K;
      |                                [01;36m[K~~~~~~~~~~~~~~^~~~~~~~~~~[m[K
[01m[K/home/zoellickhan/Code/ws_testROS/src/test_ch343/src/newDriver.cpp:[m[K In member function â€˜[01m[Kint newSerialDriver::Port::receive(std::vector<unsigned char>&)[m[Kâ€™:
[01m[K/home/zoellickhan/Code/ws_testROS/src/test_ch343/src/newDriver.cpp:301:42:[m[K [01;35m[Kwarning: [m[Kunused parameter â€˜[01m[Kbuff[m[Kâ€™ [[01;35m[K]8;;https://gcc.gnu.org/onlinedocs/gcc/Warning-Options.html#index-Wunused-parameter-Wunused-parameter]8;;[m[K]
  301 | int Port::receive([01;35m[Kstd::vector<uint8_t> & buff[m[K)
      |                   [01;35m[K~~~~~~~~~~~~~~~~~~~~~~~^~~~[m[K
gmake[2]: *** [CMakeFiles/test_ch343.dir/build.make:90: CMakeFiles/test_ch343.dir/src/newDriver.cpp.o] Error 1
gmake[2]: *** Waiting for unfinished jobs....
In file included from [01m[K/home/zoellickhan/Code/ws_testROS/src/test_ch343/src/test_read.cpp:3[m[K:
[01m[K/home/zoellickhan/Code/ws_testROS/src/test_ch343/src/newDriver.hpp:97:5:[m[K [01;31m[Kerror: [m[Kâ€˜[01m[KHeader[m[Kâ€™ does not name a type
   97 |     [01;31m[KHeader[m[K header;
      |     [01;31m[K^~~~~~[m[K
[01m[K/home/zoellickhan/Code/ws_testROS/src/test_ch343/src/test_read.cpp:[m[K In function â€˜[01m[Kint main(int, char**)[m[Kâ€™:
[01m[K/home/zoellickhan/Code/ws_testROS/src/test_ch343/src/test_read.cpp:46:22:[m[K [01;31m[Kerror: [m[Kconflicting declaration â€˜[01m[Krm_serial_driver::TwoCRC_GimbalMsg twoCRC_SentryGimbalMsg[m[Kâ€™
   46 |     TwoCRC_GimbalMsg [01;31m[KtwoCRC_SentryGimbalMsg[m[K;
      |                      [01;31m[K^~~~~~~~~~~~~~~~~~~~~~[m[K
[01m[K/home/zoellickhan/Code/ws_testROS/src/test_ch343/src/test_read.cpp:45:28:[m[K [01;36m[Knote: [m[Kprevious declaration as â€˜[01m[Krm_serial_driver::TwoCRC_SentryGimbalMsg twoCRC_SentryGimbalMsg[m[Kâ€™
   45 |     TwoCRC_SentryGimbalMsg [01;36m[KtwoCRC_SentryGimbalMsg[m[K;
      |                            [01;36m[K^~~~~~~~~~~~~~~~~~~~~~[m[K
[01m[K/home/zoellickhan/Code/ws_testROS/src/test_ch343/src/test_read.cpp:79:18:[m[K [01;31m[Kerror: [m[Koverloaded function with no contextual type information
   79 |             data.[01;31m[Kresize[m[K(sizeof(TwoCRC_SentryGimbalMsg));
      |                  [01;31m[K^~~~~~[m[K
[01m[K/home/zoellickhan/Code/ws_testROS/src/test_ch343/src/test_read.cpp:80:35:[m[K [01;31m[Kerror: [m[Kcannot convert â€˜[01m[K<unresolved overloaded function type>[m[Kâ€™ to â€˜[01m[Kstd::vector<unsigned char, std::allocator<unsigned char> >&[m[Kâ€™
   80 |             single = [01;31m[Kport->receive(data)[m[K;
      |                      [01;31m[K~~~~~~~~~~~~~^~~~~~[m[K
In file included from [01m[K/home/zoellickhan/Code/ws_testROS/src/test_ch343/src/test_read.cpp:3[m[K:
[01m[K/home/zoellickhan/Code/ws_testROS/src/test_ch343/src/newDriver.hpp:70:41:[m[K [01;36m[Knote: [m[K  initializing argument 1 of â€˜[01m[Kint newSerialDriver::Port::receive(std::vector<unsigned char, std::allocator<unsigned char> >&)[m[Kâ€™
   70 |     int  receive([01;36m[Kstd::vector<uint8_t> & buff[m[K);
      |                  [01;36m[K~~~~~~~~~~~~~~~~~~~~~~~^~~~[m[K
[01m[K/home/zoellickhan/Code/ws_testROS/src/test_ch343/src/test_read.cpp:82:60:[m[K [01;31m[Kerror: [m[Kinvalid initialization of reference of type â€˜[01m[Kconst std::vector<unsigned char, std::allocator<unsigned char> >&[m[Kâ€™ from expression of type â€˜[01m[K<unresolved overloaded function type>[m[Kâ€™
   82 |             twoCRC_SentryGimbalMsg = [01;31m[KfromSentryTwoCRCVector(data)[m[K;
      |                                      [01;31m[K~~~~~~~~~~~~~~~~~~~~~~^~~~~~[m[K
In file included from [01m[K/home/zoellickhan/Code/ws_testROS/src/test_ch343/src/newDriver.hpp:14[m[K,
                 from [01m[K/home/zoellickhan/Code/ws_testROS/src/test_ch343/src/test_read.cpp:3[m[K:
[01m[K/home/zoellickhan/Code/ws_testROS/src/test_ch343/src/protocol.hpp:189:82:[m[K [01;36m[Knote: [m[Kin passing argument 1 of â€˜[01m[Krm_serial_driver::TwoCRC_SentryGimbalMsg rm_serial_driver::fromSentryTwoCRCVector(const std::vector<unsigned char, std::allocator<unsigned char> >&)[m[Kâ€™
  189 | inline TwoCRC_SentryGimbalMsg fromSentryTwoCRCVector([01;36m[Kconst std::vector<uint8_t> &data[m[K)
      |                                                      [01;36m[K~~~~~~~~~~~~~~~~~~~~~~~~~~~~^~~~[m[K
gmake[2]: *** [CMakeFiles/test_ch343.dir/build.make:76: CMakeFiles/test_ch343.dir/src/test_read.cpp.o] Error 1
gmake[1]: *** [CMakeFiles/Makefile2:137: CMakeFiles/test_ch343.dir/all] Error 2
gmake: *** [Makefile:146: all] Error 2
