[0.008s] Invoking command in '/home/zoellickhan/Code/ws_testROS/build/test_serialdriver': CMAKE_PREFIX_PATH=${CMAKE_PREFIX_PATH}:/opt/ros/humble /usr/bin/cmake --build /home/zoellickhan/Code/ws_testROS/build/test_serialdriver -- -j20 -l20
[0.057s] [35m[1mConsolidate compiler generated dependencies of target test_serialdriver[0m
[0.089s] [ 25%] [32mBuilding CXX object CMakeFiles/test_serialdriver.dir/src/test_write.cpp.o[0m
[1.444s] [01m[K/home/zoellickhan/Code/ws_testROS/src/test_serialdriver/src/test_write.cpp:[m[K In function â€˜[01m[Kint main(int, char**)[m[Kâ€™:
[1.444s] [01m[K/home/zoellickhan/Code/ws_testROS/src/test_serialdriver/src/test_write.cpp:99:31:[m[K [01;31m[Kerror: [m[Kno match for â€˜[01m[Koperator=[m[Kâ€™ (operand types are â€˜[01m[Kstd::chrono::duration<long int, std::ratio<1, 1000000000> >[m[Kâ€™ and â€˜[01m[Kdouble[m[Kâ€™)
[1.444s]    99 |         period = ts2.tv_sec - [01;31m[Klast_time[m[K;
[1.444s]       |                               [01;31m[K^~~~~~~~~[m[K
[1.444s] In file included from [01m[K/usr/include/c++/11/mutex:39[m[K,
[1.444s]                  from [01m[K/usr/include/c++/11/future:38[m[K,
[1.445s]                  from [01m[K/opt/ros/humble/include/rclcpp/rclcpp/executors.hpp:18[m[K,
[1.445s]                  from [01m[K/opt/ros/humble/include/rclcpp/rclcpp/rclcpp.hpp:155[m[K,
[1.445s]                  from [01m[K/home/zoellickhan/Code/ws_testROS/src/test_serialdriver/src/test_write.cpp:2[m[K:
[1.445s] [01m[K/usr/include/c++/11/chrono:533:19:[m[K [01;36m[Knote: [m[Kcandidate: â€˜[01m[Kconstexpr std::chrono::duration<_Rep, _Period>& std::chrono::duration<_Rep, _Period>::operator=(const std::chrono::duration<_Rep, _Period>&) [with _Rep = long int; _Period = std::ratio<1, 1000000000>][m[Kâ€™
[1.445s]   533 |         duration& [01;36m[Koperator[m[K=(const duration&) = default;
[1.445s]       |                   [01;36m[K^~~~~~~~[m[K
[1.446s] [01m[K/usr/include/c++/11/chrono:533:29:[m[K [01;36m[Knote: [m[K  no known conversion for argument 1 from â€˜[01m[Kdouble[m[Kâ€™ to â€˜[01m[Kconst std::chrono::duration<long int, std::ratio<1, 1000000000> >&[m[Kâ€™
[1.446s]   533 |         duration& operator=([01;36m[Kconst duration&[m[K) = default;
[1.446s]       |                             [01;36m[K^~~~~~~~~~~~~~~[m[K
[1.446s] [01m[K/home/zoellickhan/Code/ws_testROS/src/test_serialdriver/src/test_write.cpp:101:19:[m[K [01;31m[Kerror: [m[Kno match for â€˜[01m[Koperator!=[m[Kâ€™ (operand types are â€˜[01m[Kstd::chrono::duration<long int, std::ratio<1, 1000000000> >[m[Kâ€™ and â€˜[01m[Kint[m[Kâ€™)
[1.446s]   101 |         if([32m[Kperiod[m[K [01;31m[K!=[m[K [34m[K0[m[K) throughput = sum/period;
[1.446s]       |            [32m[K~~~~~~[m[K [01;31m[K^~[m[K [34m[K~[m[K
[1.446s]       |            [32m[K|[m[K         [34m[K|[m[K
[1.446s]       |            [32m[K|[m[K         [34m[Kint[m[K
[1.446s]       |            [32m[Kstd::chrono::duration<long int, std::ratio<1, 1000000000> >[m[K
[1.446s] In file included from [01m[K/usr/include/c++/11/bits/stl_algobase.h:64[m[K,
[1.446s]                  from [01m[K/usr/include/c++/11/memory:63[m[K,
[1.446s]                  from [01m[K/opt/ros/humble/include/rclcpp/rclcpp/rclcpp.hpp:153[m[K,
[1.446s]                  from [01m[K/home/zoellickhan/Code/ws_testROS/src/test_serialdriver/src/test_write.cpp:2[m[K:
[1.446s] [01m[K/usr/include/c++/11/bits/stl_pair.h:496:5:[m[K [01;36m[Knote: [m[Kcandidate: â€˜[01m[Ktemplate<class _T1, class _T2> constexpr bool std::operator!=(const std::pair<_T1, _T2>&, const std::pair<_T1, _T2>&)[m[Kâ€™
[1.446s]   496 |     [01;36m[Koperator[m[K!=(const pair<_T1, _T2>& __x, const pair<_T1, _T2>& __y)
[1.446s]       |     [01;36m[K^~~~~~~~[m[K
[1.447s] [01m[K/usr/include/c++/11/bits/stl_pair.h:496:5:[m[K [01;36m[Knote: [m[K  template argument deduction/substitution failed:
[1.447s] [01m[K/home/zoellickhan/Code/ws_testROS/src/test_serialdriver/src/test_write.cpp:101:22:[m[K [01;36m[Knote: [m[K  â€˜[01m[Kstd::chrono::duration<long int, std::ratio<1, 1000000000> >[m[Kâ€™ is not derived from â€˜[01m[Kconst std::pair<_T1, _T2>[m[Kâ€™
[1.447s]   101 |         if(period != [01;36m[K0[m[K) throughput = sum/period;
[1.447s]       |                      [01;36m[K^[m[K
[1.447s] In file included from [01m[K/usr/include/c++/11/bits/stl_algobase.h:67[m[K,
[1.447s]                  from [01m[K/usr/include/c++/11/memory:63[m[K,
[1.447s]                  from [01m[K/opt/ros/humble/include/rclcpp/rclcpp/rclcpp.hpp:153[m[K,
[1.447s]                  from [01m[K/home/zoellickhan/Code/ws_testROS/src/test_serialdriver/src/test_write.cpp:2[m[K:
[1.447s] [01m[K/usr/include/c++/11/bits/stl_iterator.h:432:5:[m[K [01;36m[Knote: [m[Kcandidate: â€˜[01m[Ktemplate<class _Iterator> constexpr bool std::operator!=(const std::reverse_iterator<_Iterator>&, const std::reverse_iterator<_Iterator>&)[m[Kâ€™
[1.447s]   432 |     [01;36m[Koperator[m[K!=(const reverse_iterator<_Iterator>& __x,
[1.447s]       |     [01;36m[K^~~~~~~~[m[K
[1.447s] [01m[K/usr/include/c++/11/bits/stl_iterator.h:432:5:[m[K [01;36m[Knote: [m[K  template argument deduction/substitution failed:
[1.447s] [01m[K/home/zoellickhan/Code/ws_testROS/src/test_serialdriver/src/test_write.cpp:101:22:[m[K [01;36m[Knote: [m[K  â€˜[01m[Kstd::chrono::duration<long int, std::ratio<1, 1000000000> >[m[Kâ€™ is not derived from â€˜[01m[Kconst std::reverse_iterator<_Iterator>[m[Kâ€™
[1.447s]   101 |         if(period != [01;36m[K0[m[K) throughput = sum/period;
[1.447s]       |                      [01;36m[K^[m[K
[1.447s] In file included from [01m[K/usr/include/c++/11/bits/stl_algobase.h:67[m[K,
[1.448s]                  from [01m[K/usr/include/c++/11/memory:63[m[K,
[1.448s]                  from [01m[K/opt/ros/humble/include/rclcpp/rclcpp/rclcpp.hpp:153[m[K,
[1.448s]                  from [01m[K/home/zoellickhan/Code/ws_testROS/src/test_serialdriver/src/test_write.cpp:2[m[K:
[1.448s] [01m[K/usr/include/c++/11/bits/stl_iterator.h:471:5:[m[K [01;36m[Knote: [m[Kcandidate: â€˜[01m[Ktemplate<class _IteratorL, class _IteratorR> constexpr bool std::operator!=(const std::reverse_iterator<_Iterator>&, const std::reverse_iterator<_IteratorR>&)[m[Kâ€™
[1.448s]   471 |     [01;36m[Koperator[m[K!=(const reverse_iterator<_IteratorL>& __x,
[1.448s]       |     [01;36m[K^~~~~~~~[m[K
[1.448s] [01m[K/usr/include/c++/11/bits/stl_iterator.h:471:5:[m[K [01;36m[Knote: [m[K  template argument deduction/substitution failed:
[1.448s] [01m[K/home/zoellickhan/Code/ws_testROS/src/test_serialdriver/src/test_write.cpp:101:22:[m[K [01;36m[Knote: [m[K  â€˜[01m[Kstd::chrono::duration<long int, std::ratio<1, 1000000000> >[m[Kâ€™ is not derived from â€˜[01m[Kconst std::reverse_iterator<_Iterator>[m[Kâ€™
[1.448s]   101 |         if(period != [01;36m[K0[m[K) throughput = sum/period;
[1.448s]       |                      [01;36m[K^[m[K
[1.448s] In file included from [01m[K/usr/include/c++/11/bits/stl_algobase.h:67[m[K,
[1.448s]                  from [01m[K/usr/include/c++/11/memory:63[m[K,
[1.448s]                  from [01m[K/opt/ros/humble/include/rclcpp/rclcpp/rclcpp.hpp:153[m[K,
[1.448s]                  from [01m[K/home/zoellickhan/Code/ws_testROS/src/test_serialdriver/src/test_write.cpp:2[m[K:
[1.448s] [01m[K/usr/include/c++/11/bits/stl_iterator.h:1602:5:[m[K [01;36m[Knote: [m[Kcandidate: â€˜[01m[Ktemplate<class _IteratorL, class _IteratorR> constexpr bool std::operator!=(const std::move_iterator<_IteratorL>&, const std::move_iterator<_IteratorR>&)[m[Kâ€™
[1.448s]  1602 |     [01;36m[Koperator[m[K!=(const move_iterator<_IteratorL>& __x,
[1.448s]       |     [01;36m[K^~~~~~~~[m[K
[1.449s] [01m[K/usr/include/c++/11/bits/stl_iterator.h:1602:5:[m[K [01;36m[Knote: [m[K  template argument deduction/substitution failed:
[1.449s] [01m[K/home/zoellickhan/Code/ws_testROS/src/test_serialdriver/src/test_write.cpp:101:22:[m[K [01;36m[Knote: [m[K  â€˜[01m[Kstd::chrono::duration<long int, std::ratio<1, 1000000000> >[m[Kâ€™ is not derived from â€˜[01m[Kconst std::move_iterator<_IteratorL>[m[Kâ€™
[1.449s]   101 |         if(period != [01;36m[K0[m[K) throughput = sum/period;
[1.449s]       |                      [01;36m[K^[m[K
[1.449s] In file included from [01m[K/usr/include/c++/11/bits/stl_algobase.h:67[m[K,
[1.449s]                  from [01m[K/usr/include/c++/11/memory:63[m[K,
[1.449s]                  from [01m[K/opt/ros/humble/include/rclcpp/rclcpp/rclcpp.hpp:153[m[K,
[1.449s]                  from [01m[K/home/zoellickhan/Code/ws_testROS/src/test_serialdriver/src/test_write.cpp:2[m[K:
[1.449s] [01m[K/usr/include/c++/11/bits/stl_iterator.h:1661:5:[m[K [01;36m[Knote: [m[Kcandidate: â€˜[01m[Ktemplate<class _Iterator> constexpr bool std::operator!=(const std::move_iterator<_IteratorL>&, const std::move_iterator<_IteratorL>&)[m[Kâ€™
[1.449s]  1661 |     [01;36m[Koperator[m[K!=(const move_iterator<_Iterator>& __x,
[1.449s]       |     [01;36m[K^~~~~~~~[m[K
[1.449s] [01m[K/usr/include/c++/11/bits/stl_iterator.h:1661:5:[m[K [01;36m[Knote: [m[K  template argument deduction/substitution failed:
[1.449s] [01m[K/home/zoellickhan/Code/ws_testROS/src/test_serialdriver/src/test_write.cpp:101:22:[m[K [01;36m[Knote: [m[K  â€˜[01m[Kstd::chrono::duration<long int, std::ratio<1, 1000000000> >[m[Kâ€™ is not derived from â€˜[01m[Kconst std::move_iterator<_IteratorL>[m[Kâ€™
[1.449s]   101 |         if(period != [01;36m[K0[m[K) throughput = sum/period;
[1.449s]       |                      [01;36m[K^[m[K
[1.449s] In file included from [01m[K/usr/include/c++/11/memory:64[m[K,
[1.450s]                  from [01m[K/opt/ros/humble/include/rclcpp/rclcpp/rclcpp.hpp:153[m[K,
[1.450s]                  from [01m[K/home/zoellickhan/Code/ws_testROS/src/test_serialdriver/src/test_write.cpp:2[m[K:
[1.450s] [01m[K/usr/include/c++/11/bits/allocator.h:225:5:[m[K [01;36m[Knote: [m[Kcandidate: â€˜[01m[Ktemplate<class _T1, class _T2> bool std::operator!=(const std::allocator<_Tp1>&, const std::allocator<_T2>&)[m[Kâ€™
[1.450s]   225 |     [01;36m[Koperator[m[K!=(const allocator<_T1>&, const allocator<_T2>&)
[1.450s]       |     [01;36m[K^~~~~~~~[m[K
[1.450s] [01m[K/usr/include/c++/11/bits/allocator.h:225:5:[m[K [01;36m[Knote: [m[K  template argument deduction/substitution failed:
[1.450s] [01m[K/home/zoellickhan/Code/ws_testROS/src/test_serialdriver/src/test_write.cpp:101:22:[m[K [01;36m[Knote: [m[K  â€˜[01m[Kstd::chrono::duration<long int, std::ratio<1, 1000000000> >[m[Kâ€™ is not derived from â€˜[01m[Kconst std::allocator<_Tp1>[m[Kâ€™
[1.450s]   101 |         if(period != [01;36m[K0[m[K) throughput = sum/period;
[1.450s]       |                      [01;36m[K^[m[K
[1.450s] In file included from [01m[K/usr/include/c++/11/tuple:39[m[K,
[1.450s]                  from [01m[K/usr/include/c++/11/bits/unique_ptr.h:37[m[K,
[1.450s]                  from [01m[K/usr/include/c++/11/memory:76[m[K,
[1.450s]                  from [01m[K/opt/ros/humble/include/rclcpp/rclcpp/rclcpp.hpp:153[m[K,
[1.450s]                  from [01m[K/home/zoellickhan/Code/ws_testROS/src/test_serialdriver/src/test_write.cpp:2[m[K:
[1.450s] [01m[K/usr/include/c++/11/array:305:5:[m[K [01;36m[Knote: [m[Kcandidate: â€˜[01m[Ktemplate<class _Tp, long unsigned int _Nm> bool std::operator!=(const std::array<_Tp, _Nm>&, const std::array<_Tp, _Nm>&)[m[Kâ€™
[1.450s]   305 |     [01;36m[Koperator[m[K!=(const array<_Tp, _Nm>& __one, const array<_Tp, _Nm>& __two)
[1.450s]       |     [01;36m[K^~~~~~~~[m[K
[1.450s] [01m[K/usr/include/c++/11/array:305:5:[m[K [01;36m[Knote: [m[K  template argument deduction/substitution failed:
[1.451s] [01m[K/home/zoellickhan/Code/ws_testROS/src/test_serialdriver/src/test_write.cpp:101:22:[m[K [01;36m[Knote: [m[K  â€˜[01m[Kstd::chrono::duration<long int, std::ratio<1, 1000000000> >[m[Kâ€™ is not derived from â€˜[01m[Kconst std::array<_Tp, _Nm>[m[Kâ€™
[1.451s]   101 |         if(period != [01;36m[K0[m[K) throughput = sum/period;
[1.451s]       |                      [01;36m[K^[m[K
[1.451s] In file included from [01m[K/usr/include/c++/11/bits/unique_ptr.h:37[m[K,
[1.451s]                  from [01m[K/usr/include/c++/11/memory:76[m[K,
[1.451s]                  from [01m[K/opt/ros/humble/include/rclcpp/rclcpp/rclcpp.hpp:153[m[K,
[1.451s]                  from [01m[K/home/zoellickhan/Code/ws_testROS/src/test_serialdriver/src/test_write.cpp:2[m[K:
[1.451s] [01m[K/usr/include/c++/11/tuple:1579:5:[m[K [01;36m[Knote: [m[Kcandidate: â€˜[01m[Ktemplate<class ... _TElements, class ... _UElements> constexpr bool std::operator!=(const std::tuple<_Tps ...>&, const std::tuple<_UTypes ...>&)[m[Kâ€™
[1.451s]  1579 |     [01;36m[Koperator[m[K!=(const tuple<_TElements...>& __t,
[1.451s]       |     [01;36m[K^~~~~~~~[m[K
[1.451s] [01m[K/usr/include/c++/11/tuple:1579:5:[m[K [01;36m[Knote: [m[K  template argument deduction/substitution failed:
[1.451s] [01m[K/home/zoellickhan/Code/ws_testROS/src/test_serialdriver/src/test_write.cpp:101:22:[m[K [01;36m[Knote: [m[K  â€˜[01m[Kstd::chrono::duration<long int, std::ratio<1, 1000000000> >[m[Kâ€™ is not derived from â€˜[01m[Kconst std::tuple<_Tps ...>[m[Kâ€™
[1.451s]   101 |         if(period != [01;36m[K0[m[K) throughput = sum/period;
[1.451s]       |                      [01;36m[K^[m[K
[1.451s] In file included from [01m[K/usr/include/c++/11/memory:76[m[K,
[1.452s]                  from [01m[K/opt/ros/humble/include/rclcpp/rclcpp/rclcpp.hpp:153[m[K,
[1.452s]                  from [01m[K/home/zoellickhan/Code/ws_testROS/src/test_serialdriver/src/test_write.cpp:2[m[K:
[1.452s] [01m[K/usr/include/c++/11/bits/unique_ptr.h:774:5:[m[K [01;36m[Knote: [m[Kcandidate: â€˜[01m[Ktemplate<class _Tp, class _Dp, class _Up, class _Ep> bool std::operator!=(const std::unique_ptr<_Tp, _Dp>&, const std::unique_ptr<_Up, _Ep>&)[m[Kâ€™
[1.452s]   774 |     [01;36m[Koperator[m[K!=(const unique_ptr<_Tp, _Dp>& __x,
[1.452s]       |     [01;36m[K^~~~~~~~[m[K
[1.452s] [01m[K/usr/include/c++/11/bits/unique_ptr.h:774:5:[m[K [01;36m[Knote: [m[K  template argument deduction/substitution failed:
[1.452s] [01m[K/home/zoellickhan/Code/ws_testROS/src/test_serialdriver/src/test_write.cpp:101:22:[m[K [01;36m[Knote: [m[K  â€˜[01m[Kstd::chrono::duration<long int, std::ratio<1, 1000000000> >[m[Kâ€™ is not derived from â€˜[01m[Kconst std::unique_ptr<_Tp, _Dp>[m[Kâ€™
[1.452s]   101 |         if(period != [01;36m[K0[m[K) throughput = sum/period;
[1.452s]       |                      [01;36m[K^[m[K
[1.452s] In file included from [01m[K/usr/include/c++/11/memory:76[m[K,
[1.452s]                  from [01m[K/opt/ros/humble/include/rclcpp/rclcpp/rclcpp.hpp:153[m[K,
[1.452s]                  from [01m[K/home/zoellickhan/Code/ws_testROS/src/test_serialdriver/src/test_write.cpp:2[m[K:
[1.452s] [01m[K/usr/include/c++/11/bits/unique_ptr.h:781:5:[m[K [01;36m[Knote: [m[Kcandidate: â€˜[01m[Ktemplate<class _Tp, class _Dp> bool std::operator!=(const std::unique_ptr<_Tp, _Dp>&, std::nullptr_t)[m[Kâ€™
[1.452s]   781 |     [01;36m[Koperator[m[K!=(const unique_ptr<_Tp, _Dp>& __x, nullptr_t) noexcept
[1.452s]       |     [01;36m[K^~~~~~~~[m[K
[1.452s] [01m[K/usr/include/c++/11/bits/unique_ptr.h:781:5:[m[K [01;36m[Knote: [m[K  template argument deduction/substitution failed:
[1.452s] [01m[K/home/zoellickhan/Code/ws_testROS/src/test_serialdriver/src/test_write.cpp:101:22:[m[K [01;36m[Knote: [m[K  â€˜[01m[Kstd::chrono::duration<long int, std::ratio<1, 1000000000> >[m[Kâ€™ is not derived from â€˜[01m[Kconst std::unique_ptr<_Tp, _Dp>[m[Kâ€™
[1.453s]   101 |         if(period != [01;36m[K0[m[K) throughput = sum/period;
[1.453s]       |                      [01;36m[K^[m[K
[1.453s] In file included from [01m[K/usr/include/c++/11/memory:76[m[K,
[1.453s]                  from [01m[K/opt/ros/humble/include/rclcpp/rclcpp/rclcpp.hpp:153[m[K,
[1.453s]                  from [01m[K/home/zoellickhan/Code/ws_testROS/src/test_serialdriver/src/test_write.cpp:2[m[K:
[1.453s] [01m[K/usr/include/c++/11/bits/unique_ptr.h:787:5:[m[K [01;36m[Knote: [m[Kcandidate: â€˜[01m[Ktemplate<class _Tp, class _Dp> bool std::operator!=(std::nullptr_t, const std::unique_ptr<_Tp, _Dp>&)[m[Kâ€™
[1.453s]   787 |     [01;36m[Koperator[m[K!=(nullptr_t, const unique_ptr<_Tp, _Dp>& __x) noexcept
[1.453s]       |     [01;36m[K^~~~~~~~[m[K
[1.453s] [01m[K/usr/include/c++/11/bits/unique_ptr.h:787:5:[m[K [01;36m[Knote: [m[K  template argument deduction/substitution failed:
[1.453s] [01m[K/home/zoellickhan/Code/ws_testROS/src/test_serialdriver/src/test_write.cpp:101:22:[m[K [01;36m[Knote: [m[K  mismatched types â€˜[01m[Kconst std::unique_ptr<_Tp, _Dp>[m[Kâ€™ and â€˜[01m[Kint[m[Kâ€™
[1.453s]   101 |         if(period != [01;36m[K0[m[K) throughput = sum/period;
[1.453s]       |                      [01;36m[K^[m[K
[1.453s] In file included from [01m[K/usr/include/c++/11/iosfwd:40[m[K,
[1.453s]                  from [01m[K/usr/include/c++/11/bits/shared_ptr.h:52[m[K,
[1.453s]                  from [01m[K/usr/include/c++/11/memory:77[m[K,
[1.453s]                  from [01m[K/opt/ros/humble/include/rclcpp/rclcpp/rclcpp.hpp:153[m[K,
[1.453s]                  from [01m[K/home/zoellickhan/Code/ws_testROS/src/test_serialdriver/src/test_write.cpp:2[m[K:
[1.454s] [01m[K/usr/include/c++/11/bits/postypes.h:227:5:[m[K [01;36m[Knote: [m[Kcandidate: â€˜[01m[Ktemplate<class _StateT> bool std::operator!=(const std::fpos<_StateT>&, const std::fpos<_StateT>&)[m[Kâ€™
[1.454s]   227 |     [01;36m[Koperator[m[K!=(const fpos<_StateT>& __lhs, const fpos<_StateT>& __rhs)
[1.454s]       |     [01;36m[K^~~~~~~~[m[K
[1.454s] [01m[K/usr/include/c++/11/bits/postypes.h:227:5:[m[K [01;36m[Knote: [m[K  template argument deduction/substitution failed:
[1.454s] [01m[K/home/zoellickhan/Code/ws_testROS/src/test_serialdriver/src/test_write.cpp:101:22:[m[K [01;36m[Knote: [m[K  â€˜[01m[Kstd::chrono::duration<long int, std::ratio<1, 1000000000> >[m[Kâ€™ is not derived from â€˜[01m[Kconst std::fpos<_StateT>[m[Kâ€™
[1.454s]   101 |         if(period != [01;36m[K0[m[K) throughput = sum/period;
[1.454s]       |                      [01;36m[K^[m[K
[1.454s] In file included from [01m[K/usr/include/c++/11/bits/shared_ptr.h:53[m[K,
[1.454s]                  from [01m[K/usr/include/c++/11/memory:77[m[K,
[1.454s]                  from [01m[K/opt/ros/humble/include/rclcpp/rclcpp/rclcpp.hpp:153[m[K,
[1.454s]                  from [01m[K/home/zoellickhan/Code/ws_testROS/src/test_serialdriver/src/test_write.cpp:2[m[K:
[1.454s] [01m[K/usr/include/c++/11/bits/shared_ptr_base.h:1441:5:[m[K [01;36m[Knote: [m[Kcandidate: â€˜[01m[Ktemplate<class _Tp1, class _Tp2, __gnu_cxx::_Lock_policy _Lp> bool std::operator!=(const std::__shared_ptr<_Tp1, _Lp>&, const std::__shared_ptr<_Tp2, _Lp>&)[m[Kâ€™
[1.454s]  1441 |     [01;36m[Koperator[m[K!=(const __shared_ptr<_Tp1, _Lp>& __a,
[1.454s]       |     [01;36m[K^~~~~~~~[m[K
[1.454s] [01m[K/usr/include/c++/11/bits/shared_ptr_base.h:1441:5:[m[K [01;36m[Knote: [m[K  template argument deduction/substitution failed:
[1.454s] [01m[K/home/zoellickhan/Code/ws_testROS/src/test_serialdriver/src/test_write.cpp:101:22:[m[K [01;36m[Knote: [m[K  â€˜[01m[Kstd::chrono::duration<long int, std::ratio<1, 1000000000> >[m[Kâ€™ is not derived from â€˜[01m[Kconst std::__shared_ptr<_Tp1, _Lp>[m[Kâ€™
[1.454s]   101 |         if(period != [01;36m[K0[m[K) throughput = sum/period;
[1.454s]       |                      [01;36m[K^[m[K
[1.455s] In file included from [01m[K/usr/include/c++/11/bits/shared_ptr.h:53[m[K,
[1.455s]                  from [01m[K/usr/include/c++/11/memory:77[m[K,
[1.455s]                  from [01m[K/opt/ros/humble/include/rclcpp/rclcpp/rclcpp.hpp:153[m[K,
[1.455s]                  from [01m[K/home/zoellickhan/Code/ws_testROS/src/test_serialdriver/src/test_write.cpp:2[m[K:
[1.455s] [01m[K/usr/include/c++/11/bits/shared_ptr_base.h:1447:5:[m[K [01;36m[Knote: [m[Kcandidate: â€˜[01m[Ktemplate<class _Tp, __gnu_cxx::_Lock_policy _Lp> bool std::operator!=(const std::__shared_ptr<_Tp, _Lp>&, std::nullptr_t)[m[Kâ€™
[1.455s]  1447 |     [01;36m[Koperator[m[K!=(const __shared_ptr<_Tp, _Lp>& __a, nullptr_t) noexcept
[1.455s]       |     [01;36m[K^~~~~~~~[m[K
[1.455s] [01m[K/usr/include/c++/11/bits/shared_ptr_base.h:1447:5:[m[K [01;36m[Knote: [m[K  template argument deduction/substitution failed:
[1.455s] [01m[K/home/zoellickhan/Code/ws_testROS/src/test_serialdriver/src/test_write.cpp:101:22:[m[K [01;36m[Knote: [m[K  â€˜[01m[Kstd::chrono::duration<long int, std::ratio<1, 1000000000> >[m[Kâ€™ is not derived from â€˜[01m[Kconst std::__shared_ptr<_Tp, _Lp>[m[Kâ€™
[1.455s]   101 |         if(period != [01;36m[K0[m[K) throughput = sum/period;
[1.455s]       |                      [01;36m[K^[m[K
[1.455s] In file included from [01m[K/usr/include/c++/11/bits/shared_ptr.h:53[m[K,
[1.455s]                  from [01m[K/usr/include/c++/11/memory:77[m[K,
[1.455s]                  from [01m[K/opt/ros/humble/include/rclcpp/rclcpp/rclcpp.hpp:153[m[K,
[1.455s]                  from [01m[K/home/zoellickhan/Code/ws_testROS/src/test_serialdriver/src/test_write.cpp:2[m[K:
[1.455s] [01m[K/usr/include/c++/11/bits/shared_ptr_base.h:1452:5:[m[K [01;36m[Knote: [m[Kcandidate: â€˜[01m[Ktemplate<class _Tp, __gnu_cxx::_Lock_policy _Lp> bool std::operator!=(std::nullptr_t, const std::__shared_ptr<_Tp, _Lp>&)[m[Kâ€™
[1.455s]  1452 |     [01;36m[Koperator[m[K!=(nullptr_t, const __shared_ptr<_Tp, _Lp>& __a) noexcept
[1.455s]       |     [01;36m[K^~~~~~~~[m[K
[1.456s] [01m[K/usr/include/c++/11/bits/shared_ptr_base.h:1452:5:[m[K [01;36m[Knote: [m[K  template argument deduction/substitution failed:
[1.456s] [01m[K/home/zoellickhan/Code/ws_testROS/src/test_serialdriver/src/test_write.cpp:101:22:[m[K [01;36m[Knote: [m[K  mismatched types â€˜[01m[Kconst std::__shared_ptr<_Tp, _Lp>[m[Kâ€™ and â€˜[01m[Kint[m[Kâ€™
[1.456s]   101 |         if(period != [01;36m[K0[m[K) throughput = sum/period;
[1.456s]       |                      [01;36m[K^[m[K
[1.456s] In file included from [01m[K/usr/include/c++/11/memory:77[m[K,
[1.456s]                  from [01m[K/opt/ros/humble/include/rclcpp/rclcpp/rclcpp.hpp:153[m[K,
[1.456s]                  from [01m[K/home/zoellickhan/Code/ws_testROS/src/test_serialdriver/src/test_write.cpp:2[m[K:
[1.456s] [01m[K/usr/include/c++/11/bits/shared_ptr.h:470:5:[m[K [01;36m[Knote: [m[Kcandidate: â€˜[01m[Ktemplate<class _Tp, class _Up> bool std::operator!=(const std::shared_ptr<_Tp>&, const std::shared_ptr<_Tp>&)[m[Kâ€™
[1.456s]   470 |     [01;36m[Koperator[m[K!=(const shared_ptr<_Tp>& __a, const shared_ptr<_Up>& __b) noexcept
[1.456s]       |     [01;36m[K^~~~~~~~[m[K
[1.456s] [01m[K/usr/include/c++/11/bits/shared_ptr.h:470:5:[m[K [01;36m[Knote: [m[K  template argument deduction/substitution failed:
[1.456s] [01m[K/home/zoellickhan/Code/ws_testROS/src/test_serialdriver/src/test_write.cpp:101:22:[m[K [01;36m[Knote: [m[K  â€˜[01m[Kstd::chrono::duration<long int, std::ratio<1, 1000000000> >[m[Kâ€™ is not derived from â€˜[01m[Kconst std::shared_ptr<_Tp>[m[Kâ€™
[1.456s]   101 |         if(period != [01;36m[K0[m[K) throughput = sum/period;
[1.456s]       |                      [01;36m[K^[m[K
[1.456s] In file included from [01m[K/usr/include/c++/11/memory:77[m[K,
[1.456s]                  from [01m[K/opt/ros/humble/include/rclcpp/rclcpp/rclcpp.hpp:153[m[K,
[1.456s]                  from [01m[K/home/zoellickhan/Code/ws_testROS/src/test_serialdriver/src/test_write.cpp:2[m[K:
[1.457s] [01m[K/usr/include/c++/11/bits/shared_ptr.h:476:5:[m[K [01;36m[Knote: [m[Kcandidate: â€˜[01m[Ktemplate<class _Tp> bool std::operator!=(const std::shared_ptr<_Tp>&, std::nullptr_t)[m[Kâ€™
[1.457s]   476 |     [01;36m[Koperator[m[K!=(const shared_ptr<_Tp>& __a, nullptr_t) noexcept
[1.457s]       |     [01;36m[K^~~~~~~~[m[K
[1.457s] [01m[K/usr/include/c++/11/bits/shared_ptr.h:476:5:[m[K [01;36m[Knote: [m[K  template argument deduction/substitution failed:
[1.457s] [01m[K/home/zoellickhan/Code/ws_testROS/src/test_serialdriver/src/test_write.cpp:101:22:[m[K [01;36m[Knote: [m[K  â€˜[01m[Kstd::chrono::duration<long int, std::ratio<1, 1000000000> >[m[Kâ€™ is not derived from â€˜[01m[Kconst std::shared_ptr<_Tp>[m[Kâ€™
[1.457s]   101 |         if(period != [01;36m[K0[m[K) throughput = sum/period;
[1.457s]       |                      [01;36m[K^[m[K
[1.457s] In file included from [01m[K/usr/include/c++/11/memory:77[m[K,
[1.457s]                  from [01m[K/opt/ros/humble/include/rclcpp/rclcpp/rclcpp.hpp:153[m[K,
[1.457s]                  from [01m[K/home/zoellickhan/Code/ws_testROS/src/test_serialdriver/src/test_write.cpp:2[m[K:
[1.457s] [01m[K/usr/include/c++/11/bits/shared_ptr.h:482:5:[m[K [01;36m[Knote: [m[Kcandidate: â€˜[01m[Ktemplate<class _Tp> bool std::operator!=(std::nullptr_t, const std::shared_ptr<_Tp>&)[m[Kâ€™
[1.457s]   482 |     [01;36m[Koperator[m[K!=(nullptr_t, const shared_ptr<_Tp>& __a) noexcept
[1.457s]       |     [01;36m[K^~~~~~~~[m[K
[1.457s] [01m[K/usr/include/c++/11/bits/shared_ptr.h:482:5:[m[K [01;36m[Knote: [m[K  template argument deduction/substitution failed:
[1.457s] [01m[K/home/zoellickhan/Code/ws_testROS/src/test_serialdriver/src/test_write.cpp:101:22:[m[K [01;36m[Knote: [m[K  mismatched types â€˜[01m[Kconst std::shared_ptr<_Tp>[m[Kâ€™ and â€˜[01m[Kint[m[Kâ€™
[1.457s]   101 |         if(period != [01;36m[K0[m[K) throughput = sum/period;
[1.457s]       |                      [01;36m[K^[m[K
[1.457s] In file included from [01m[K/usr/include/c++/11/bits/basic_string.h:48[m[K,
[1.458s]                  from [01m[K/usr/include/c++/11/string:55[m[K,
[1.458s]                  from [01m[K/usr/include/c++/11/stdexcept:39[m[K,
[1.458s]                  from [01m[K/usr/include/c++/11/system_error:41[m[K,
[1.458s]                  from [01m[K/usr/include/c++/11/mutex:42[m[K,
[1.458s]                  from [01m[K/usr/include/c++/11/future:38[m[K,
[1.458s]                  from [01m[K/opt/ros/humble/include/rclcpp/rclcpp/executors.hpp:18[m[K,
[1.458s]                  from [01m[K/opt/ros/humble/include/rclcpp/rclcpp/rclcpp.hpp:155[m[K,
[1.458s]                  from [01m[K/home/zoellickhan/Code/ws_testROS/src/test_serialdriver/src/test_write.cpp:2[m[K:
[1.458s] [01m[K/usr/include/c++/11/string_view:570:5:[m[K [01;36m[Knote: [m[Kcandidate: â€˜[01m[Ktemplate<class _CharT, class _Traits> constexpr bool std::operator!=(std::basic_string_view<_CharT, _Traits>, std::basic_string_view<_CharT, _Traits>)[m[Kâ€™
[1.458s]   570 |     [01;36m[Koperator[m[K!=(basic_string_view<_CharT, _Traits> __x,
[1.458s]       |     [01;36m[K^~~~~~~~[m[K
[1.458s] [01m[K/usr/include/c++/11/string_view:570:5:[m[K [01;36m[Knote: [m[K  template argument deduction/substitution failed:
[1.458s] [01m[K/home/zoellickhan/Code/ws_testROS/src/test_serialdriver/src/test_write.cpp:101:22:[m[K [01;36m[Knote: [m[K  â€˜[01m[Kstd::chrono::duration<long int, std::ratio<1, 1000000000> >[m[Kâ€™ is not derived from â€˜[01m[Kstd::basic_string_view<_CharT, _Traits>[m[Kâ€™
[1.458s]   101 |         if(period != [01;36m[K0[m[K) throughput = sum/period;
[1.458s]       |                      [01;36m[K^[m[K
[1.458s] In file included from [01m[K/usr/include/c++/11/bits/basic_string.h:48[m[K,
[1.458s]                  from [01m[K/usr/include/c++/11/string:55[m[K,
[1.458s]                  from [01m[K/usr/include/c++/11/stdexcept:39[m[K,
[1.459s]                  from [01m[K/usr/include/c++/11/system_error:41[m[K,
[1.459s]                  from [01m[K/usr/include/c++/11/mutex:42[m[K,
[1.459s]                  from [01m[K/usr/include/c++/11/future:38[m[K,
[1.459s]                  from [01m[K/opt/ros/humble/include/rclcpp/rclcpp/executors.hpp:18[m[K,
[1.459s]                  from [01m[K/opt/ros/humble/include/rclcpp/rclcpp/rclcpp.hpp:155[m[K,
[1.459s]                  from [01m[K/home/zoellickhan/Code/ws_testROS/src/test_serialdriver/src/test_write.cpp:2[m[K:
[1.459s] [01m[K/usr/include/c++/11/string_view:576:5:[m[K [01;36m[Knote: [m[Kcandidate: â€˜[01m[Ktemplate<class _CharT, class _Traits> constexpr bool std::operator!=(std::basic_string_view<_CharT, _Traits>, std::__type_identity_t<std::basic_string_view<_CharT, _Traits> >)[m[Kâ€™
[1.459s]   576 |     [01;36m[Koperator[m[K!=(basic_string_view<_CharT, _Traits> __x,
[1.459s]       |     [01;36m[K^~~~~~~~[m[K
[1.459s] [01m[K/usr/include/c++/11/string_view:576:5:[m[K [01;36m[Knote: [m[K  template argument deduction/substitution failed:
[1.459s] [01m[K/home/zoellickhan/Code/ws_testROS/src/test_serialdriver/src/test_write.cpp:101:22:[m[K [01;36m[Knote: [m[K  â€˜[01m[Kstd::chrono::duration<long int, std::ratio<1, 1000000000> >[m[Kâ€™ is not derived from â€˜[01m[Kstd::basic_string_view<_CharT, _Traits>[m[Kâ€™
[1.459s]   101 |         if(period != [01;36m[K0[m[K) throughput = sum/period;
[1.459s]       |                      [01;36m[K^[m[K
[1.459s] In file included from [01m[K/usr/include/c++/11/bits/basic_string.h:48[m[K,
[1.459s]                  from [01m[K/usr/include/c++/11/string:55[m[K,
[1.459s]                  from [01m[K/usr/include/c++/11/stdexcept:39[m[K,
[1.459s]                  from [01m[K/usr/include/c++/11/system_error:41[m[K,
[1.460s]                  from [01m[K/usr/include/c++/11/mutex:42[m[K,
[1.460s]                  from [01m[K/usr/include/c++/11/future:38[m[K,
[1.460s]                  from [01m[K/opt/ros/humble/include/rclcpp/rclcpp/executors.hpp:18[m[K,
[1.460s]                  from [01m[K/opt/ros/humble/include/rclcpp/rclcpp/rclcpp.hpp:155[m[K,
[1.460s]                  from [01m[K/home/zoellickhan/Code/ws_testROS/src/test_serialdriver/src/test_write.cpp:2[m[K:
[1.460s] [01m[K/usr/include/c++/11/string_view:583:5:[m[K [01;36m[Knote: [m[Kcandidate: â€˜[01m[Ktemplate<class _CharT, class _Traits> constexpr bool std::operator!=(std::__type_identity_t<std::basic_string_view<_CharT, _Traits> >, std::basic_string_view<_CharT, _Traits>)[m[Kâ€™
[1.460s]   583 |     [01;36m[Koperator[m[K!=(__type_identity_t<basic_string_view<_CharT, _Traits>> __x,
[1.460s]       |     [01;36m[K^~~~~~~~[m[K
[1.460s] [01m[K/usr/include/c++/11/string_view:583:5:[m[K [01;36m[Knote: [m[K  template argument deduction/substitution failed:
[1.460s] [01m[K/home/zoellickhan/Code/ws_testROS/src/test_serialdriver/src/test_write.cpp:101:22:[m[K [01;36m[Knote: [m[K  mismatched types â€˜[01m[Kstd::basic_string_view<_CharT, _Traits>[m[Kâ€™ and â€˜[01m[Kint[m[Kâ€™
[1.460s]   101 |         if(period != [01;36m[K0[m[K) throughput = sum/period;
[1.460s]       |                      [01;36m[K^[m[K
[1.460s] In file included from [01m[K/usr/include/c++/11/string:55[m[K,
[1.460s]                  from [01m[K/usr/include/c++/11/stdexcept:39[m[K,
[1.460s]                  from [01m[K/usr/include/c++/11/system_error:41[m[K,
[1.460s]                  from [01m[K/usr/include/c++/11/mutex:42[m[K,
[1.460s]                  from [01m[K/usr/include/c++/11/future:38[m[K,
[1.460s]                  from [01m[K/opt/ros/humble/include/rclcpp/rclcpp/executors.hpp:18[m[K,
[1.461s]                  from [01m[K/opt/ros/humble/include/rclcpp/rclcpp/rclcpp.hpp:155[m[K,
[1.461s]                  from [01m[K/home/zoellickhan/Code/ws_testROS/src/test_serialdriver/src/test_write.cpp:2[m[K:
[1.461s] [01m[K/usr/include/c++/11/bits/basic_string.h:6302:5:[m[K [01;36m[Knote: [m[Kcandidate: â€˜[01m[Ktemplate<class _CharT, class _Traits, class _Alloc> bool std::operator!=(const std::__cxx11::basic_string<_CharT, _Traits, _Allocator>&, const std::__cxx11::basic_string<_CharT, _Traits, _Allocator>&)[m[Kâ€™
[1.461s]  6302 |     [01;36m[Koperator[m[K!=(const basic_string<_CharT, _Traits, _Alloc>& __lhs,
[1.461s]       |     [01;36m[K^~~~~~~~[m[K
[1.461s] [01m[K/usr/include/c++/11/bits/basic_string.h:6302:5:[m[K [01;36m[Knote: [m[K  template argument deduction/substitution failed:
[1.461s] [01m[K/home/zoellickhan/Code/ws_testROS/src/test_serialdriver/src/test_write.cpp:101:22:[m[K [01;36m[Knote: [m[K  â€˜[01m[Kstd::chrono::duration<long int, std::ratio<1, 1000000000> >[m[Kâ€™ is not derived from â€˜[01m[Kconst std::__cxx11::basic_string<_CharT, _Traits, _Allocator>[m[Kâ€™
[1.461s]   101 |         if(period != [01;36m[K0[m[K) throughput = sum/period;
[1.461s]       |                      [01;36m[K^[m[K
[1.461s] In file included from [01m[K/usr/include/c++/11/string:55[m[K,
[1.461s]                  from [01m[K/usr/include/c++/11/stdexcept:39[m[K,
[1.461s]                  from [01m[K/usr/include/c++/11/system_error:41[m[K,
[1.461s]                  from [01m[K/usr/include/c++/11/mutex:42[m[K,
[1.461s]                  from [01m[K/usr/include/c++/11/future:38[m[K,
[1.461s]                  from [01m[K/opt/ros/humble/include/rclcpp/rclcpp/executors.hpp:18[m[K,
[1.461s]                  from [01m[K/opt/ros/humble/include/rclcpp/rclcpp/rclcpp.hpp:155[m[K,
[1.461s]                  from [01m[K/home/zoellickhan/Code/ws_testROS/src/test_serialdriver/src/test_write.cpp:2[m[K:
[1.461s] [01m[K/usr/include/c++/11/bits/basic_string.h:6315:5:[m[K [01;36m[Knote: [m[Kcandidate: â€˜[01m[Ktemplate<class _CharT, class _Traits, class _Alloc> bool std::operator!=(const _CharT*, const std::__cxx11::basic_string<_CharT, _Traits, _Allocator>&)[m[Kâ€™
[1.462s]  6315 |     [01;36m[Koperator[m[K!=(const _CharT* __lhs,
[1.462s]       |     [01;36m[K^~~~~~~~[m[K
[1.462s] [01m[K/usr/include/c++/11/bits/basic_string.h:6315:5:[m[K [01;36m[Knote: [m[K  template argument deduction/substitution failed:
[1.462s] [01m[K/home/zoellickhan/Code/ws_testROS/src/test_serialdriver/src/test_write.cpp:101:22:[m[K [01;36m[Knote: [m[K  mismatched types â€˜[01m[Kconst _CharT*[m[Kâ€™ and â€˜[01m[Kstd::chrono::duration<long int, std::ratio<1, 1000000000> >[m[Kâ€™
[1.462s]   101 |         if(period != [01;36m[K0[m[K) throughput = sum/period;
[1.462s]       |                      [01;36m[K^[m[K
[1.462s] In file included from [01m[K/usr/include/c++/11/string:55[m[K,
[1.462s]                  from [01m[K/usr/include/c++/11/stdexcept:39[m[K,
[1.462s]                  from [01m[K/usr/include/c++/11/system_error:41[m[K,
[1.462s]                  from [01m[K/usr/include/c++/11/mutex:42[m[K,
[1.462s]                  from [01m[K/usr/include/c++/11/future:38[m[K,
[1.462s]                  from [01m[K/opt/ros/humble/include/rclcpp/rclcpp/executors.hpp:18[m[K,
[1.462s]                  from [01m[K/opt/ros/humble/include/rclcpp/rclcpp/rclcpp.hpp:155[m[K,
[1.462s]                  from [01m[K/home/zoellickhan/Code/ws_testROS/src/test_serialdriver/src/test_write.cpp:2[m[K:
[1.462s] [01m[K/usr/include/c++/11/bits/basic_string.h:6327:5:[m[K [01;36m[Knote: [m[Kcandidate: â€˜[01m[Ktemplate<class _CharT, class _Traits, class _Alloc> bool std::operator!=(const std::__cxx11::basic_string<_CharT, _Traits, _Allocator>&, const _CharT*)[m[Kâ€™
[1.462s]  6327 |     [01;36m[Koperator[m[K!=(const basic_string<_CharT, _Traits, _Alloc>& __lhs,
[1.462s]       |     [01;36m[K^~~~~~~~[m[K
[1.463s] [01m[K/usr/include/c++/11/bits/basic_string.h:6327:5:[m[K [01;36m[Knote: [m[K  template argument deduction/substitution failed:
[1.463s] [01m[K/home/zoellickhan/Code/ws_testROS/src/test_serialdriver/src/test_write.cpp:101:22:[m[K [01;36m[Knote: [m[K  â€˜[01m[Kstd::chrono::duration<long int, std::ratio<1, 1000000000> >[m[Kâ€™ is not derived from â€˜[01m[Kconst std::__cxx11::basic_string<_CharT, _Traits, _Allocator>[m[Kâ€™
[1.463s]   101 |         if(period != [01;36m[K0[m[K) throughput = sum/period;
[1.463s]       |                      [01;36m[K^[m[K
[1.463s] In file included from [01m[K/usr/include/c++/11/future:47[m[K,
[1.463s]                  from [01m[K/opt/ros/humble/include/rclcpp/rclcpp/executors.hpp:18[m[K,
[1.463s]                  from [01m[K/opt/ros/humble/include/rclcpp/rclcpp/rclcpp.hpp:155[m[K,
[1.463s]                  from [01m[K/home/zoellickhan/Code/ws_testROS/src/test_serialdriver/src/test_write.cpp:2[m[K:
[1.463s] [01m[K/usr/include/c++/11/bits/std_function.h:737:5:[m[K [01;36m[Knote: [m[Kcandidate: â€˜[01m[Ktemplate<class _Res, class ... _Args> bool std::operator!=(const std::function<_Res(_ArgTypes ...)>&, std::nullptr_t)[m[Kâ€™
[1.463s]   737 |     [01;36m[Koperator[m[K!=(const function<_Res(_Args...)>& __f, nullptr_t) noexcept
[1.463s]       |     [01;36m[K^~~~~~~~[m[K
[1.463s] [01m[K/usr/include/c++/11/bits/std_function.h:737:5:[m[K [01;36m[Knote: [m[K  template argument deduction/substitution failed:
[1.463s] [01m[K/home/zoellickhan/Code/ws_testROS/src/test_serialdriver/src/test_write.cpp:101:22:[m[K [01;36m[Knote: [m[K  â€˜[01m[Kstd::chrono::duration<long int, std::ratio<1, 1000000000> >[m[Kâ€™ is not derived from â€˜[01m[Kconst std::function<_Res(_ArgTypes ...)>[m[Kâ€™
[1.463s]   101 |         if(period != [01;36m[K0[m[K) throughput = sum/period;
[1.463s]       |                      [01;36m[K^[m[K
[1.463s] In file included from [01m[K/usr/include/c++/11/future:47[m[K,
[1.463s]                  from [01m[K/opt/ros/humble/include/rclcpp/rclcpp/executors.hpp:18[m[K,
[1.463s]                  from [01m[K/opt/ros/humble/include/rclcpp/rclcpp/rclcpp.hpp:155[m[K,
[1.464s]                  from [01m[K/home/zoellickhan/Code/ws_testROS/src/test_serialdriver/src/test_write.cpp:2[m[K:
[1.464s] [01m[K/usr/include/c++/11/bits/std_function.h:743:5:[m[K [01;36m[Knote: [m[Kcandidate: â€˜[01m[Ktemplate<class _Res, class ... _Args> bool std::operator!=(std::nullptr_t, const std::function<_Res(_ArgTypes ...)>&)[m[Kâ€™
[1.464s]   743 |     [01;36m[Koperator[m[K!=(nullptr_t, const function<_Res(_Args...)>& __f) noexcept
[1.464s]       |     [01;36m[K^~~~~~~~[m[K
[1.464s] [01m[K/usr/include/c++/11/bits/std_function.h:743:5:[m[K [01;36m[Knote: [m[K  template argument deduction/substitution failed:
[1.464s] [01m[K/home/zoellickhan/Code/ws_testROS/src/test_serialdriver/src/test_write.cpp:101:22:[m[K [01;36m[Knote: [m[K  mismatched types â€˜[01m[Kconst std::function<_Res(_ArgTypes ...)>[m[Kâ€™ and â€˜[01m[Kint[m[Kâ€™
[1.464s]   101 |         if(period != [01;36m[K0[m[K) throughput = sum/period;
[1.464s]       |                      [01;36m[K^[m[K
[1.464s] In file included from [01m[K/usr/include/c++/11/set:61[m[K,
[1.464s]                  from [01m[K/opt/ros/humble/include/rclcpp/rclcpp/executors/multi_threaded_executor.hpp:21[m[K,
[1.464s]                  from [01m[K/opt/ros/humble/include/rclcpp/rclcpp/executors.hpp:21[m[K,
[1.464s]                  from [01m[K/opt/ros/humble/include/rclcpp/rclcpp/rclcpp.hpp:155[m[K,
[1.464s]                  from [01m[K/home/zoellickhan/Code/ws_testROS/src/test_serialdriver/src/test_write.cpp:2[m[K:
[1.464s] [01m[K/usr/include/c++/11/bits/stl_set.h:1030:5:[m[K [01;36m[Knote: [m[Kcandidate: â€˜[01m[Ktemplate<class _Key, class _Compare, class _Alloc> bool std::operator!=(const std::set<_Key, _Compare, _Allocator>&, const std::set<_Key, _Compare, _Allocator>&)[m[Kâ€™
[1.464s]  1030 |     [01;36m[Koperator[m[K!=(const set<_Key, _Compare, _Alloc>& __x,
[1.464s]       |     [01;36m[K^~~~~~~~[m[K
[1.464s] [01m[K/usr/include/c++/11/bits/stl_set.h:1030:5:[m[K [01;36m[Knote: [m[K  template argument deduction/substitution failed:
[1.465s] [01m[K/home/zoellickhan/Code/ws_testROS/src/test_serialdriver/src/test_write.cpp:101:22:[m[K [01;36m[Knote: [m[K  â€˜[01m[Kstd::chrono::duration<long int, std::ratio<1, 1000000000> >[m[Kâ€™ is not derived from â€˜[01m[Kconst std::set<_Key, _Compare, _Allocator>[m[Kâ€™
[1.465s]   101 |         if(period != [01;36m[K0[m[K) throughput = sum/period;
[1.465s]       |                      [01;36m[K^[m[K
[1.465s] In file included from [01m[K/usr/include/c++/11/set:62[m[K,
[1.465s]                  from [01m[K/opt/ros/humble/include/rclcpp/rclcpp/executors/multi_threaded_executor.hpp:21[m[K,
[1.465s]                  from [01m[K/opt/ros/humble/include/rclcpp/rclcpp/executors.hpp:21[m[K,
[1.465s]                  from [01m[K/opt/ros/humble/include/rclcpp/rclcpp/rclcpp.hpp:155[m[K,
[1.465s]                  from [01m[K/home/zoellickhan/Code/ws_testROS/src/test_serialdriver/src/test_write.cpp:2[m[K:
[1.465s] [01m[K/usr/include/c++/11/bits/stl_multiset.h:1016:5:[m[K [01;36m[Knote: [m[Kcandidate: â€˜[01m[Ktemplate<class _Key, class _Compare, class _Alloc> bool std::operator!=(const std::multiset<_Key, _Compare, _Allocator>&, const std::multiset<_Key, _Compare, _Allocator>&)[m[Kâ€™
[1.465s]  1016 |     [01;36m[Koperator[m[K!=(const multiset<_Key, _Compare, _Alloc>& __x,
[1.465s]       |     [01;36m[K^~~~~~~~[m[K
[1.465s] [01m[K/usr/include/c++/11/bits/stl_multiset.h:1016:5:[m[K [01;36m[Knote: [m[K  template argument deduction/substitution failed:
[1.465s] [01m[K/home/zoellickhan/Code/ws_testROS/src/test_serialdriver/src/test_write.cpp:101:22:[m[K [01;36m[Knote: [m[K  â€˜[01m[Kstd::chrono::duration<long int, std::ratio<1, 1000000000> >[m[Kâ€™ is not derived from â€˜[01m[Kconst std::multiset<_Key, _Compare, _Allocator>[m[Kâ€™
[1.465s]   101 |         if(period != [01;36m[K0[m[K) throughput = sum/period;
[1.465s]       |                      [01;36m[K^[m[K
[1.465s] In file included from [01m[K/usr/include/c++/11/unordered_map:47[m[K,
[1.465s]                  from [01m[K/opt/ros/humble/include/rclcpp/rclcpp/executors/multi_threaded_executor.hpp:23[m[K,
[1.465s]                  from [01m[K/opt/ros/humble/include/rclcpp/rclcpp/executors.hpp:21[m[K,
[1.466s]                  from [01m[K/opt/ros/humble/include/rclcpp/rclcpp/rclcpp.hpp:155[m[K,
[1.466s]                  from [01m[K/home/zoellickhan/Code/ws_testROS/src/test_serialdriver/src/test_write.cpp:2[m[K:
[1.466s] [01m[K/usr/include/c++/11/bits/unordered_map.h:2141:5:[m[K [01;36m[Knote: [m[Kcandidate: â€˜[01m[Ktemplate<class _Key, class _Tp, class _Hash, class _Pred, class _Alloc> bool std::operator!=(const std::unordered_map<_Key1, _Tp1, _Hash1, _Pred1, _Alloc1>&, const std::unordered_map<_Key1, _Tp1, _Hash1, _Pred1, _Alloc1>&)[m[Kâ€™
[1.466s]  2141 |     [01;36m[Koperator[m[K!=(const unordered_map<_Key, _Tp, _Hash, _Pred, _Alloc>& __x,
[1.466s]       |     [01;36m[K^~~~~~~~[m[K
[1.466s] [01m[K/usr/include/c++/11/bits/unordered_map.h:2141:5:[m[K [01;36m[Knote: [m[K  template argument deduction/substitution failed:
[1.466s] [01m[K/home/zoellickhan/Code/ws_testROS/src/test_serialdriver/src/test_write.cpp:101:22:[m[K [01;36m[Knote: [m[K  â€˜[01m[Kstd::chrono::duration<long int, std::ratio<1, 1000000000> >[m[Kâ€™ is not derived from â€˜[01m[Kconst std::unordered_map<_Key1, _Tp1, _Hash1, _Pred1, _Alloc1>[m[Kâ€™
[1.466s]   101 |         if(period != [01;36m[K0[m[K) throughput = sum/period;
[1.466s]       |                      [01;36m[K^[m[K
[1.466s] In file included from [01m[K/usr/include/c++/11/unordered_map:47[m[K,
[1.466s]                  from [01m[K/opt/ros/humble/include/rclcpp/rclcpp/executors/multi_threaded_executor.hpp:23[m[K,
[1.466s]                  from [01m[K/opt/ros/humble/include/rclcpp/rclcpp/executors.hpp:21[m[K,
[1.466s]                  from [01m[K/opt/ros/humble/include/rclcpp/rclcpp/rclcpp.hpp:155[m[K,
[1.466s]                  from [01m[K/home/zoellickhan/Code/ws_testROS/src/test_serialdriver/src/test_write.cpp:2[m[K:
[1.466s] [01m[K/usr/include/c++/11/bits/unordered_map.h:2155:5:[m[K [01;36m[Knote: [m[Kcandidate: â€˜[01m[Ktemplate<class _Key, class _Tp, class _Hash, class _Pred, class _Alloc> bool std::operator!=(const std::unordered_multimap<_Key1, _Tp1, _Hash1, _Pred1, _Alloc1>&, const std::unordered_multimap<_Key1, _Tp1, _Hash1, _Pred1, _Alloc1>&)[m[Kâ€™
[1.466s]  2155 |     [01;36m[Koperator[m[K!=(const unordered_multimap<_Key, _Tp, _Hash, _Pred, _Alloc>& __x,
[1.466s]       |     [01;36m[K^~~~~~~~[m[K
[1.466s] [01m[K/usr/include/c++/11/bits/unordered_map.h:2155:5:[m[K [01;36m[Knote: [m[K  template argument deduction/substitution failed:
[1.467s] [01m[K/home/zoellickhan/Code/ws_testROS/src/test_serialdriver/src/test_write.cpp:101:22:[m[K [01;36m[Knote: [m[K  â€˜[01m[Kstd::chrono::duration<long int, std::ratio<1, 1000000000> >[m[Kâ€™ is not derived from â€˜[01m[Kconst std::unordered_multimap<_Key1, _Tp1, _Hash1, _Pred1, _Alloc1>[m[Kâ€™
[1.467s]   101 |         if(period != [01;36m[K0[m[K) throughput = sum/period;
[1.467s]       |                      [01;36m[K^[m[K
[1.467s] In file included from [01m[K/usr/include/c++/11/vector:67[m[K,
[1.467s]                  from [01m[K/usr/include/c++/11/functional:62[m[K,
[1.467s]                  from [01m[K/usr/include/c++/11/pstl/glue_algorithm_defs.h:13[m[K,
[1.467s]                  from [01m[K/usr/include/c++/11/algorithm:74[m[K,
[1.467s]                  from [01m[K/opt/ros/humble/include/rclcpp/rclcpp/executor.hpp:18[m[K,
[1.467s]                  from [01m[K/opt/ros/humble/include/rclcpp/rclcpp/executors/multi_threaded_executor.hpp:25[m[K,
[1.467s]                  from [01m[K/opt/ros/humble/include/rclcpp/rclcpp/executors.hpp:21[m[K,
[1.467s]                  from [01m[K/opt/ros/humble/include/rclcpp/rclcpp/rclcpp.hpp:155[m[K,
[1.467s]                  from [01m[K/home/zoellickhan/Code/ws_testROS/src/test_serialdriver/src/test_write.cpp:2[m[K:
[1.467s] [01m[K/usr/include/c++/11/bits/stl_vector.h:1937:5:[m[K [01;36m[Knote: [m[Kcandidate: â€˜[01m[Ktemplate<class _Tp, class _Alloc> bool std::operator!=(const std::vector<_Tp, _Alloc>&, const std::vector<_Tp, _Alloc>&)[m[Kâ€™
[1.467s]  1937 |     [01;36m[Koperator[m[K!=(const vector<_Tp, _Alloc>& __x, const vector<_Tp, _Alloc>& __y)
[1.467s]       |     [01;36m[K^~~~~~~~[m[K
[1.467s] [01m[K/usr/include/c++/11/bits/stl_vector.h:1937:5:[m[K [01;36m[Knote: [m[K  template argument deduction/substitution failed:
[1.467s] [01m[K/home/zoellickhan/Code/ws_testROS/src/test_serialdriver/src/test_write.cpp:101:22:[m[K [01;36m[Knote: [m[K  â€˜[01m[Kstd::chrono::duration<long int, std::ratio<1, 1000000000> >[m[Kâ€™ is not derived from â€˜[01m[Kconst std::vector<_Tp, _Alloc>[m[Kâ€™
[1.467s]   101 |         if(period != [01;36m[K0[m[K) throughput = sum/period;
[1.468s]       |                      [01;36m[K^[m[K
[1.468s] In file included from [01m[K/usr/include/c++/11/bits/locale_facets.h:48[m[K,
[1.468s]                  from [01m[K/usr/include/c++/11/bits/basic_ios.h:37[m[K,
[1.468s]                  from [01m[K/usr/include/c++/11/ios:44[m[K,
[1.468s]                  from [01m[K/usr/include/c++/11/ostream:38[m[K,
[1.468s]                  from [01m[K/usr/include/c++/11/iostream:39[m[K,
[1.468s]                  from [01m[K/opt/ros/humble/include/rclcpp/rclcpp/executor.hpp:22[m[K,
[1.468s]                  from [01m[K/opt/ros/humble/include/rclcpp/rclcpp/executors/multi_threaded_executor.hpp:25[m[K,
[1.468s]                  from [01m[K/opt/ros/humble/include/rclcpp/rclcpp/executors.hpp:21[m[K,
[1.468s]                  from [01m[K/opt/ros/humble/include/rclcpp/rclcpp/rclcpp.hpp:155[m[K,
[1.468s]                  from [01m[K/home/zoellickhan/Code/ws_testROS/src/test_serialdriver/src/test_write.cpp:2[m[K:
[1.468s] [01m[K/usr/include/c++/11/bits/streambuf_iterator.h:232:5:[m[K [01;36m[Knote: [m[Kcandidate: â€˜[01m[Ktemplate<class _CharT, class _Traits> bool std::operator!=(const std::istreambuf_iterator<_CharT, _Traits>&, const std::istreambuf_iterator<_CharT, _Traits>&)[m[Kâ€™
[1.468s]   232 |     [01;36m[Koperator[m[K!=(const istreambuf_iterator<_CharT, _Traits>& __a,
[1.468s]       |     [01;36m[K^~~~~~~~[m[K
[1.468s] [01m[K/usr/include/c++/11/bits/streambuf_iterator.h:232:5:[m[K [01;36m[Knote: [m[K  template argument deduction/substitution failed:
[1.468s] [01m[K/home/zoellickhan/Code/ws_testROS/src/test_serialdriver/src/test_write.cpp:101:22:[m[K [01;36m[Knote: [m[K  â€˜[01m[Kstd::chrono::duration<long int, std::ratio<1, 1000000000> >[m[Kâ€™ is not derived from â€˜[01m[Kconst std::istreambuf_iterator<_CharT, _Traits>[m[Kâ€™
[1.468s]   101 |         if(period != [01;36m[K0[m[K) throughput = sum/period;
[1.469s]       |                      [01;36m[K^[m[K
[1.469s] In file included from [01m[K/usr/include/c++/11/list:63[m[K,
[1.469s]                  from [01m[K/opt/ros/humble/include/rclcpp/rclcpp/executor.hpp:23[m[K,
[1.469s]                  from [01m[K/opt/ros/humble/include/rclcpp/rclcpp/executors/multi_threaded_executor.hpp:25[m[K,
[1.469s]                  from [01m[K/opt/ros/humble/include/rclcpp/rclcpp/executors.hpp:21[m[K,
[1.469s]                  from [01m[K/opt/ros/humble/include/rclcpp/rclcpp/rclcpp.hpp:155[m[K,
[1.469s]                  from [01m[K/home/zoellickhan/Code/ws_testROS/src/test_serialdriver/src/test_write.cpp:2[m[K:
[1.469s] [01m[K/usr/include/c++/11/bits/stl_list.h:2092:5:[m[K [01;36m[Knote: [m[Kcandidate: â€˜[01m[Ktemplate<class _Tp, class _Alloc> bool std::operator!=(const std::__cxx11::list<_Tp, _Alloc>&, const std::__cxx11::list<_Tp, _Alloc>&)[m[Kâ€™
[1.469s]  2092 |     [01;36m[Koperator[m[K!=(const list<_Tp, _Alloc>& __x, const list<_Tp, _Alloc>& __y)
[1.469s]       |     [01;36m[K^~~~~~~~[m[K
[1.469s] [01m[K/usr/include/c++/11/bits/stl_list.h:2092:5:[m[K [01;36m[Knote: [m[K  template argument deduction/substitution failed:
[1.469s] [01m[K/home/zoellickhan/Code/ws_testROS/src/test_serialdriver/src/test_write.cpp:101:22:[m[K [01;36m[Knote: [m[K  â€˜[01m[Kstd::chrono::duration<long int, std::ratio<1, 1000000000> >[m[Kâ€™ is not derived from â€˜[01m[Kconst std::__cxx11::list<_Tp, _Alloc>[m[Kâ€™
[1.469s]   101 |         if(period != [01;36m[K0[m[K) throughput = sum/period;
[1.469s]       |                      [01;36m[K^[m[K
[1.469s] In file included from [01m[K/usr/include/c++/11/map:61[m[K,
[1.469s]                  from [01m[K/opt/ros/humble/include/rclcpp/rclcpp/executor.hpp:24[m[K,
[1.469s]                  from [01m[K/opt/ros/humble/include/rclcpp/rclcpp/executors/multi_threaded_executor.hpp:25[m[K,
[1.469s]                  from [01m[K/opt/ros/humble/include/rclcpp/rclcpp/executors.hpp:21[m[K,
[1.470s]                  from [01m[K/opt/ros/humble/include/rclcpp/rclcpp/rclcpp.hpp:155[m[K,
[1.470s]                  from [01m[K/home/zoellickhan/Code/ws_testROS/src/test_serialdriver/src/test_write.cpp:2[m[K:
[1.470s] [01m[K/usr/include/c++/11/bits/stl_map.h:1508:5:[m[K [01;36m[Knote: [m[Kcandidate: â€˜[01m[Ktemplate<class _Key, class _Tp, class _Compare, class _Alloc> bool std::operator!=(const std::map<_Key, _Tp, _Compare, _Allocator>&, const std::map<_Key, _Tp, _Compare, _Allocator>&)[m[Kâ€™
[1.470s]  1508 |     [01;36m[Koperator[m[K!=(const map<_Key, _Tp, _Compare, _Alloc>& __x,
[1.470s]       |     [01;36m[K^~~~~~~~[m[K
[1.470s] [01m[K/usr/include/c++/11/bits/stl_map.h:1508:5:[m[K [01;36m[Knote: [m[K  template argument deduction/substitution failed:
[1.470s] [01m[K/home/zoellickhan/Code/ws_testROS/src/test_serialdriver/src/test_write.cpp:101:22:[m[K [01;36m[Knote: [m[K  â€˜[01m[Kstd::chrono::duration<long int, std::ratio<1, 1000000000> >[m[Kâ€™ is not derived from â€˜[01m[Kconst std::map<_Key, _Tp, _Compare, _Allocator>[m[Kâ€™
[1.470s]   101 |         if(period != [01;36m[K0[m[K) throughput = sum/period;
[1.470s]       |                      [01;36m[K^[m[K
[1.470s] In file included from [01m[K/usr/include/c++/11/map:62[m[K,
[1.470s]                  from [01m[K/opt/ros/humble/include/rclcpp/rclcpp/executor.hpp:24[m[K,
[1.470s]                  from [01m[K/opt/ros/humble/include/rclcpp/rclcpp/executors/multi_threaded_executor.hpp:25[m[K,
[1.470s]                  from [01m[K/opt/ros/humble/include/rclcpp/rclcpp/executors.hpp:21[m[K,
[1.470s]                  from [01m[K/opt/ros/humble/include/rclcpp/rclcpp/rclcpp.hpp:155[m[K,
[1.470s]                  from [01m[K/home/zoellickhan/Code/ws_testROS/src/test_serialdriver/src/test_write.cpp:2[m[K:
[1.470s] [01m[K/usr/include/c++/11/bits/stl_multimap.h:1173:5:[m[K [01;36m[Knote: [m[Kcandidate: â€˜[01m[Ktemplate<class _Key, class _Tp, class _Compare, class _Alloc> bool std::operator!=(const std::multimap<_Key, _Tp, _Compare, _Allocator>&, const std::multimap<_Key, _Tp, _Compare, _Allocator>&)[m[Kâ€™
[1.470s]  1173 |     [01;36m[Koperator[m[K!=(const multimap<_Key, _Tp, _Compare, _Alloc>& __x,
[1.470s]       |     [01;36m[K^~~~~~~~[m[K
[1.471s] [01m[K/usr/include/c++/11/bits/stl_multimap.h:1173:5:[m[K [01;36m[Knote: [m[K  template argument deduction/substitution failed:
[1.471s] [01m[K/home/zoellickhan/Code/ws_testROS/src/test_serialdriver/src/test_write.cpp:101:22:[m[K [01;36m[Knote: [m[K  â€˜[01m[Kstd::chrono::duration<long int, std::ratio<1, 1000000000> >[m[Kâ€™ is not derived from â€˜[01m[Kconst std::multimap<_Key, _Tp, _Compare, _Allocator>[m[Kâ€™
[1.471s]   101 |         if(period != [01;36m[K0[m[K) throughput = sum/period;
[1.471s]       |                      [01;36m[K^[m[K
[1.471s] In file included from [01m[K/usr/include/c++/11/unordered_set:47[m[K,
[1.471s]                  from [01m[K/opt/ros/humble/include/rclcpp/rclcpp/context.hpp:26[m[K,
[1.471s]                  from [01m[K/opt/ros/humble/include/rclcpp/rclcpp/executor.hpp:34[m[K,
[1.471s]                  from [01m[K/opt/ros/humble/include/rclcpp/rclcpp/executors/multi_threaded_executor.hpp:25[m[K,
[1.471s]                  from [01m[K/opt/ros/humble/include/rclcpp/rclcpp/executors.hpp:21[m[K,
[1.471s]                  from [01m[K/opt/ros/humble/include/rclcpp/rclcpp/rclcpp.hpp:155[m[K,
[1.471s]                  from [01m[K/home/zoellickhan/Code/ws_testROS/src/test_serialdriver/src/test_write.cpp:2[m[K:
[1.471s] [01m[K/usr/include/c++/11/bits/unordered_set.h:1811:5:[m[K [01;36m[Knote: [m[Kcandidate: â€˜[01m[Ktemplate<class _Value, class _Hash, class _Pred, class _Alloc> bool std::operator!=(const std::unordered_set<_Value1, _Hash1, _Pred1, _Alloc1>&, const std::unordered_set<_Value1, _Hash1, _Pred1, _Alloc1>&)[m[Kâ€™
[1.471s]  1811 |     [01;36m[Koperator[m[K!=(const unordered_set<_Value, _Hash, _Pred, _Alloc>& __x,
[1.471s]       |     [01;36m[K^~~~~~~~[m[K
[1.471s] [01m[K/usr/include/c++/11/bits/unordered_set.h:1811:5:[m[K [01;36m[Knote: [m[K  template argument deduction/substitution failed:
[1.471s] [01m[K/home/zoellickhan/Code/ws_testROS/src/test_serialdriver/src/test_write.cpp:101:22:[m[K [01;36m[Knote: [m[K  â€˜[01m[Kstd::chrono::duration<long int, std::ratio<1, 1000000000> >[m[Kâ€™ is not derived from â€˜[01m[Kconst std::unordered_set<_Value1, _Hash1, _Pred1, _Alloc1>[m[Kâ€™
[1.471s]   101 |         if(period != [01;36m[K0[m[K) throughput = sum/period;
[1.471s]       |                      [01;36m[K^[m[K
[1.472s] In file included from [01m[K/usr/include/c++/11/unordered_set:47[m[K,
[1.472s]                  from [01m[K/opt/ros/humble/include/rclcpp/rclcpp/context.hpp:26[m[K,
[1.472s]                  from [01m[K/opt/ros/humble/include/rclcpp/rclcpp/executor.hpp:34[m[K,
[1.472s]                  from [01m[K/opt/ros/humble/include/rclcpp/rclcpp/executors/multi_threaded_executor.hpp:25[m[K,
[1.472s]                  from [01m[K/opt/ros/humble/include/rclcpp/rclcpp/executors.hpp:21[m[K,
[1.472s]                  from [01m[K/opt/ros/humble/include/rclcpp/rclcpp/rclcpp.hpp:155[m[K,
[1.472s]                  from [01m[K/home/zoellickhan/Code/ws_testROS/src/test_serialdriver/src/test_write.cpp:2[m[K:
[1.472s] [01m[K/usr/include/c++/11/bits/unordered_set.h:1825:5:[m[K [01;36m[Knote: [m[Kcandidate: â€˜[01m[Ktemplate<class _Value, class _Hash, class _Pred, class _Alloc> bool std::operator!=(const std::unordered_multiset<_Value1, _Hash1, _Pred1, _Alloc1>&, const std::unordered_multiset<_Value1, _Hash1, _Pred1, _Alloc1>&)[m[Kâ€™
[1.472s]  1825 |     [01;36m[Koperator[m[K!=(const unordered_multiset<_Value, _Hash, _Pred, _Alloc>& __x,
[1.472s]       |     [01;36m[K^~~~~~~~[m[K
[1.472s] [01m[K/usr/include/c++/11/bits/unordered_set.h:1825:5:[m[K [01;36m[Knote: [m[K  template argument deduction/substitution failed:
[1.472s] [01m[K/home/zoellickhan/Code/ws_testROS/src/test_serialdriver/src/test_write.cpp:101:22:[m[K [01;36m[Knote: [m[K  â€˜[01m[Kstd::chrono::duration<long int, std::ratio<1, 1000000000> >[m[Kâ€™ is not derived from â€˜[01m[Kconst std::unordered_multiset<_Value1, _Hash1, _Pred1, _Alloc1>[m[Kâ€™
[1.472s]   101 |         if(period != [01;36m[K0[m[K) throughput = sum/period;
[1.472s]       |                      [01;36m[K^[m[K
[1.472s] In file included from [01m[K/opt/ros/humble/include/rclcpp/rclcpp/client.hpp:23[m[K,
[1.472s]                  from [01m[K/opt/ros/humble/include/rclcpp/rclcpp/callback_group.hpp:24[m[K,
[1.472s]                  from [01m[K/opt/ros/humble/include/rclcpp/rclcpp/any_executable.hpp:20[m[K,
[1.472s]                  from [01m[K/opt/ros/humble/include/rclcpp/rclcpp/memory_strategy.hpp:25[m[K,
[1.473s]                  from [01m[K/opt/ros/humble/include/rclcpp/rclcpp/memory_strategies.hpp:18[m[K,
[1.473s]                  from [01m[K/opt/ros/humble/include/rclcpp/rclcpp/executor_options.hpp:20[m[K,
[1.473s]                  from [01m[K/opt/ros/humble/include/rclcpp/rclcpp/executor.hpp:37[m[K,
[1.473s]                  from [01m[K/opt/ros/humble/include/rclcpp/rclcpp/executors/multi_threaded_executor.hpp:25[m[K,
[1.473s]                  from [01m[K/opt/ros/humble/include/rclcpp/rclcpp/executors.hpp:21[m[K,
[1.473s]                  from [01m[K/opt/ros/humble/include/rclcpp/rclcpp/rclcpp.hpp:155[m[K,
[1.473s]                  from [01m[K/home/zoellickhan/Code/ws_testROS/src/test_serialdriver/src/test_write.cpp:2[m[K:
[1.473s] [01m[K/usr/include/c++/11/optional:1054:5:[m[K [01;36m[Knote: [m[Kcandidate: â€˜[01m[Ktemplate<class _Tp, class _Up> constexpr std::__optional_ne_t<_Tp, _Up> std::operator!=(const std::optional<_Tp>&, const std::optional<_Up>&)[m[Kâ€™
[1.473s]  1054 |     [01;36m[Koperator[m[K!=(const optional<_Tp>& __lhs, const optional<_Up>& __rhs)
[1.473s]       |     [01;36m[K^~~~~~~~[m[K
[1.473s] [01m[K/usr/include/c++/11/optional:1054:5:[m[K [01;36m[Knote: [m[K  template argument deduction/substitution failed:
[1.473s] [01m[K/home/zoellickhan/Code/ws_testROS/src/test_serialdriver/src/test_write.cpp:101:22:[m[K [01;36m[Knote: [m[K  â€˜[01m[Kstd::chrono::duration<long int, std::ratio<1, 1000000000> >[m[Kâ€™ is not derived from â€˜[01m[Kconst std::optional<_Tp>[m[Kâ€™
[1.473s]   101 |         if(period != [01;36m[K0[m[K) throughput = sum/period;
[1.473s]       |                      [01;36m[K^[m[K
[1.473s] In file included from [01m[K/opt/ros/humble/include/rclcpp/rclcpp/client.hpp:23[m[K,
[1.473s]                  from [01m[K/opt/ros/humble/include/rclcpp/rclcpp/callback_group.hpp:24[m[K,
[1.473s]                  from [01m[K/opt/ros/humble/include/rclcpp/rclcpp/any_executable.hpp:20[m[K,
[1.473s]                  from [01m[K/opt/ros/humble/include/rclcpp/rclcpp/memory_strategy.hpp:25[m[K,
[1.474s]                  from [01m[K/opt/ros/humble/include/rclcpp/rclcpp/memory_strategies.hpp:18[m[K,
[1.474s]                  from [01m[K/opt/ros/humble/include/rclcpp/rclcpp/executor_options.hpp:20[m[K,
[1.474s]                  from [01m[K/opt/ros/humble/include/rclcpp/rclcpp/executor.hpp:37[m[K,
[1.474s]                  from [01m[K/opt/ros/humble/include/rclcpp/rclcpp/executors/multi_threaded_executor.hpp:25[m[K,
[1.474s]                  from [01m[K/opt/ros/humble/include/rclcpp/rclcpp/executors.hpp:21[m[K,
[1.474s]                  from [01m[K/opt/ros/humble/include/rclcpp/rclcpp/rclcpp.hpp:155[m[K,
[1.474s]                  from [01m[K/home/zoellickhan/Code/ws_testROS/src/test_serialdriver/src/test_write.cpp:2[m[K:
[1.474s] [01m[K/usr/include/c++/11/optional:1121:5:[m[K [01;36m[Knote: [m[Kcandidate: â€˜[01m[Ktemplate<class _Tp> constexpr bool std::operator!=(const std::optional<_Tp>&, std::nullopt_t)[m[Kâ€™
[1.474s]  1121 |     [01;36m[Koperator[m[K!=(const optional<_Tp>& __lhs, nullopt_t) noexcept
[1.474s]       |     [01;36m[K^~~~~~~~[m[K
[1.474s] [01m[K/usr/include/c++/11/optional:1121:5:[m[K [01;36m[Knote: [m[K  template argument deduction/substitution failed:
[1.474s] [01m[K/home/zoellickhan/Code/ws_testROS/src/test_serialdriver/src/test_write.cpp:101:22:[m[K [01;36m[Knote: [m[K  â€˜[01m[Kstd::chrono::duration<long int, std::ratio<1, 1000000000> >[m[Kâ€™ is not derived from â€˜[01m[Kconst std::optional<_Tp>[m[Kâ€™
[1.474s]   101 |         if(period != [01;36m[K0[m[K) throughput = sum/period;
[1.474s]       |                      [01;36m[K^[m[K
[1.474s] In file included from [01m[K/opt/ros/humble/include/rclcpp/rclcpp/client.hpp:23[m[K,
[1.474s]                  from [01m[K/opt/ros/humble/include/rclcpp/rclcpp/callback_group.hpp:24[m[K,
[1.474s]                  from [01m[K/opt/ros/humble/include/rclcpp/rclcpp/any_executable.hpp:20[m[K,
[1.475s]                  from [01m[K/opt/ros/humble/include/rclcpp/rclcpp/memory_strategy.hpp:25[m[K,
[1.475s]                  from [01m[K/opt/ros/humble/include/rclcpp/rclcpp/memory_strategies.hpp:18[m[K,
[1.475s]                  from [01m[K/opt/ros/humble/include/rclcpp/rclcpp/executor_options.hpp:20[m[K,
[1.475s]                  from [01m[K/opt/ros/humble/include/rclcpp/rclcpp/executor.hpp:37[m[K,
[1.475s]                  from [01m[K/opt/ros/humble/include/rclcpp/rclcpp/executors/multi_threaded_executor.hpp:25[m[K,
[1.475s]                  from [01m[K/opt/ros/humble/include/rclcpp/rclcpp/executors.hpp:21[m[K,
[1.475s]                  from [01m[K/opt/ros/humble/include/rclcpp/rclcpp/rclcpp.hpp:155[m[K,
[1.475s]                  from [01m[K/home/zoellickhan/Code/ws_testROS/src/test_serialdriver/src/test_write.cpp:2[m[K:
[1.475s] [01m[K/usr/include/c++/11/optional:1126:5:[m[K [01;36m[Knote: [m[Kcandidate: â€˜[01m[Ktemplate<class _Tp> constexpr bool std::operator!=(std::nullopt_t, const std::optional<_Tp>&)[m[Kâ€™
[1.475s]  1126 |     [01;36m[Koperator[m[K!=(nullopt_t, const optional<_Tp>& __rhs) noexcept
[1.475s]       |     [01;36m[K^~~~~~~~[m[K
[1.475s] [01m[K/usr/include/c++/11/optional:1126:5:[m[K [01;36m[Knote: [m[K  template argument deduction/substitution failed:
[1.475s] [01m[K/home/zoellickhan/Code/ws_testROS/src/test_serialdriver/src/test_write.cpp:101:22:[m[K [01;36m[Knote: [m[K  mismatched types â€˜[01m[Kconst std::optional<_Tp>[m[Kâ€™ and â€˜[01m[Kint[m[Kâ€™
[1.475s]   101 |         if(period != [01;36m[K0[m[K) throughput = sum/period;
[1.475s]       |                      [01;36m[K^[m[K
[1.475s] In file included from [01m[K/opt/ros/humble/include/rclcpp/rclcpp/client.hpp:23[m[K,
[1.475s]                  from [01m[K/opt/ros/humble/include/rclcpp/rclcpp/callback_group.hpp:24[m[K,
[1.475s]                  from [01m[K/opt/ros/humble/include/rclcpp/rclcpp/any_executable.hpp:20[m[K,
[1.476s]                  from [01m[K/opt/ros/humble/include/rclcpp/rclcpp/memory_strategy.hpp:25[m[K,
[1.476s]                  from [01m[K/opt/ros/humble/include/rclcpp/rclcpp/memory_strategies.hpp:18[m[K,
[1.476s]                  from [01m[K/opt/ros/humble/include/rclcpp/rclcpp/executor_options.hpp:20[m[K,
[1.476s]                  from [01m[K/opt/ros/humble/include/rclcpp/rclcpp/executor.hpp:37[m[K,
[1.476s]                  from [01m[K/opt/ros/humble/include/rclcpp/rclcpp/executors/multi_threaded_executor.hpp:25[m[K,
[1.476s]                  from [01m[K/opt/ros/humble/include/rclcpp/rclcpp/executors.hpp:21[m[K,
[1.476s]                  from [01m[K/opt/ros/humble/include/rclcpp/rclcpp/rclcpp.hpp:155[m[K,
[1.476s]                  from [01m[K/home/zoellickhan/Code/ws_testROS/src/test_serialdriver/src/test_write.cpp:2[m[K:
[1.476s] [01m[K/usr/include/c++/11/optional:1185:5:[m[K [01;36m[Knote: [m[Kcandidate: â€˜[01m[Ktemplate<class _Tp, class _Up> constexpr std::__optional_ne_t<_Tp, _Up> std::operator!=(const std::optional<_Tp>&, const _Up&)[m[Kâ€™
[1.476s]  1185 |     [01;36m[Koperator[m[K!=(const optional<_Tp>& __lhs, const _Up& __rhs)
[1.476s]       |     [01;36m[K^~~~~~~~[m[K
[1.476s] [01m[K/usr/include/c++/11/optional:1185:5:[m[K [01;36m[Knote: [m[K  template argument deduction/substitution failed:
[1.476s] [01m[K/home/zoellickhan/Code/ws_testROS/src/test_serialdriver/src/test_write.cpp:101:22:[m[K [01;36m[Knote: [m[K  â€˜[01m[Kstd::chrono::duration<long int, std::ratio<1, 1000000000> >[m[Kâ€™ is not derived from â€˜[01m[Kconst std::optional<_Tp>[m[Kâ€™
[1.476s]   101 |         if(period != [01;36m[K0[m[K) throughput = sum/period;
[1.476s]       |                      [01;36m[K^[m[K
[1.476s] In file included from [01m[K/opt/ros/humble/include/rclcpp/rclcpp/client.hpp:23[m[K,
[1.476s]                  from [01m[K/opt/ros/humble/include/rclcpp/rclcpp/callback_group.hpp:24[m[K,
[1.477s]                  from [01m[K/opt/ros/humble/include/rclcpp/rclcpp/any_executable.hpp:20[m[K,
[1.477s]                  from [01m[K/opt/ros/humble/include/rclcpp/rclcpp/memory_strategy.hpp:25[m[K,
[1.477s]                  from [01m[K/opt/ros/humble/include/rclcpp/rclcpp/memory_strategies.hpp:18[m[K,
[1.477s]                  from [01m[K/opt/ros/humble/include/rclcpp/rclcpp/executor_options.hpp:20[m[K,
[1.477s]                  from [01m[K/opt/ros/humble/include/rclcpp/rclcpp/executor.hpp:37[m[K,
[1.477s]                  from [01m[K/opt/ros/humble/include/rclcpp/rclcpp/executors/multi_threaded_executor.hpp:25[m[K,
[1.477s]                  from [01m[K/opt/ros/humble/include/rclcpp/rclcpp/executors.hpp:21[m[K,
[1.477s]                  from [01m[K/opt/ros/humble/include/rclcpp/rclcpp/rclcpp.hpp:155[m[K,
[1.477s]                  from [01m[K/home/zoellickhan/Code/ws_testROS/src/test_serialdriver/src/test_write.cpp:2[m[K:
[1.477s] [01m[K/usr/include/c++/11/optional:1191:5:[m[K [01;36m[Knote: [m[Kcandidate: â€˜[01m[Ktemplate<class _Tp, class _Up> constexpr std::__optional_ne_t<_Up, _Tp> std::operator!=(const _Up&, const std::optional<_Tp>&)[m[Kâ€™
[1.477s]  1191 |     [01;36m[Koperator[m[K!=(const _Up& __lhs, const optional<_Tp>& __rhs)
[1.477s]       |     [01;36m[K^~~~~~~~[m[K
[1.477s] [01m[K/usr/include/c++/11/optional:1191:5:[m[K [01;36m[Knote: [m[K  template argument deduction/substitution failed:
[1.477s] [01m[K/home/zoellickhan/Code/ws_testROS/src/test_serialdriver/src/test_write.cpp:101:22:[m[K [01;36m[Knote: [m[K  mismatched types â€˜[01m[Kconst std::optional<_Tp>[m[Kâ€™ and â€˜[01m[Kint[m[Kâ€™
[1.477s]   101 |         if(period != [01;36m[K0[m[K) throughput = sum/period;
[1.477s]       |                      [01;36m[K^[m[K
[1.477s] In file included from [01m[K/opt/ros/humble/include/rclcpp/rclcpp/client.hpp:28[m[K,
[1.477s]                  from [01m[K/opt/ros/humble/include/rclcpp/rclcpp/callback_group.hpp:24[m[K,
[1.478s]                  from [01m[K/opt/ros/humble/include/rclcpp/rclcpp/any_executable.hpp:20[m[K,
[1.478s]                  from [01m[K/opt/ros/humble/include/rclcpp/rclcpp/memory_strategy.hpp:25[m[K,
[1.478s]                  from [01m[K/opt/ros/humble/include/rclcpp/rclcpp/memory_strategies.hpp:18[m[K,
[1.478s]                  from [01m[K/opt/ros/humble/include/rclcpp/rclcpp/executor_options.hpp:20[m[K,
[1.478s]                  from [01m[K/opt/ros/humble/include/rclcpp/rclcpp/executor.hpp:37[m[K,
[1.478s]                  from [01m[K/opt/ros/humble/include/rclcpp/rclcpp/executors/multi_threaded_executor.hpp:25[m[K,
[1.478s]                  from [01m[K/opt/ros/humble/include/rclcpp/rclcpp/executors.hpp:21[m[K,
[1.478s]                  from [01m[K/opt/ros/humble/include/rclcpp/rclcpp/rclcpp.hpp:155[m[K,
[1.478s]                  from [01m[K/home/zoellickhan/Code/ws_testROS/src/test_serialdriver/src/test_write.cpp:2[m[K:
[1.478s] [01m[K/usr/include/c++/11/variant:1233:3:[m[K [01;36m[Knote: [m[Kcandidate: â€˜[01m[Ktemplate<class ... _Types> constexpr bool std::operator!=(const std::variant<_Types ...>&, const std::variant<_Types ...>&)[m[Kâ€™
[1.478s]  1233 |   [01;36m[K_VARIANT_RELATION_FUNCTION_TEMPLATE[m[K(!=, not_equal)
[1.478s]       |   [01;36m[K^~~~~~~~~~~~~~~~~~~~~~~~~~~~~~~~~~~[m[K
[1.478s] [01m[K/usr/include/c++/11/variant:1233:3:[m[K [01;36m[Knote: [m[K  template argument deduction/substitution failed:
[1.478s] [01m[K/home/zoellickhan/Code/ws_testROS/src/test_serialdriver/src/test_write.cpp:101:22:[m[K [01;36m[Knote: [m[K  â€˜[01m[Kstd::chrono::duration<long int, std::ratio<1, 1000000000> >[m[Kâ€™ is not derived from â€˜[01m[Kconst std::variant<_Types ...>[m[Kâ€™
[1.478s]   101 |         if(period != [01;36m[K0[m[K) throughput = sum/period;
[1.478s]       |                      [01;36m[K^[m[K
[1.478s] In file included from [01m[K/usr/include/c++/11/mutex:39[m[K,
[1.478s]                  from [01m[K/usr/include/c++/11/future:38[m[K,
[1.479s]                  from [01m[K/opt/ros/humble/include/rclcpp/rclcpp/executors.hpp:18[m[K,
[1.479s]                  from [01m[K/opt/ros/humble/include/rclcpp/rclcpp/rclcpp.hpp:155[m[K,
[1.479s]                  from [01m[K/home/zoellickhan/Code/ws_testROS/src/test_serialdriver/src/test_write.cpp:2[m[K:
[1.479s] [01m[K/usr/include/c++/11/chrono:797:7:[m[K [01;36m[Knote: [m[Kcandidate: â€˜[01m[Ktemplate<class _Rep1, class _Period1, class _Rep2, class _Period2> constexpr bool std::chrono::operator!=(const std::chrono::duration<_Rep1, _Period1>&, const std::chrono::duration<_Rep2, _Period2>&)[m[Kâ€™
[1.479s]   797 |       [01;36m[Koperator[m[K!=(const duration<_Rep1, _Period1>& __lhs,
[1.479s]       |       [01;36m[K^~~~~~~~[m[K
[1.479s] [01m[K/usr/include/c++/11/chrono:797:7:[m[K [01;36m[Knote: [m[K  template argument deduction/substitution failed:
[1.479s] [01m[K/home/zoellickhan/Code/ws_testROS/src/test_serialdriver/src/test_write.cpp:101:22:[m[K [01;36m[Knote: [m[K  mismatched types â€˜[01m[Kconst std::chrono::duration<_Rep2, _Period2>[m[Kâ€™ and â€˜[01m[Kint[m[Kâ€™
[1.479s]   101 |         if(period != [01;36m[K0[m[K) throughput = sum/period;
[1.479s]       |                      [01;36m[K^[m[K
[1.479s] In file included from [01m[K/usr/include/c++/11/mutex:39[m[K,
[1.479s]                  from [01m[K/usr/include/c++/11/future:38[m[K,
[1.479s]                  from [01m[K/opt/ros/humble/include/rclcpp/rclcpp/executors.hpp:18[m[K,
[1.479s]                  from [01m[K/opt/ros/humble/include/rclcpp/rclcpp/rclcpp.hpp:155[m[K,
[1.479s]                  from [01m[K/home/zoellickhan/Code/ws_testROS/src/test_serialdriver/src/test_write.cpp:2[m[K:
[1.479s] [01m[K/usr/include/c++/11/chrono:1068:7:[m[K [01;36m[Knote: [m[Kcandidate: â€˜[01m[Ktemplate<class _Clock, class _Dur1, class _Dur2> constexpr bool std::chrono::operator!=(const std::chrono::time_point<_Clock, _Duration1>&, const std::chrono::time_point<_Clock, _Duration2>&)[m[Kâ€™
[1.479s]  1068 |       [01;36m[Koperator[m[K!=(const time_point<_Clock, _Dur1>& __lhs,
[1.480s]       |       [01;36m[K^~~~~~~~[m[K
[1.480s] [01m[K/usr/include/c++/11/chrono:1068:7:[m[K [01;36m[Knote: [m[K  template argument deduction/substitution failed:
[1.480s] [01m[K/home/zoellickhan/Code/ws_testROS/src/test_serialdriver/src/test_write.cpp:101:22:[m[K [01;36m[Knote: [m[K  â€˜[01m[Kstd::chrono::duration<long int, std::ratio<1, 1000000000> >[m[Kâ€™ is not derived from â€˜[01m[Kconst std::chrono::time_point<_Clock, _Duration1>[m[Kâ€™
[1.480s]   101 |         if(period != [01;36m[K0[m[K) throughput = sum/period;
[1.480s]       |                      [01;36m[K^[m[K
[1.480s] In file included from [01m[K/usr/include/c++/11/mutex:42[m[K,
[1.480s]                  from [01m[K/usr/include/c++/11/future:38[m[K,
[1.480s]                  from [01m[K/opt/ros/humble/include/rclcpp/rclcpp/executors.hpp:18[m[K,
[1.480s]                  from [01m[K/opt/ros/humble/include/rclcpp/rclcpp/rclcpp.hpp:155[m[K,
[1.480s]                  from [01m[K/home/zoellickhan/Code/ws_testROS/src/test_serialdriver/src/test_write.cpp:2[m[K:
[1.480s] [01m[K/usr/include/c++/11/system_error:416:3:[m[K [01;36m[Knote: [m[Kcandidate: â€˜[01m[Kbool std::operator!=(const std::error_code&, const std::error_code&)[m[Kâ€™
[1.480s]   416 |   [01;36m[Koperator[m[K!=(const error_code& __lhs, const error_code& __rhs) noexcept
[1.480s]       |   [01;36m[K^~~~~~~~[m[K
[1.480s] [01m[K/usr/include/c++/11/system_error:416:32:[m[K [01;36m[Knote: [m[K  no known conversion for argument 1 from â€˜[01m[Kstd::chrono::duration<long int, std::ratio<1, 1000000000> >[m[Kâ€™ to â€˜[01m[Kconst std::error_code&[m[Kâ€™
[1.480s]   416 |   operator!=([01;36m[Kconst error_code& __lhs[m[K, const error_code& __rhs) noexcept
[1.480s]       |              [01;36m[K~~~~~~~~~~~~~~~~~~^~~~~[m[K
[1.480s] [01m[K/usr/include/c++/11/system_error:421:3:[m[K [01;36m[Knote: [m[Kcandidate: â€˜[01m[Kbool std::operator!=(const std::error_code&, const std::error_condition&)[m[Kâ€™
[1.480s]   421 |   [01;36m[Koperator[m[K!=(const error_code& __lhs, const error_condition& __rhs) noexcept
[1.481s]       |   [01;36m[K^~~~~~~~[m[K
[1.481s] [01m[K/usr/include/c++/11/system_error:421:32:[m[K [01;36m[Knote: [m[K  no known conversion for argument 1 from â€˜[01m[Kstd::chrono::duration<long int, std::ratio<1, 1000000000> >[m[Kâ€™ to â€˜[01m[Kconst std::error_code&[m[Kâ€™
[1.481s]   421 |   operator!=([01;36m[Kconst error_code& __lhs[m[K, const error_condition& __rhs) noexcept
[1.481s]       |              [01;36m[K~~~~~~~~~~~~~~~~~~^~~~~[m[K
[1.481s] [01m[K/usr/include/c++/11/system_error:426:3:[m[K [01;36m[Knote: [m[Kcandidate: â€˜[01m[Kbool std::operator!=(const std::error_condition&, const std::error_code&)[m[Kâ€™
[1.481s]   426 |   [01;36m[Koperator[m[K!=(const error_condition& __lhs, const error_code& __rhs) noexcept
[1.481s]       |   [01;36m[K^~~~~~~~[m[K
[1.481s] [01m[K/usr/include/c++/11/system_error:426:37:[m[K [01;36m[Knote: [m[K  no known conversion for argument 1 from â€˜[01m[Kstd::chrono::duration<long int, std::ratio<1, 1000000000> >[m[Kâ€™ to â€˜[01m[Kconst std::error_condition&[m[Kâ€™
[1.481s]   426 |   operator!=([01;36m[Kconst error_condition& __lhs[m[K, const error_code& __rhs) noexcept
[1.481s]       |              [01;36m[K~~~~~~~~~~~~~~~~~~~~~~~^~~~~[m[K
[1.481s] [01m[K/usr/include/c++/11/system_error:431:3:[m[K [01;36m[Knote: [m[Kcandidate: â€˜[01m[Kbool std::operator!=(const std::error_condition&, const std::error_condition&)[m[Kâ€™
[1.481s]   431 |   [01;36m[Koperator[m[K!=(const error_condition& __lhs,
[1.481s]       |   [01;36m[K^~~~~~~~[m[K
[1.481s] [01m[K/usr/include/c++/11/system_error:431:37:[m[K [01;36m[Knote: [m[K  no known conversion for argument 1 from â€˜[01m[Kstd::chrono::duration<long int, std::ratio<1, 1000000000> >[m[Kâ€™ to â€˜[01m[Kconst std::error_condition&[m[Kâ€™
[1.481s]   431 |   operator!=([01;36m[Kconst error_condition& __lhs[m[K,
[1.481s]       |              [01;36m[K~~~~~~~~~~~~~~~~~~~~~~~^~~~~[m[K
[1.481s] In file included from [01m[K/opt/ros/humble/include/rclcpp/rclcpp/executors/multi_threaded_executor.hpp:22[m[K,
[1.481s]                  from [01m[K/opt/ros/humble/include/rclcpp/rclcpp/executors.hpp:21[m[K,
[1.482s]                  from [01m[K/opt/ros/humble/include/rclcpp/rclcpp/rclcpp.hpp:155[m[K,
[1.482s]                  from [01m[K/home/zoellickhan/Code/ws_testROS/src/test_serialdriver/src/test_write.cpp:2[m[K:
[1.482s] [01m[K/usr/include/c++/11/thread:66:3:[m[K [01;36m[Knote: [m[Kcandidate: â€˜[01m[Kbool std::operator!=(std::thread::id, std::thread::id)[m[Kâ€™
[1.482s]    66 |   [01;36m[Koperator[m[K!=(thread::id __x, thread::id __y) noexcept
[1.482s]       |   [01;36m[K^~~~~~~~[m[K
[1.482s] [01m[K/usr/include/c++/11/thread:66:25:[m[K [01;36m[Knote: [m[K  no known conversion for argument 1 from â€˜[01m[Kstd::chrono::duration<long int, std::ratio<1, 1000000000> >[m[Kâ€™ to â€˜[01m[Kstd::thread::id[m[Kâ€™
[1.482s]    66 |   operator!=([01;36m[Kthread::id __x[m[K, thread::id __y) noexcept
[1.482s]       |              [01;36m[K~~~~~~~~~~~^~~[m[K
[1.482s] In file included from [01m[K/opt/ros/humble/include/rclcpp/rclcpp/client.hpp:28[m[K,
[1.482s]                  from [01m[K/opt/ros/humble/include/rclcpp/rclcpp/callback_group.hpp:24[m[K,
[1.482s]                  from [01m[K/opt/ros/humble/include/rclcpp/rclcpp/any_executable.hpp:20[m[K,
[1.482s]                  from [01m[K/opt/ros/humble/include/rclcpp/rclcpp/memory_strategy.hpp:25[m[K,
[1.482s]                  from [01m[K/opt/ros/humble/include/rclcpp/rclcpp/memory_strategies.hpp:18[m[K,
[1.482s]                  from [01m[K/opt/ros/humble/include/rclcpp/rclcpp/executor_options.hpp:20[m[K,
[1.482s]                  from [01m[K/opt/ros/humble/include/rclcpp/rclcpp/executor.hpp:37[m[K,
[1.482s]                  from [01m[K/opt/ros/humble/include/rclcpp/rclcpp/executors/multi_threaded_executor.hpp:25[m[K,
[1.482s]                  from [01m[K/opt/ros/humble/include/rclcpp/rclcpp/executors.hpp:21[m[K,
[1.482s]                  from [01m[K/opt/ros/humble/include/rclcpp/rclcpp/rclcpp.hpp:155[m[K,
[1.483s]                  from [01m[K/home/zoellickhan/Code/ws_testROS/src/test_serialdriver/src/test_write.cpp:2[m[K:
[1.483s] [01m[K/usr/include/c++/11/variant:1271:18:[m[K [01;36m[Knote: [m[Kcandidate: â€˜[01m[Kconstexpr bool std::operator!=(std::monostate, std::monostate)[m[Kâ€™
[1.483s]  1271 |   constexpr bool [01;36m[Koperator[m[K!=(monostate, monostate) noexcept { return false; }
[1.483s]       |                  [01;36m[K^~~~~~~~[m[K
[1.483s] [01m[K/usr/include/c++/11/variant:1271:29:[m[K [01;36m[Knote: [m[K  no known conversion for argument 1 from â€˜[01m[Kstd::chrono::duration<long int, std::ratio<1, 1000000000> >[m[Kâ€™ to â€˜[01m[Kstd::monostate[m[Kâ€™
[1.483s]  1271 |   constexpr bool operator!=([01;36m[Kmonostate[m[K, monostate) noexcept { return false; }
[1.483s]       |                             [01;36m[K^~~~~~~~~[m[K
[1.483s] [01m[K/home/zoellickhan/Code/ws_testROS/src/test_serialdriver/src/test_write.cpp:101:41:[m[K [01;31m[Kerror: [m[Kno match for â€˜[01m[Koperator/[m[Kâ€™ (operand types are â€˜[01m[Kint[m[Kâ€™ and â€˜[01m[Kstd::chrono::duration<long int, std::ratio<1, 1000000000> >[m[Kâ€™)
[1.483s]   101 |         if(period != 0) throughput = [32m[Ksum[m[K[01;31m[K/[m[K[34m[Kperiod[m[K;
[1.483s]       |                                      [32m[K~~~[m[K[01;31m[K^[m[K[34m[K~~~~~~[m[K
[1.483s]       |                                      [32m[K|[m[K   [34m[K|[m[K
[1.483s]       |                                      [32m[Kint[m[K [34m[Kstd::chrono::duration<long int, std::ratio<1, 1000000000> >[m[K
[1.483s] In file included from [01m[K/usr/include/c++/11/mutex:39[m[K,
[1.483s]                  from [01m[K/usr/include/c++/11/future:38[m[K,
[1.483s]                  from [01m[K/opt/ros/humble/include/rclcpp/rclcpp/executors.hpp:18[m[K,
[1.483s]                  from [01m[K/opt/ros/humble/include/rclcpp/rclcpp/rclcpp.hpp:155[m[K,
[1.483s]                  from [01m[K/home/zoellickhan/Code/ws_testROS/src/test_serialdriver/src/test_write.cpp:2[m[K:
[1.484s] [01m[K/usr/include/c++/11/chrono:706:7:[m[K [01;36m[Knote: [m[Kcandidate: â€˜[01m[Ktemplate<class _Rep1, class _Period, class _Rep2> constexpr std::chrono::duration<std::chrono::__common_rep_t<_Rep1, typename std::enable_if<(! std::chrono::__is_duration<_Rep2>::value), _Rep2>::type>, _Period> std::chrono::operator/(const std::chrono::duration<_Rep1, _Period1>&, const _Rep2&)[m[Kâ€™
[1.484s]   706 |       [01;36m[Koperator[m[K/(const duration<_Rep1, _Period>& __d, const _Rep2& __s)
[1.484s]       |       [01;36m[K^~~~~~~~[m[K
[1.484s] [01m[K/usr/include/c++/11/chrono:706:7:[m[K [01;36m[Knote: [m[K  template argument deduction/substitution failed:
[1.484s] [01m[K/home/zoellickhan/Code/ws_testROS/src/test_serialdriver/src/test_write.cpp:101:42:[m[K [01;36m[Knote: [m[K  mismatched types â€˜[01m[Kconst std::chrono::duration<_Rep1, _Period1>[m[Kâ€™ and â€˜[01m[Kint[m[Kâ€™
[1.484s]   101 |         if(period != 0) throughput = sum/[01;36m[Kperiod[m[K;
[1.484s]       |                                          [01;36m[K^~~~~~[m[K
[1.484s] In file included from [01m[K/usr/include/c++/11/mutex:39[m[K,
[1.484s]                  from [01m[K/usr/include/c++/11/future:38[m[K,
[1.484s]                  from [01m[K/opt/ros/humble/include/rclcpp/rclcpp/executors.hpp:18[m[K,
[1.484s]                  from [01m[K/opt/ros/humble/include/rclcpp/rclcpp/rclcpp.hpp:155[m[K,
[1.484s]                  from [01m[K/home/zoellickhan/Code/ws_testROS/src/test_serialdriver/src/test_write.cpp:2[m[K:
[1.484s] [01m[K/usr/include/c++/11/chrono:716:7:[m[K [01;36m[Knote: [m[Kcandidate: â€˜[01m[Ktemplate<class _Rep1, class _Period1, class _Rep2, class _Period2> constexpr typename std::common_type<_Rep1, _Rep2>::type std::chrono::operator/(const std::chrono::duration<_Rep1, _Period1>&, const std::chrono::duration<_Rep2, _Period2>&)[m[Kâ€™
[1.484s]   716 |       [01;36m[Koperator[m[K/(const duration<_Rep1, _Period1>& __lhs,
[1.484s]       |       [01;36m[K^~~~~~~~[m[K
[1.484s] [01m[K/usr/include/c++/11/chrono:716:7:[m[K [01;36m[Knote: [m[K  template argument deduction/substitution failed:
[1.484s] [01m[K/home/zoellickhan/Code/ws_testROS/src/test_serialdriver/src/test_write.cpp:101:42:[m[K [01;36m[Knote: [m[K  mismatched types â€˜[01m[Kconst std::chrono::duration<_Rep1, _Period1>[m[Kâ€™ and â€˜[01m[Kint[m[Kâ€™
[1.484s]   101 |         if(period != 0) throughput = sum/[01;36m[Kperiod[m[K;
[1.485s]       |                                          [01;36m[K^~~~~~[m[K
[1.485s] [01m[K/home/zoellickhan/Code/ws_testROS/src/test_serialdriver/src/test_write.cpp:103:121:[m[K [01;31m[Kerror: [m[Kno match for â€˜[01m[Koperator/[m[Kâ€™ (operand types are â€˜[01m[Kfloat[m[Kâ€™ and â€˜[01m[Kstd::chrono::duration<long int, std::ratio<1, 1000000000> >[m[Kâ€™)
[1.485s]   103 |         printf("time: %f, throuhtput: %f , transmit times: %d, hz:%f \n",period,throughput,writeCount, [32m[K(float)writeCount[m[K[01;31m[K/[m[K[34m[Kperiod[m[K);
[1.485s]       |                                                                                                        [32m[K~~~~~~~~~~~~~~~~~[m[K[01;31m[K^[m[K[34m[K~~~~~~[m[K
[1.485s]       |                                                                                                        [32m[K|[m[K                 [34m[K|[m[K
[1.485s]       |                                                                                                        [32m[Kfloat[m[K             [34m[Kstd::chrono::duration<long int, std::ratio<1, 1000000000> >[m[K
[1.485s] In file included from [01m[K/usr/include/c++/11/mutex:39[m[K,
[1.485s]                  from [01m[K/usr/include/c++/11/future:38[m[K,
[1.485s]                  from [01m[K/opt/ros/humble/include/rclcpp/rclcpp/executors.hpp:18[m[K,
[1.485s]                  from [01m[K/opt/ros/humble/include/rclcpp/rclcpp/rclcpp.hpp:155[m[K,
[1.485s]                  from [01m[K/home/zoellickhan/Code/ws_testROS/src/test_serialdriver/src/test_write.cpp:2[m[K:
[1.485s] [01m[K/usr/include/c++/11/chrono:706:7:[m[K [01;36m[Knote: [m[Kcandidate: â€˜[01m[Ktemplate<class _Rep1, class _Period, class _Rep2> constexpr std::chrono::duration<std::chrono::__common_rep_t<_Rep1, typename std::enable_if<(! std::chrono::__is_duration<_Rep2>::value), _Rep2>::type>, _Period> std::chrono::operator/(const std::chrono::duration<_Rep1, _Period1>&, const _Rep2&)[m[Kâ€™
[1.485s]   706 |       [01;36m[Koperator[m[K/(const duration<_Rep1, _Period>& __d, const _Rep2& __s)
[1.485s]       |       [01;36m[K^~~~~~~~[m[K
[1.485s] [01m[K/usr/include/c++/11/chrono:706:7:[m[K [01;36m[Knote: [m[K  template argument deduction/substitution failed:
[1.485s] [01m[K/home/zoellickhan/Code/ws_testROS/src/test_serialdriver/src/test_write.cpp:103:122:[m[K [01;36m[Knote: [m[K  mismatched types â€˜[01m[Kconst std::chrono::duration<_Rep1, _Period1>[m[Kâ€™ and â€˜[01m[Kfloat[m[Kâ€™
[1.485s]   103 |         printf("time: %f, throuhtput: %f , transmit times: %d, hz:%f \n",period,throughput,writeCount, (float)writeCount/[01;36m[Kperiod[m[K);
[1.486s]       |                                                                                                                          [01;36m[K^~~~~~[m[K
[1.486s] In file included from [01m[K/usr/include/c++/11/mutex:39[m[K,
[1.486s]                  from [01m[K/usr/include/c++/11/future:38[m[K,
[1.486s]                  from [01m[K/opt/ros/humble/include/rclcpp/rclcpp/executors.hpp:18[m[K,
[1.486s]                  from [01m[K/opt/ros/humble/include/rclcpp/rclcpp/rclcpp.hpp:155[m[K,
[1.486s]                  from [01m[K/home/zoellickhan/Code/ws_testROS/src/test_serialdriver/src/test_write.cpp:2[m[K:
[1.486s] [01m[K/usr/include/c++/11/chrono:716:7:[m[K [01;36m[Knote: [m[Kcandidate: â€˜[01m[Ktemplate<class _Rep1, class _Period1, class _Rep2, class _Period2> constexpr typename std::common_type<_Rep1, _Rep2>::type std::chrono::operator/(const std::chrono::duration<_Rep1, _Period1>&, const std::chrono::duration<_Rep2, _Period2>&)[m[Kâ€™
[1.486s]   716 |       [01;36m[Koperator[m[K/(const duration<_Rep1, _Period1>& __lhs,
[1.486s]       |       [01;36m[K^~~~~~~~[m[K
[1.486s] [01m[K/usr/include/c++/11/chrono:716:7:[m[K [01;36m[Knote: [m[K  template argument deduction/substitution failed:
[1.486s] [01m[K/home/zoellickhan/Code/ws_testROS/src/test_serialdriver/src/test_write.cpp:103:122:[m[K [01;36m[Knote: [m[K  mismatched types â€˜[01m[Kconst std::chrono::duration<_Rep1, _Period1>[m[Kâ€™ and â€˜[01m[Kfloat[m[Kâ€™
[1.486s]   103 |         printf("time: %f, throuhtput: %f , transmit times: %d, hz:%f \n",period,throughput,writeCount, (float)writeCount/[01;36m[Kperiod[m[K);
[1.486s]       |                                                                                                                          [01;36m[K^~~~~~[m[K
[1.709s] gmake[2]: *** [CMakeFiles/test_serialdriver.dir/build.make:76: CMakeFiles/test_serialdriver.dir/src/test_write.cpp.o] Error 1
[1.709s] gmake[1]: *** [CMakeFiles/Makefile2:137: CMakeFiles/test_serialdriver.dir/all] Error 2
[1.709s] gmake: *** [Makefile:146: all] Error 2
[1.711s] Invoked command in '/home/zoellickhan/Code/ws_testROS/build/test_serialdriver' returned '2': CMAKE_PREFIX_PATH=${CMAKE_PREFIX_PATH}:/opt/ros/humble /usr/bin/cmake --build /home/zoellickhan/Code/ws_testROS/build/test_serialdriver -- -j20 -l20
