[0.010s] Invoking command in '/home/zoellickhan/Code/2024CV/ws_testROS/build/test_ch343': CMAKE_PREFIX_PATH=/opt/ros/humble /usr/bin/cmake --build /home/zoellickhan/Code/2024CV/ws_testROS/build/test_ch343 -- -j20 -l20
[0.095s] [35m[1mConsolidate compiler generated dependencies of target test_ch343[0m
[0.131s] [ 25%] [32mBuilding CXX object CMakeFiles/test_ch343.dir/src/test_read.cpp.o[0m
[2.270s] [01m[K/home/zoellickhan/Code/2024CV/ws_testROS/src/test_ch343/src/test_read.cpp:[m[K In function â€˜[01m[Kint main(int, char**)[m[Kâ€™:
[2.270s] [01m[K/home/zoellickhan/Code/2024CV/ws_testROS/src/test_ch343/src/test_read.cpp:67:32:[m[K [01;31m[Kerror: [m[Kcannot convert â€˜[01m[Kstd::vector<unsigned char, std::allocator<unsigned char> >*[m[Kâ€™ to â€˜[01m[Kstd::vector<unsigned char, std::allocator<unsigned char> >&[m[Kâ€™
[2.270s]    67 |         single = port->receive([01;31m[K&data[m[K);
[2.270s]       |                                [01;31m[K^~~~~[m[K
[2.270s]       |                                [01;31m[K|[m[K
[2.270s]       |                                [01;31m[Kstd::vector<unsigned char, std::allocator<unsigned char> >*[m[K
[2.270s] In file included from [01m[K/home/zoellickhan/Code/2024CV/ws_testROS/src/test_ch343/src/test_read.cpp:3[m[K:
[2.270s] [01m[K/home/zoellickhan/Code/2024CV/ws_testROS/src/test_ch343/src/newDriver.hpp:75:41:[m[K [01;36m[Knote: [m[K  initializing argument 1 of â€˜[01m[Kint newSerialDriver::Port::receive(std::vector<unsigned char, std::allocator<unsigned char> >&)[m[Kâ€™
[2.270s]    75 |     int  receive([01;36m[Kstd::vector<uint8_t> & buff[m[K);
[2.270s]       |                  [01;36m[K~~~~~~~~~~~~~~~~~~~~~~~^~~~[m[K
[2.685s] gmake[2]: *** [CMakeFiles/test_ch343.dir/build.make:76: CMakeFiles/test_ch343.dir/src/test_read.cpp.o] Error 1
[2.685s] gmake[1]: *** [CMakeFiles/Makefile2:137: CMakeFiles/test_ch343.dir/all] Error 2
[2.685s] gmake: *** [Makefile:146: all] Error 2
[2.688s] Invoked command in '/home/zoellickhan/Code/2024CV/ws_testROS/build/test_ch343' returned '2': CMAKE_PREFIX_PATH=/opt/ros/humble /usr/bin/cmake --build /home/zoellickhan/Code/2024CV/ws_testROS/build/test_ch343 -- -j20 -l20
