[0.008s] Invoking command in '/home/zoellickhan/Code/2024CV/ws_testROS/src/build/test_ch343': CMAKE_PREFIX_PATH=${CMAKE_PREFIX_PATH}:/opt/ros/humble /usr/bin/cmake --build /home/zoellickhan/Code/2024CV/ws_testROS/src/build/test_ch343 -- -j20 -l20
[0.044s] [ 33%] [32mBuilding CXX object CMakeFiles/test_ch343.dir/src/test.cpp.o[0m
[0.044s] [ 66%] [32mBuilding CXX object CMakeFiles/test_ch343.dir/src/newDriver.cpp.o[0m
[0.386s] [01m[K/home/zoellickhan/Code/2024CV/ws_testROS/src/test_ch343/src/newDriver.cpp:[m[K In member function â€˜[01m[Kvoid newSerialDriver::Port::test_receive()[m[Kâ€™:
[0.386s] [01m[K/home/zoellickhan/Code/2024CV/ws_testROS/src/test_ch343/src/newDriver.cpp:41:33:[m[K [01;31m[Kerror: [m[Kâ€˜[01m[Kread_buf[m[Kâ€™ was not declared in this scope
[0.386s]    41 |         num_per_read = read(fd, [01;31m[Kread_buf[m[K, sizeof(read_buf));
[0.386s]       |                                 [01;31m[K^~~~~~~~[m[K
[0.388s] [01m[K/home/zoellickhan/Code/2024CV/ws_testROS/src/test_ch343/src/newDriver.cpp:48:25:[m[K [01;31m[Kerror: [m[Kâ€˜[01m[Kerror_count[m[Kâ€™ was not declared in this scope; did you mean â€˜[01m[Kerror_t[m[Kâ€™?
[0.388s]    48 |                         [01;31m[Kerror_count[m[K++;
[0.388s]       |                         [01;31m[K^~~~~~~~~~~[m[K
[0.388s]       |                         [32m[Kerror_t[m[K
[0.388s] [01m[K/home/zoellickhan/Code/2024CV/ws_testROS/src/test_ch343/src/newDriver.cpp:[m[K In member function â€˜[01m[Kbool newSerialDriver::Port::setBaudRate()[m[Kâ€™:
[0.388s] [01m[K/home/zoellickhan/Code/2024CV/ws_testROS/src/test_ch343/src/newDriver.cpp:72:23:[m[K [01;35m[Kwarning: [m[Koverflow in conversion from â€˜[01m[Klong unsigned int[m[Kâ€™ to â€˜[01m[Kint[m[Kâ€™ changes value from â€˜[01m[K2150388778[m[Kâ€™ to â€˜[01m[K-2144578518[m[Kâ€™ [[01;35m[K]8;;https://gcc.gnu.org/onlinedocs/gcc/Warning-Options.html#index-Woverflow-Woverflow]8;;[m[K]
[0.388s]    72 |         if (ioctl(fd, [01;35m[KTCGETS2[m[K, &tio))
[0.388s]       |                       [01;35m[K^~~~~~~[m[K
[0.389s] [01m[K/home/zoellickhan/Code/2024CV/ws_testROS/src/test_ch343/src/newDriver.cpp:89:23:[m[K [01;35m[Kwarning: [m[Koverflow in conversion from â€˜[01m[Klong unsigned int[m[Kâ€™ to â€˜[01m[Kint[m[Kâ€™ changes value from â€˜[01m[K2150388778[m[Kâ€™ to â€˜[01m[K-2144578518[m[Kâ€™ [[01;35m[K]8;;https://gcc.gnu.org/onlinedocs/gcc/Warning-Options.html#index-Woverflow-Woverflow]8;;[m[K]
[0.389s]    89 |         if (ioctl(fd, [01;35m[KTCGETS2[m[K, &tio))
[0.389s]       |                       [01;35m[K^~~~~~~[m[K
[0.389s] [01m[K/home/zoellickhan/Code/2024CV/ws_testROS/src/test_ch343/src/newDriver.cpp:[m[K In member function â€˜[01m[Kbool newSerialDriver::Port::init()[m[Kâ€™:
[0.389s] [01m[K/home/zoellickhan/Code/2024CV/ws_testROS/src/test_ch343/src/newDriver.cpp:203:23:[m[K [01;35m[Kwarning: [m[Koverflow in conversion from â€˜[01m[Klong unsigned int[m[Kâ€™ to â€˜[01m[Kint[m[Kâ€™ changes value from â€˜[01m[K2150388778[m[Kâ€™ to â€˜[01m[K-2144578518[m[Kâ€™ [[01;35m[K]8;;https://gcc.gnu.org/onlinedocs/gcc/Warning-Options.html#index-Woverflow-Woverflow]8;;[m[K]
[0.389s]   203 |         if (ioctl(fd, [01;35m[KTCGETS2[m[K, &tio))
[0.389s]       |                       [01;35m[K^~~~~~~[m[K
[0.389s] [01m[K/home/zoellickhan/Code/2024CV/ws_testROS/src/test_ch343/src/newDriver.cpp:220:23:[m[K [01;35m[Kwarning: [m[Koverflow in conversion from â€˜[01m[Klong unsigned int[m[Kâ€™ to â€˜[01m[Kint[m[Kâ€™ changes value from â€˜[01m[K2150388778[m[Kâ€™ to â€˜[01m[K-2144578518[m[Kâ€™ [[01;35m[K]8;;https://gcc.gnu.org/onlinedocs/gcc/Warning-Options.html#index-Woverflow-Woverflow]8;;[m[K]
[0.389s]   220 |         if (ioctl(fd, [01;35m[KTCGETS2[m[K, &tio))
[0.389s]       |                       [01;35m[K^~~~~~~[m[K
[0.445s] gmake[2]: *** [CMakeFiles/test_ch343.dir/build.make:90: CMakeFiles/test_ch343.dir/src/newDriver.cpp.o] Error 1
[0.446s] gmake[2]: *** Waiting for unfinished jobs....
[1.353s] [01m[K/home/zoellickhan/Code/2024CV/ws_testROS/src/test_ch343/src/test.cpp:[m[K In function â€˜[01m[Kint main(int, char**)[m[Kâ€™:
[1.353s] [01m[K/home/zoellickhan/Code/2024CV/ws_testROS/src/test_ch343/src/test.cpp:25:22:[m[K [01;31m[Kerror: [m[Kno matching function for call to â€˜[01m[KnewSerialDriver::Port::receive()[m[Kâ€™
[1.353s]    25 |         [01;31m[Kport->receive()[m[K;
[1.353s]       |         [01;31m[K~~~~~~~~~~~~~^~[m[K
[1.353s] In file included from [01m[K/home/zoellickhan/Code/2024CV/ws_testROS/src/test_ch343/src/test.cpp:3[m[K:
[1.353s] [01m[K/home/zoellickhan/Code/2024CV/ws_testROS/src/test_ch343/src/newDriver.hpp:70:10:[m[K [01;36m[Knote: [m[Kcandidate: â€˜[01m[Kint newSerialDriver::Port::receive(std::vector<unsigned char, std::allocator<unsigned char> >&)[m[Kâ€™
[1.353s]    70 |     int  [01;36m[Kreceive[m[K(std::vector<uint8_t> & buff);
[1.353s]       |          [01;36m[K^~~~~~~[m[K
[1.360s] [01m[K/home/zoellickhan/Code/2024CV/ws_testROS/src/test_ch343/src/newDriver.hpp:70:10:[m[K [01;36m[Knote: [m[K  candidate expects 1 argument, 0 provided
[1.360s] [01m[K/home/zoellickhan/Code/2024CV/ws_testROS/src/test_ch343/src/test.cpp:11:9:[m[K [01;35m[Kwarning: [m[Kunused variable â€˜[01m[Ki[m[Kâ€™ [[01;35m[K]8;;https://gcc.gnu.org/onlinedocs/gcc/Warning-Options.html#index-Wunused-variable-Wunused-variable]8;;[m[K]
[1.360s]    11 |     int [01;35m[Ki[m[K=0,a=0;
[1.361s]       |         [01;35m[K^[m[K
[1.361s] [01m[K/home/zoellickhan/Code/2024CV/ws_testROS/src/test_ch343/src/test.cpp:11:13:[m[K [01;35m[Kwarning: [m[Kunused variable â€˜[01m[Ka[m[Kâ€™ [[01;35m[K]8;;https://gcc.gnu.org/onlinedocs/gcc/Warning-Options.html#index-Wunused-variable-Wunused-variable]8;;[m[K]
[1.361s]    11 |     int i=0,[01;35m[Ka[m[K=0;
[1.361s]       |             [01;35m[K^[m[K
[1.361s] [01m[K/home/zoellickhan/Code/2024CV/ws_testROS/src/test_ch343/src/test.cpp:12:10:[m[K [01;35m[Kwarning: [m[Kunused variable â€˜[01m[Kall_read[m[Kâ€™ [[01;35m[K]8;;https://gcc.gnu.org/onlinedocs/gcc/Warning-Options.html#index-Wunused-variable-Wunused-variable]8;;[m[K]
[1.361s]    12 |     long [01;35m[Kall_read[m[K=0, all_write=0;
[1.361s]       |          [01;35m[K^~~~~~~~[m[K
[1.361s] [01m[K/home/zoellickhan/Code/2024CV/ws_testROS/src/test_ch343/src/test.cpp:12:22:[m[K [01;35m[Kwarning: [m[Kunused variable â€˜[01m[Kall_write[m[Kâ€™ [[01;35m[K]8;;https://gcc.gnu.org/onlinedocs/gcc/Warning-Options.html#index-Wunused-variable-Wunused-variable]8;;[m[K]
[1.361s]    12 |     long all_read=0, [01;35m[Kall_write[m[K=0;
[1.361s]       |                      [01;35m[K^~~~~~~~~[m[K
[1.603s] gmake[2]: *** [CMakeFiles/test_ch343.dir/build.make:76: CMakeFiles/test_ch343.dir/src/test.cpp.o] Error 1
[1.603s] gmake[1]: *** [CMakeFiles/Makefile2:137: CMakeFiles/test_ch343.dir/all] Error 2
[1.603s] gmake: *** [Makefile:146: all] Error 2
[1.606s] Invoked command in '/home/zoellickhan/Code/2024CV/ws_testROS/src/build/test_ch343' returned '2': CMAKE_PREFIX_PATH=${CMAKE_PREFIX_PATH}:/opt/ros/humble /usr/bin/cmake --build /home/zoellickhan/Code/2024CV/ws_testROS/src/build/test_ch343 -- -j20 -l20
