[0.007s] Invoking command in '/home/zoellickhan/Code/2024CV/ws_testROS/build/test_ch343': CMAKE_PREFIX_PATH=/opt/ros/humble /usr/bin/cmake --build /home/zoellickhan/Code/2024CV/ws_testROS/build/test_ch343 -- -j20 -l20
[0.048s] [35m[1mConsolidate compiler generated dependencies of target test_ch343[0m
[0.079s] [ 25%] [32mBuilding CXX object CMakeFiles/test_ch343.dir/src/test_read.cpp.o[0m
[0.079s] [ 50%] [32mBuilding CXX object CMakeFiles/test_ch343.dir/src/crc.cpp.o[0m
[0.092s] [01m[K/home/zoellickhan/Code/2024CV/ws_testROS/src/test_ch343/src/crc.cpp:4:10:[m[K [01;31m[Kfatal error: [m[Krm_serial_driver/crc.hpp: No such file or directory
[0.092s]     4 | #include [01;31m[K"rm_serial_driver/crc.hpp"[m[K
[0.092s]       |          [01;31m[K^~~~~~~~~~~~~~~~~~~~~~~~~~[m[K
[0.092s] compilation terminated.
[0.093s] gmake[2]: *** [CMakeFiles/test_ch343.dir/build.make:104: CMakeFiles/test_ch343.dir/src/crc.cpp.o] Error 1
[0.093s] gmake[2]: *** Waiting for unfinished jobs....
[1.679s] gmake[1]: *** [CMakeFiles/Makefile2:137: CMakeFiles/test_ch343.dir/all] Error 2
[1.679s] gmake: *** [Makefile:146: all] Error 2
