[0.008s] Invoking command in '/home/zoellickhan/Code/2024CV/ws_testROS/build/test_ch343': CMAKE_PREFIX_PATH=/opt/ros/humble /usr/bin/cmake --build /home/zoellickhan/Code/2024CV/ws_testROS/build/test_ch343 -- -j20 -l20
[0.034s] [35m[1mConsolidate compiler generated dependencies of target test_ch343[0m
[0.051s] [ 25%] [32mBuilding CXX object CMakeFiles/test_ch343.dir/src/test_read.cpp.o[0m
[1.345s] [01m[K/home/zoellickhan/Code/2024CV/ws_testROS/src/test_ch343/src/test_read.cpp:117:11:[m[K [01;31m[Kerror: [m[Kexpected constructor, destructor, or type conversion before â€˜[01m[K([m[Kâ€™ token
[1.345s]   117 |     printf[01;31m[K([m[K"time: %f, throuhtput: %f, errorRate: %f \n",period,throughput,errorRate);
[1.345s]       |           [01;31m[K^[m[K
[1.346s] [01m[K/home/zoellickhan/Code/2024CV/ws_testROS/src/test_ch343/src/test_read.cpp:119:17:[m[K [01;31m[Kerror: [m[Kexpected constructor, destructor, or type conversion before â€˜[01m[K([m[Kâ€™ token
[1.346s]   119 |     rclcpp::spin[01;31m[K([m[Knode);
[1.346s]       |                 [01;31m[K^[m[K
[1.346s] [01m[K/home/zoellickhan/Code/2024CV/ws_testROS/src/test_ch343/src/test_read.cpp:120:23:[m[K [01;31m[Kerror: [m[Kexpected constructor, destructor, or type conversion before â€˜[01m[K;[m[Kâ€™ token
[1.346s]   120 |     rclcpp::shutdown()[01;31m[K;[m[K
[1.346s]       |                       [01;31m[K^[m[K
[1.346s] [01m[K/home/zoellickhan/Code/2024CV/ws_testROS/src/test_ch343/src/test_read.cpp:121:5:[m[K [01;31m[Kerror: [m[Kexpected unqualified-id before â€˜[01m[Kreturn[m[Kâ€™
[1.346s]   121 |     [01;31m[Kreturn[m[K 0;
[1.346s]       |     [01;31m[K^~~~~~[m[K
[1.346s] [01m[K/home/zoellickhan/Code/2024CV/ws_testROS/src/test_ch343/src/test_read.cpp:122:1:[m[K [01;31m[Kerror: [m[Kexpected declaration before â€˜[01m[K}[m[Kâ€™ token
[1.346s]   122 | [01;31m[K}[m[K
[1.346s]       | [01;31m[K^[m[K
[1.598s] gmake[2]: *** [CMakeFiles/test_ch343.dir/build.make:76: CMakeFiles/test_ch343.dir/src/test_read.cpp.o] Error 1
[1.598s] gmake[1]: *** [CMakeFiles/Makefile2:137: CMakeFiles/test_ch343.dir/all] Error 2
[1.598s] gmake: *** [Makefile:146: all] Error 2
[1.599s] Invoked command in '/home/zoellickhan/Code/2024CV/ws_testROS/build/test_ch343' returned '2': CMAKE_PREFIX_PATH=/opt/ros/humble /usr/bin/cmake --build /home/zoellickhan/Code/2024CV/ws_testROS/build/test_ch343 -- -j20 -l20
