[0.007s] Invoking command in '/home/zoellickhan/Code/2024CV/ws_testROS/build/test_ch343': CMAKE_PREFIX_PATH=/opt/ros/humble /usr/bin/cmake --build /home/zoellickhan/Code/2024CV/ws_testROS/build/test_ch343 -- -j20 -l20
[0.036s] [35m[1mConsolidate compiler generated dependencies of target test_ch343[0m
[0.049s] [ 25%] [32mBuilding CXX object CMakeFiles/test_ch343.dir/src/test_read.cpp.o[0m
[1.301s] [01m[K/home/zoellickhan/Code/2024CV/ws_testROS/src/test_ch343/src/test_read.cpp:[m[K In function â€˜[01m[Kint main(int, char**)[m[Kâ€™:
[1.301s] [01m[K/home/zoellickhan/Code/2024CV/ws_testROS/src/test_ch343/src/test_read.cpp:63:57:[m[K [01;31m[Kerror: [m[Kexpected â€˜[01m[K;[m[Kâ€™ before â€˜[01m[Kheaderrrrrrr[m[Kâ€™
[1.301s]    63 |         if(single != 64 ) printf("not happy boji =( \n")
[1.301s]       |                                                         [01;31m[K^[m[K
[1.301s]       |                                                         [32m[K;[m[K
[1.301s]    64 |         // printf("singel:%d \n",single);
[1.301s]    65 |         [32m[Kheaderrrrrrr[m[K = fromHeaderVector(header);
[1.301s]       |         [32m[K~~~~~~~~~~~~[m[K                                     
[1.556s] gmake[2]: *** [CMakeFiles/test_ch343.dir/build.make:76: CMakeFiles/test_ch343.dir/src/test_read.cpp.o] Error 1
[1.556s] gmake[1]: *** [CMakeFiles/Makefile2:137: CMakeFiles/test_ch343.dir/all] Error 2
[1.556s] gmake: *** [Makefile:146: all] Error 2
[1.557s] Invoked command in '/home/zoellickhan/Code/2024CV/ws_testROS/build/test_ch343' returned '2': CMAKE_PREFIX_PATH=/opt/ros/humble /usr/bin/cmake --build /home/zoellickhan/Code/2024CV/ws_testROS/build/test_ch343 -- -j20 -l20
