[0.008s] Invoking command in '/home/zoellickhan/Code/2024CV/ws_testROS/src/build/test_ch343': CMAKE_PREFIX_PATH=${CMAKE_PREFIX_PATH}:/opt/ros/humble /usr/bin/cmake --build /home/zoellickhan/Code/2024CV/ws_testROS/src/build/test_ch343 -- -j20 -l20
[0.071s] [ 33%] [32mBuilding CXX object CMakeFiles/test_ch343.dir/src/newDriver.cpp.o[0m
[0.416s] [01m[K/home/zoellickhan/Code/2024CV/ws_testROS/src/test_ch343/src/newDriver.cpp:[m[K In member function â€˜[01m[Kbool newSerialDriver::Port::setBaudRate()[m[Kâ€™:
[0.416s] [01m[K/home/zoellickhan/Code/2024CV/ws_testROS/src/test_ch343/src/newDriver.cpp:40:23:[m[K [01;35m[Kwarning: [m[Koverflow in conversion from â€˜[01m[Klong unsigned int[m[Kâ€™ to â€˜[01m[Kint[m[Kâ€™ changes value from â€˜[01m[K2150388778[m[Kâ€™ to â€˜[01m[K-2144578518[m[Kâ€™ [[01;35m[K]8;;https://gcc.gnu.org/onlinedocs/gcc/Warning-Options.html#index-Woverflow-Woverflow]8;;[m[K]
[0.416s]    40 |         if (ioctl(fd, [01;35m[KTCGETS2[m[K, &tio))
[0.416s]       |                       [01;35m[K^~~~~~~[m[K
[0.416s] [01m[K/home/zoellickhan/Code/2024CV/ws_testROS/src/test_ch343/src/newDriver.cpp:57:23:[m[K [01;35m[Kwarning: [m[Koverflow in conversion from â€˜[01m[Klong unsigned int[m[Kâ€™ to â€˜[01m[Kint[m[Kâ€™ changes value from â€˜[01m[K2150388778[m[Kâ€™ to â€˜[01m[K-2144578518[m[Kâ€™ [[01;35m[K]8;;https://gcc.gnu.org/onlinedocs/gcc/Warning-Options.html#index-Woverflow-Woverflow]8;;[m[K]
[0.416s]    57 |         if (ioctl(fd, [01;35m[KTCGETS2[m[K, &tio))
[0.416s]       |                       [01;35m[K^~~~~~~[m[K
[0.416s] [01m[K/home/zoellickhan/Code/2024CV/ws_testROS/src/test_ch343/src/newDriver.cpp:[m[K In member function â€˜[01m[Kbool newSerialDriver::Port::init()[m[Kâ€™:
[0.416s] [01m[K/home/zoellickhan/Code/2024CV/ws_testROS/src/test_ch343/src/newDriver.cpp:171:23:[m[K [01;35m[Kwarning: [m[Koverflow in conversion from â€˜[01m[Klong unsigned int[m[Kâ€™ to â€˜[01m[Kint[m[Kâ€™ changes value from â€˜[01m[K2150388778[m[Kâ€™ to â€˜[01m[K-2144578518[m[Kâ€™ [[01;35m[K]8;;https://gcc.gnu.org/onlinedocs/gcc/Warning-Options.html#index-Woverflow-Woverflow]8;;[m[K]
[0.416s]   171 |         if (ioctl(fd, [01;35m[KTCGETS2[m[K, &tio))
[0.416s]       |                       [01;35m[K^~~~~~~[m[K
[0.416s] [01m[K/home/zoellickhan/Code/2024CV/ws_testROS/src/test_ch343/src/newDriver.cpp:188:23:[m[K [01;35m[Kwarning: [m[Koverflow in conversion from â€˜[01m[Klong unsigned int[m[Kâ€™ to â€˜[01m[Kint[m[Kâ€™ changes value from â€˜[01m[K2150388778[m[Kâ€™ to â€˜[01m[K-2144578518[m[Kâ€™ [[01;35m[K]8;;https://gcc.gnu.org/onlinedocs/gcc/Warning-Options.html#index-Woverflow-Woverflow]8;;[m[K]
[0.416s]   188 |         if (ioctl(fd, [01;35m[KTCGETS2[m[K, &tio))
[0.416s]       |                       [01;35m[K^~~~~~~[m[K
[0.484s] [ 66%] [32m[1mLinking CXX executable test_ch343[0m
[0.605s] /usr/bin/ld: CMakeFiles/test_ch343.dir/src/test.cpp.o: in function `void __gnu_cxx::new_allocator<newSerialDriver::Port>::destroy<newSerialDriver::Port>(newSerialDriver::Port*)':
[0.605s] test.cpp:(.text._ZN9__gnu_cxx13new_allocatorIN15newSerialDriver4PortEE7destroyIS2_EEvPT_[_ZN9__gnu_cxx13new_allocatorIN15newSerialDriver4PortEE7destroyIS2_EEvPT_]+0x1c): undefined reference to `newSerialDriver::Port::~Port()'
[0.605s] /usr/bin/ld: CMakeFiles/test_ch343.dir/src/test.cpp.o: in function `void __gnu_cxx::new_allocator<newSerialDriver::SerialConfig>::destroy<newSerialDriver::SerialConfig>(newSerialDriver::SerialConfig*)':
[0.605s] test.cpp:(.text._ZN9__gnu_cxx13new_allocatorIN15newSerialDriver12SerialConfigEE7destroyIS2_EEvPT_[_ZN9__gnu_cxx13new_allocatorIN15newSerialDriver12SerialConfigEE7destroyIS2_EEvPT_]+0x1c): undefined reference to `newSerialDriver::SerialConfig::~SerialConfig()'
[0.612s] collect2: error: ld returned 1 exit status
[0.614s] gmake[2]: *** [CMakeFiles/test_ch343.dir/build.make:167: test_ch343] Error 1
[0.614s] gmake[1]: *** [CMakeFiles/Makefile2:137: CMakeFiles/test_ch343.dir/all] Error 2
[0.615s] gmake: *** [Makefile:146: all] Error 2
[0.618s] Invoked command in '/home/zoellickhan/Code/2024CV/ws_testROS/src/build/test_ch343' returned '2': CMAKE_PREFIX_PATH=${CMAKE_PREFIX_PATH}:/opt/ros/humble /usr/bin/cmake --build /home/zoellickhan/Code/2024CV/ws_testROS/src/build/test_ch343 -- -j20 -l20
