[0.019s] Invoking command in '/home/zoellickhan/Code/2024CV/ws_testROS/build/test_ch343': CMAKE_PREFIX_PATH=/opt/ros/humble /usr/bin/cmake --build /home/zoellickhan/Code/2024CV/ws_testROS/build/test_ch343 -- -j20 -l20
[0.085s] [35m[1mConsolidate compiler generated dependencies of target test_ch343[0m
[0.113s] [ 25%] [32mBuilding CXX object CMakeFiles/test_ch343.dir/src/test_read.cpp.o[0m
[2.840s] [01m[K/home/zoellickhan/Code/2024CV/ws_testROS/src/test_ch343/src/test_read.cpp:[m[K In function â€˜[01m[Kint main(int, char**)[m[Kâ€™:
[2.840s] [01m[K/home/zoellickhan/Code/2024CV/ws_testROS/src/test_ch343/src/test_read.cpp:92:14:[m[K [01;31m[Kerror: [m[Kredeclaration of â€˜[01m[Kbool crc_ok[m[Kâ€™
[2.840s]    92 |         bool [01;31m[Kcrc_ok[m[K = Verify_CRC16_Check_Sum(reinterpret_cast<const uint8_t *>
[2.841s]       |              [01;31m[K^~~~~~[m[K
[2.841s] [01m[K/home/zoellickhan/Code/2024CV/ws_testROS/src/test_ch343/src/test_read.cpp:66:14:[m[K [01;36m[Knote: [m[Kâ€˜[01m[Kbool crc_ok[m[Kâ€™ previously declared here
[2.841s]    66 |         bool [01;36m[Kcrc_ok[m[K = Verify_CRC16_Check_Sum(reinterpret_cast<const uint8_t *>
[2.841s]       |              [01;36m[K^~~~~~[m[K
[3.375s] gmake[2]: *** [CMakeFiles/test_ch343.dir/build.make:76: CMakeFiles/test_ch343.dir/src/test_read.cpp.o] Error 1
[3.375s] gmake[1]: *** [CMakeFiles/Makefile2:137: CMakeFiles/test_ch343.dir/all] Error 2
[3.376s] gmake: *** [Makefile:146: all] Error 2
[3.380s] Invoked command in '/home/zoellickhan/Code/2024CV/ws_testROS/build/test_ch343' returned '2': CMAKE_PREFIX_PATH=/opt/ros/humble /usr/bin/cmake --build /home/zoellickhan/Code/2024CV/ws_testROS/build/test_ch343 -- -j20 -l20
