[0.010s] Invoking command in '/home/zoellickhan/Code/ws_testROS/build/test_ch343': CMAKE_PREFIX_PATH=/opt/ros/humble /usr/bin/cmake --build /home/zoellickhan/Code/ws_testROS/build/test_ch343 -- -j20 -l20
[0.070s] [35m[1mConsolidate compiler generated dependencies of target test_ch343[0m
[0.111s] [ 25%] [32mBuilding CXX object CMakeFiles/test_ch343.dir/src/test_read.cpp.o[0m
[0.112s] [ 50%] [32mBuilding CXX object CMakeFiles/test_ch343.dir/src/newDriver.cpp.o[0m
[0.476s] In file included from [01m[K/home/zoellickhan/Code/ws_testROS/src/test_ch343/src/newDriver.cpp:1[m[K:
[0.476s] [01m[K/home/zoellickhan/Code/ws_testROS/src/test_ch343/src/newDriver.hpp:83:5:[m[K [01;31m[Kerror: [m[Kâ€˜[01m[KTwoCRC_GimbalMsg[m[Kâ€™ does not name a type
[0.476s]    83 |     [01;31m[KTwoCRC_GimbalMsg[m[K& getTwoCRC_GimbalMsg(){return twoCRC_GimbalMsg;}
[0.476s]       |     [01;31m[K^~~~~~~~~~~~~~~~[m[K
[0.477s] [01m[K/home/zoellickhan/Code/ws_testROS/src/test_ch343/src/newDriver.hpp:84:5:[m[K [01;31m[Kerror: [m[Kâ€˜[01m[KTwoCRC_SentryGimbalMsg[m[Kâ€™ does not name a type
[0.477s]    84 |     [01;31m[KTwoCRC_SentryGimbalMsg[m[K& getTwoCRC_SentryGimbalMsg(){return twoCRC_SentryGimbalMsg;}
[0.477s]       |     [01;31m[K^~~~~~~~~~~~~~~~~~~~~~[m[K
[0.479s] [01m[K/home/zoellickhan/Code/ws_testROS/src/test_ch343/src/newDriver.hpp:109:5:[m[K [01;31m[Kerror: [m[Kâ€˜[01m[KTwoCRC_GimbalMsg[m[Kâ€™ does not name a type
[0.479s]   109 |     [01;31m[KTwoCRC_GimbalMsg[m[K twoCRC_GimbalMsg;
[0.479s]       |     [01;31m[K^~~~~~~~~~~~~~~~[m[K
[0.480s] [01m[K/home/zoellickhan/Code/ws_testROS/src/test_ch343/src/newDriver.hpp:110:5:[m[K [01;31m[Kerror: [m[Kâ€˜[01m[KTwoCRC_SentryGimbalMsg[m[Kâ€™ does not name a type
[0.480s]   110 |     [01;31m[KTwoCRC_SentryGimbalMsg[m[K twoCRC_SentryGimbalMsg;
[0.480s]       |     [01;31m[K^~~~~~~~~~~~~~~~~~~~~~[m[K
[0.485s] [01m[K/home/zoellickhan/Code/ws_testROS/src/test_ch343/src/newDriver.cpp:[m[K In member function â€˜[01m[Kbool newSerialDriver::Port::setBaudRate()[m[Kâ€™:
[0.486s] [01m[K/home/zoellickhan/Code/ws_testROS/src/test_ch343/src/newDriver.cpp:48:23:[m[K [01;35m[Kwarning: [m[Koverflow in conversion from â€˜[01m[Klong unsigned int[m[Kâ€™ to â€˜[01m[Kint[m[Kâ€™ changes value from â€˜[01m[K2150388778[m[Kâ€™ to â€˜[01m[K-2144578518[m[Kâ€™ [[01;35m[K]8;;https://gcc.gnu.org/onlinedocs/gcc/Warning-Options.html#index-Woverflow-Woverflow]8;;[m[K]
[0.486s]    48 |         if (ioctl(fd, [01;35m[KTCGETS2[m[K, &tio))
[0.486s]       |                       [01;35m[K^~~~~~~[m[K
[0.486s] [01m[K/home/zoellickhan/Code/ws_testROS/src/test_ch343/src/newDriver.cpp:65:23:[m[K [01;35m[Kwarning: [m[Koverflow in conversion from â€˜[01m[Klong unsigned int[m[Kâ€™ to â€˜[01m[Kint[m[Kâ€™ changes value from â€˜[01m[K2150388778[m[Kâ€™ to â€˜[01m[K-2144578518[m[Kâ€™ [[01;35m[K]8;;https://gcc.gnu.org/onlinedocs/gcc/Warning-Options.html#index-Woverflow-Woverflow]8;;[m[K]
[0.486s]    65 |         if (ioctl(fd, [01;35m[KTCGETS2[m[K, &tio))
[0.486s]       |                       [01;35m[K^~~~~~~[m[K
[0.486s] [01m[K/home/zoellickhan/Code/ws_testROS/src/test_ch343/src/newDriver.cpp:[m[K In member function â€˜[01m[Kbool newSerialDriver::Port::init()[m[Kâ€™:
[0.486s] [01m[K/home/zoellickhan/Code/ws_testROS/src/test_ch343/src/newDriver.cpp:179:23:[m[K [01;35m[Kwarning: [m[Koverflow in conversion from â€˜[01m[Klong unsigned int[m[Kâ€™ to â€˜[01m[Kint[m[Kâ€™ changes value from â€˜[01m[K2150388778[m[Kâ€™ to â€˜[01m[K-2144578518[m[Kâ€™ [[01;35m[K]8;;https://gcc.gnu.org/onlinedocs/gcc/Warning-Options.html#index-Woverflow-Woverflow]8;;[m[K]
[0.486s]   179 |         if (ioctl(fd, [01;35m[KTCGETS2[m[K, &tio))
[0.486s]       |                       [01;35m[K^~~~~~~[m[K
[0.486s] [01m[K/home/zoellickhan/Code/ws_testROS/src/test_ch343/src/newDriver.cpp:196:23:[m[K [01;35m[Kwarning: [m[Koverflow in conversion from â€˜[01m[Klong unsigned int[m[Kâ€™ to â€˜[01m[Kint[m[Kâ€™ changes value from â€˜[01m[K2150388778[m[Kâ€™ to â€˜[01m[K-2144578518[m[Kâ€™ [[01;35m[K]8;;https://gcc.gnu.org/onlinedocs/gcc/Warning-Options.html#index-Woverflow-Woverflow]8;;[m[K]
[0.486s]   196 |         if (ioctl(fd, [01;35m[KTCGETS2[m[K, &tio))
[0.487s]       |                       [01;35m[K^~~~~~~[m[K
[0.487s] [01m[K/home/zoellickhan/Code/ws_testROS/src/test_ch343/src/newDriver.cpp:[m[K In member function â€˜[01m[Kvoid newSerialDriver::Port::registerType(int*, int)[m[Kâ€™:
[0.487s] [01m[K/home/zoellickhan/Code/ws_testROS/src/test_ch343/src/newDriver.cpp:248:53:[m[K [01;35m[Kwarning: [m[Kunused parameter â€˜[01m[Knum[m[Kâ€™ [[01;35m[K]8;;https://gcc.gnu.org/onlinedocs/gcc/Warning-Options.html#index-Wunused-parameter-Wunused-parameter]8;;[m[K]
[0.487s]   248 | void Port::registerType(int typeIDArray[ID_NUM],[01;35m[Kint num[m[K)
[0.487s]       |                                                 [01;35m[K~~~~^~~[m[K
[0.490s] [01m[K/home/zoellickhan/Code/ws_testROS/src/test_ch343/src/newDriver.cpp:[m[K In member function â€˜[01m[Kint newSerialDriver::Port::decode()[m[Kâ€™:
[0.490s] [01m[K/home/zoellickhan/Code/ws_testROS/src/test_ch343/src/newDriver.cpp:298:50:[m[K [01;31m[Kerror: [m[Kâ€˜[01m[KtwoCRC_GimbalMsg[m[Kâ€™ was not declared in this scope
[0.490s]   298 |                                         Classify([01;31m[KtwoCRC_GimbalMsg[m[K);
[0.490s]       |                                                  [01;31m[K^~~~~~~~~~~~~~~~[m[K
[0.493s] [01m[K/home/zoellickhan/Code/ws_testROS/src/test_ch343/src/newDriver.cpp:303:50:[m[K [01;31m[Kerror: [m[Kâ€˜[01m[KtwoCRC_SentryGimbalMsg[m[Kâ€™ was not declared in this scope
[0.493s]   303 |                                         Classify([01;31m[KtwoCRC_SentryGimbalMsg[m[K);
[0.493s]       |                                                  [01;31m[K^~~~~~~~~~~~~~~~~~~~~~[m[K
[0.493s] [01m[K/home/zoellickhan/Code/ws_testROS/src/test_ch343/src/newDriver.cpp:[m[K In member function â€˜[01m[Kvoid newSerialDriver::Port::Classify(T&)[m[Kâ€™:
[0.493s] [01m[K/home/zoellickhan/Code/ws_testROS/src/test_ch343/src/newDriver.cpp:334:32:[m[K [01;31m[Kerror: [m[Kno matching function for call to â€˜[01m[KfromTestVector(std::vector<unsigned char>&)[m[Kâ€™
[0.493s]   334 |         buffer = [01;31m[KfromTestVector(transform)[m[K;
[0.493s]       |                  [01;31m[K~~~~~~~~~~~~~~^~~~~~~~~~~[m[K
[0.493s] In file included from [01m[K/home/zoellickhan/Code/ws_testROS/src/test_ch343/src/newDriver.hpp:14[m[K,
[0.493s]                  from [01m[K/home/zoellickhan/Code/ws_testROS/src/test_ch343/src/newDriver.cpp:1[m[K:
[0.493s] [01m[K/home/zoellickhan/Code/ws_testROS/src/test_ch343/src/protocol.hpp:363:3:[m[K [01;36m[Knote: [m[Kcandidate: â€˜[01m[Ktemplate<class T> T rm_serial_driver::fromTestVector(const std::vector<unsigned char>&)[m[Kâ€™
[0.493s]   363 | T [01;36m[KfromTestVector[m[K(const std::vector<uint8_t> &data)
[0.493s]       |   [01;36m[K^~~~~~~~~~~~~~[m[K
[0.493s] [01m[K/home/zoellickhan/Code/ws_testROS/src/test_ch343/src/protocol.hpp:363:3:[m[K [01;36m[Knote: [m[K  template argument deduction/substitution failed:
[0.493s] [01m[K/home/zoellickhan/Code/ws_testROS/src/test_ch343/src/newDriver.cpp:334:32:[m[K [01;36m[Knote: [m[K  couldnâ€™t deduce template parameter â€˜[01m[KT[m[Kâ€™
[0.493s]   334 |         buffer = [01;36m[KfromTestVector(transform)[m[K;
[0.494s]       |                  [01;36m[K~~~~~~~~~~~~~~^~~~~~~~~~~[m[K
[0.553s] gmake[2]: *** [CMakeFiles/test_ch343.dir/build.make:90: CMakeFiles/test_ch343.dir/src/newDriver.cpp.o] Error 1
[0.553s] gmake[2]: *** Waiting for unfinished jobs....
[1.508s] In file included from [01m[K/home/zoellickhan/Code/ws_testROS/src/test_ch343/src/test_read.cpp:3[m[K:
[1.508s] [01m[K/home/zoellickhan/Code/ws_testROS/src/test_ch343/src/newDriver.hpp:83:5:[m[K [01;31m[Kerror: [m[Kâ€˜[01m[KTwoCRC_GimbalMsg[m[Kâ€™ does not name a type
[1.508s]    83 |     [01;31m[KTwoCRC_GimbalMsg[m[K& getTwoCRC_GimbalMsg(){return twoCRC_GimbalMsg;}
[1.508s]       |     [01;31m[K^~~~~~~~~~~~~~~~[m[K
[1.510s] [01m[K/home/zoellickhan/Code/ws_testROS/src/test_ch343/src/newDriver.hpp:84:5:[m[K [01;31m[Kerror: [m[Kâ€˜[01m[KTwoCRC_SentryGimbalMsg[m[Kâ€™ does not name a type
[1.510s]    84 |     [01;31m[KTwoCRC_SentryGimbalMsg[m[K& getTwoCRC_SentryGimbalMsg(){return twoCRC_SentryGimbalMsg;}
[1.511s]       |     [01;31m[K^~~~~~~~~~~~~~~~~~~~~~[m[K
[1.514s] [01m[K/home/zoellickhan/Code/ws_testROS/src/test_ch343/src/newDriver.hpp:109:5:[m[K [01;31m[Kerror: [m[Kâ€˜[01m[KTwoCRC_GimbalMsg[m[Kâ€™ does not name a type
[1.514s]   109 |     [01;31m[KTwoCRC_GimbalMsg[m[K twoCRC_GimbalMsg;
[1.514s]       |     [01;31m[K^~~~~~~~~~~~~~~~[m[K
[1.516s] [01m[K/home/zoellickhan/Code/ws_testROS/src/test_ch343/src/newDriver.hpp:110:5:[m[K [01;31m[Kerror: [m[Kâ€˜[01m[KTwoCRC_SentryGimbalMsg[m[Kâ€™ does not name a type
[1.516s]   110 |     [01;31m[KTwoCRC_SentryGimbalMsg[m[K twoCRC_SentryGimbalMsg;
[1.517s]       |     [01;31m[K^~~~~~~~~~~~~~~~~~~~~~[m[K
[1.524s] [01m[K/home/zoellickhan/Code/ws_testROS/src/test_ch343/src/test_read.cpp:[m[K In function â€˜[01m[Kint main(int, char**)[m[Kâ€™:
[1.524s] [01m[K/home/zoellickhan/Code/ws_testROS/src/test_ch343/src/test_read.cpp:47:49:[m[K [01;31m[Kerror: [m[Kâ€˜[01m[Kusing element_type = class newSerialDriver::Port[m[Kâ€™ {aka â€˜[01m[Kclass newSerialDriver::Port[m[Kâ€™} has no member named â€˜[01m[KgetTwoCRC_GimbalMsg[m[Kâ€™
[1.524s]    47 |     TwoCRC_GimbalMsg&  twoCRC_GimbalMsg = port->[01;31m[KgetTwoCRC_GimbalMsg[m[K();
[1.524s]       |                                                 [01;31m[K^~~~~~~~~~~~~~~~~~~[m[K
[1.525s] [01m[K/home/zoellickhan/Code/ws_testROS/src/test_ch343/src/test_read.cpp:48:60:[m[K [01;31m[Kerror: [m[Kâ€˜[01m[Kusing element_type = class newSerialDriver::Port[m[Kâ€™ {aka â€˜[01m[Kclass newSerialDriver::Port[m[Kâ€™} has no member named â€˜[01m[KgetTwoCRC_SentryGimbalMsg[m[Kâ€™
[1.525s]    48 |     TwoCRC_SentryGimbalMsg& twoCRC_SentryGimbalMsg = port->[01;31m[KgetTwoCRC_SentryGimbalMsg[m[K();
[1.525s]       |                                                            [01;31m[K^~~~~~~~~~~~~~~~~~~~~~~~~[m[K
[1.525s] [01m[K/home/zoellickhan/Code/ws_testROS/src/test_ch343/src/test_read.cpp:63:15:[m[K [01;35m[Kwarning: [m[Kâ€˜[01m[Kmemset[m[Kâ€™ used with length equal to number of elements without multiplication by element size [[01;35m[K]8;;https://gcc.gnu.org/onlinedocs/gcc/Warning-Options.html#index-Wmemset-elt-size-Wmemset-elt-size]8;;[m[K]
[1.525s]    63 |         [01;35m[Kmemset(typing,0x00,ID_NUM)[m[K;
[1.525s]       |         [01;35m[K~~~~~~^~~~~~~~~~~~~~~~~~~~[m[K
[1.795s] gmake[2]: *** [CMakeFiles/test_ch343.dir/build.make:76: CMakeFiles/test_ch343.dir/src/test_read.cpp.o] Error 1
[1.795s] gmake[1]: *** [CMakeFiles/Makefile2:137: CMakeFiles/test_ch343.dir/all] Error 2
[1.795s] gmake: *** [Makefile:146: all] Error 2
[1.798s] Invoked command in '/home/zoellickhan/Code/ws_testROS/build/test_ch343' returned '2': CMAKE_PREFIX_PATH=/opt/ros/humble /usr/bin/cmake --build /home/zoellickhan/Code/ws_testROS/build/test_ch343 -- -j20 -l20
