[0.009s] Invoking command in '/home/zoellickhan/Code/2024CV/ws_testROS/src/build/test_ch343': CMAKE_PREFIX_PATH=/opt/ros/humble /usr/bin/cmake --build /home/zoellickhan/Code/2024CV/ws_testROS/src/build/test_ch343 -- -j20 -l20
[0.064s] [ 33%] [32mBuilding CXX object CMakeFiles/test_ch343.dir/src/test_read.cpp.o[0m
[0.065s] [ 66%] [32mBuilding CXX object CMakeFiles/test_ch343.dir/src/newDriver.cpp.o[0m
[0.423s] [01m[K/home/zoellickhan/Code/2024CV/ws_testROS/src/test_ch343/src/newDriver.cpp:[m[K In member function â€˜[01m[Kbool newSerialDriver::Port::setBaudRate()[m[Kâ€™:
[0.423s] [01m[K/home/zoellickhan/Code/2024CV/ws_testROS/src/test_ch343/src/newDriver.cpp:70:23:[m[K [01;35m[Kwarning: [m[Koverflow in conversion from â€˜[01m[Klong unsigned int[m[Kâ€™ to â€˜[01m[Kint[m[Kâ€™ changes value from â€˜[01m[K2150388778[m[Kâ€™ to â€˜[01m[K-2144578518[m[Kâ€™ [[01;35m[K]8;;https://gcc.gnu.org/onlinedocs/gcc/Warning-Options.html#index-Woverflow-Woverflow]8;;[m[K]
[0.423s]    70 |         if (ioctl(fd, [01;35m[KTCGETS2[m[K, &tio))
[0.423s]       |                       [01;35m[K^~~~~~~[m[K
[0.423s] [01m[K/home/zoellickhan/Code/2024CV/ws_testROS/src/test_ch343/src/newDriver.cpp:87:23:[m[K [01;35m[Kwarning: [m[Koverflow in conversion from â€˜[01m[Klong unsigned int[m[Kâ€™ to â€˜[01m[Kint[m[Kâ€™ changes value from â€˜[01m[K2150388778[m[Kâ€™ to â€˜[01m[K-2144578518[m[Kâ€™ [[01;35m[K]8;;https://gcc.gnu.org/onlinedocs/gcc/Warning-Options.html#index-Woverflow-Woverflow]8;;[m[K]
[0.423s]    87 |         if (ioctl(fd, [01;35m[KTCGETS2[m[K, &tio))
[0.424s]       |                       [01;35m[K^~~~~~~[m[K
[0.424s] [01m[K/home/zoellickhan/Code/2024CV/ws_testROS/src/test_ch343/src/newDriver.cpp:[m[K In member function â€˜[01m[Kbool newSerialDriver::Port::init()[m[Kâ€™:
[0.424s] [01m[K/home/zoellickhan/Code/2024CV/ws_testROS/src/test_ch343/src/newDriver.cpp:201:23:[m[K [01;35m[Kwarning: [m[Koverflow in conversion from â€˜[01m[Klong unsigned int[m[Kâ€™ to â€˜[01m[Kint[m[Kâ€™ changes value from â€˜[01m[K2150388778[m[Kâ€™ to â€˜[01m[K-2144578518[m[Kâ€™ [[01;35m[K]8;;https://gcc.gnu.org/onlinedocs/gcc/Warning-Options.html#index-Woverflow-Woverflow]8;;[m[K]
[0.424s]   201 |         if (ioctl(fd, [01;35m[KTCGETS2[m[K, &tio))
[0.424s]       |                       [01;35m[K^~~~~~~[m[K
[0.424s] [01m[K/home/zoellickhan/Code/2024CV/ws_testROS/src/test_ch343/src/newDriver.cpp:218:23:[m[K [01;35m[Kwarning: [m[Koverflow in conversion from â€˜[01m[Klong unsigned int[m[Kâ€™ to â€˜[01m[Kint[m[Kâ€™ changes value from â€˜[01m[K2150388778[m[Kâ€™ to â€˜[01m[K-2144578518[m[Kâ€™ [[01;35m[K]8;;https://gcc.gnu.org/onlinedocs/gcc/Warning-Options.html#index-Woverflow-Woverflow]8;;[m[K]
[0.424s]   218 |         if (ioctl(fd, [01;35m[KTCGETS2[m[K, &tio))
[0.424s]       |                       [01;35m[K^~~~~~~[m[K
[1.388s] [01m[K/home/zoellickhan/Code/2024CV/ws_testROS/src/test_ch343/src/test_read.cpp:[m[K In function â€˜[01m[Kint main(int, char**)[m[Kâ€™:
[1.388s] [01m[K/home/zoellickhan/Code/2024CV/ws_testROS/src/test_ch343/src/test_read.cpp:18:10:[m[K [01;31m[Kerror: [m[Kcannot convert â€˜[01m[Ktime_t*[m[Kâ€™ {aka â€˜[01m[Klong int*[m[Kâ€™} to â€˜[01m[Kdouble[m[Kâ€™ in initialization
[1.388s]    18 |     time([01;31m[K&timeptr[m[K);
[1.388s]       |          [01;31m[K^~~~~~~~[m[K
[1.388s]       |          [01;31m[K|[m[K
[1.388s]       |          [01;31m[Ktime_t* {aka long int*}[m[K
[1.388s] [01m[K/home/zoellickhan/Code/2024CV/ws_testROS/src/test_ch343/src/test_read.cpp:34:20:[m[K [01;35m[Kwarning: [m[Kformat â€˜[01m[K%f[m[Kâ€™ expects argument of type â€˜[01m[Kdouble[m[Kâ€™, but argument 2 has type â€˜[01m[Klong int[m[Kâ€™ [[01;35m[K]8;;https://gcc.gnu.org/onlinedocs/gcc/Warning-Options.html#index-Wformat=-Wformat=]8;;[m[K]
[1.389s]    34 |     printf("time: [01;35m[K%f[m[K, throuhtput: %f \n",[32m[Kperiod[m[K,throughput);
[1.389s]       |                   [01;35m[K~^[m[K                     [32m[K~~~~~~[m[K
[1.389s]       |                    [01;35m[K|[m[K                     [32m[K|[m[K
[1.389s]       |                    [01;35m[Kdouble[m[K                [32m[Klong int[m[K
[1.389s]       |                   [32m[K%ld[m[K
[1.389s] [01m[K/home/zoellickhan/Code/2024CV/ws_testROS/src/test_ch343/src/test_read.cpp:18:5:[m[K [01;35m[Kwarning: [m[Kunused variable â€˜[01m[Ktime[m[Kâ€™ [[01;35m[K]8;;https://gcc.gnu.org/onlinedocs/gcc/Warning-Options.html#index-Wunused-variable-Wunused-variable]8;;[m[K]
[1.389s]    18 |     [01;35m[Ktime[m[K(&timeptr);
[1.389s]       |     [01;35m[K^~~~[m[K
[1.632s] gmake[2]: *** [CMakeFiles/test_ch343.dir/build.make:76: CMakeFiles/test_ch343.dir/src/test_read.cpp.o] Error 1
[1.632s] gmake[1]: *** [CMakeFiles/Makefile2:137: CMakeFiles/test_ch343.dir/all] Error 2
[1.633s] gmake: *** [Makefile:146: all] Error 2
[1.635s] Invoked command in '/home/zoellickhan/Code/2024CV/ws_testROS/src/build/test_ch343' returned '2': CMAKE_PREFIX_PATH=/opt/ros/humble /usr/bin/cmake --build /home/zoellickhan/Code/2024CV/ws_testROS/src/build/test_ch343 -- -j20 -l20
