-- Found ament_cmake: 1.3.8 (/opt/ros/humble/share/ament_cmake/cmake)
-- Found rclcpp: 16.0.8 (/opt/ros/humble/share/rclcpp/cmake)
-- Found rosidl_generator_c: 3.1.5 (/opt/ros/humble/share/rosidl_generator_c/cmake)
-- Found rosidl_adapter: 3.1.5 (/opt/ros/humble/share/rosidl_adapter/cmake)
-- Found rosidl_generator_cpp: 3.1.5 (/opt/ros/humble/share/rosidl_generator_cpp/cmake)
-- Using all available rosidl_typesupport_c: rosidl_typesupport_fastrtps_c;rosidl_typesupport_introspection_c
-- Using all available rosidl_typesupport_cpp: rosidl_typesupport_fastrtps_cpp;rosidl_typesupport_introspection_cpp
-- Found rmw_implementation_cmake: 6.1.1 (/opt/ros/humble/share/rmw_implementation_cmake/cmake)
-- Found rmw_fastrtps_cpp: 6.2.6 (/opt/ros/humble/share/rmw_fastrtps_cpp/cmake)
-- Using RMW implementation 'rmw_fastrtps_cpp' as default
-- Found ament_lint_auto: 0.12.10 (/opt/ros/humble/share/ament_lint_auto/cmake)
-- Added test 'cppcheck' to perform static code analysis on C / C++ code
-- Configured cppcheck include dirs: 
-- Configured cppcheck exclude dirs and/or files: 
-- Added test 'lint_cmake' to check CMake code style
-- Added test 'uncrustify' to check C / C++ code style
-- Configured uncrustify additional arguments: 
-- Added test 'xmllint' to check XML markup files
-- Configuring done
-- Generating done
-- Build files have been written to: /home/zoellickhan/Code/2024CV/ws_testROS/build/test_serialdriver
[35m[1mConsolidate compiler generated dependencies of target test_serialdriver[0m
[ 75%] [32mBuilding CXX object CMakeFiles/test_serialdriver.dir/src/newDriver.cpp.o[0m
[ 75%] [32mBuilding CXX object CMakeFiles/test_serialdriver.dir/src/test_write.cpp.o[0m
[ 75%] [32mBuilding CXX object CMakeFiles/test_serialdriver.dir/src/crc.cpp.o[0m
[01m[K/home/zoellickhan/Code/2024CV/ws_testROS/src/test_serialdriver/src/crc.cpp:4:10:[m[K [01;31m[Kfatal error: [m[Krm_serial_driver/crc.hpp: No such file or directory
    4 | #include [01;31m[K"rm_serial_driver/crc.hpp"[m[K
      |          [01;31m[K^~~~~~~~~~~~~~~~~~~~~~~~~~[m[K
compilation terminated.
gmake[2]: *** [CMakeFiles/test_serialdriver.dir/build.make:104: CMakeFiles/test_serialdriver.dir/src/crc.cpp.o] Error 1
gmake[2]: *** Waiting for unfinished jobs....
[01m[K/home/zoellickhan/Code/2024CV/ws_testROS/src/test_serialdriver/src/newDriver.cpp:[m[K In member function â€˜[01m[Kbool newSerialDriver::Port::setBaudRate()[m[Kâ€™:
[01m[K/home/zoellickhan/Code/2024CV/ws_testROS/src/test_serialdriver/src/newDriver.cpp:74:23:[m[K [01;35m[Kwarning: [m[Koverflow in conversion from â€˜[01m[Klong unsigned int[m[Kâ€™ to â€˜[01m[Kint[m[Kâ€™ changes value from â€˜[01m[K2150388778[m[Kâ€™ to â€˜[01m[K-2144578518[m[Kâ€™ [[01;35m[K]8;;https://gcc.gnu.org/onlinedocs/gcc/Warning-Options.html#index-Woverflow-Woverflow]8;;[m[K]
   74 |         if (ioctl(fd, [01;35m[KTCGETS2[m[K, &tio))
      |                       [01;35m[K^~~~~~~[m[K
[01m[K/home/zoellickhan/Code/2024CV/ws_testROS/src/test_serialdriver/src/newDriver.cpp:91:23:[m[K [01;35m[Kwarning: [m[Koverflow in conversion from â€˜[01m[Klong unsigned int[m[Kâ€™ to â€˜[01m[Kint[m[Kâ€™ changes value from â€˜[01m[K2150388778[m[Kâ€™ to â€˜[01m[K-2144578518[m[Kâ€™ [[01;35m[K]8;;https://gcc.gnu.org/onlinedocs/gcc/Warning-Options.html#index-Woverflow-Woverflow]8;;[m[K]
   91 |         if (ioctl(fd, [01;35m[KTCGETS2[m[K, &tio))
      |                       [01;35m[K^~~~~~~[m[K
[01m[K/home/zoellickhan/Code/2024CV/ws_testROS/src/test_serialdriver/src/newDriver.cpp:[m[K In member function â€˜[01m[Kbool newSerialDriver::Port::init()[m[Kâ€™:
[01m[K/home/zoellickhan/Code/2024CV/ws_testROS/src/test_serialdriver/src/newDriver.cpp:205:23:[m[K [01;35m[Kwarning: [m[Koverflow in conversion from â€˜[01m[Klong unsigned int[m[Kâ€™ to â€˜[01m[Kint[m[Kâ€™ changes value from â€˜[01m[K2150388778[m[Kâ€™ to â€˜[01m[K-2144578518[m[Kâ€™ [[01;35m[K]8;;https://gcc.gnu.org/onlinedocs/gcc/Warning-Options.html#index-Woverflow-Woverflow]8;;[m[K]
  205 |         if (ioctl(fd, [01;35m[KTCGETS2[m[K, &tio))
      |                       [01;35m[K^~~~~~~[m[K
[01m[K/home/zoellickhan/Code/2024CV/ws_testROS/src/test_serialdriver/src/newDriver.cpp:222:23:[m[K [01;35m[Kwarning: [m[Koverflow in conversion from â€˜[01m[Klong unsigned int[m[Kâ€™ to â€˜[01m[Kint[m[Kâ€™ changes value from â€˜[01m[K2150388778[m[Kâ€™ to â€˜[01m[K-2144578518[m[Kâ€™ [[01;35m[K]8;;https://gcc.gnu.org/onlinedocs/gcc/Warning-Options.html#index-Woverflow-Woverflow]8;;[m[K]
  222 |         if (ioctl(fd, [01;35m[KTCGETS2[m[K, &tio))
      |                       [01;35m[K^~~~~~~[m[K
[01m[K/home/zoellickhan/Code/2024CV/ws_testROS/src/test_serialdriver/src/test_write.cpp:[m[K In function â€˜[01m[Kint main(int, char**)[m[Kâ€™:
[01m[K/home/zoellickhan/Code/2024CV/ws_testROS/src/test_serialdriver/src/test_write.cpp:56:25:[m[K [01;35m[Kwarning: [m[Kformat â€˜[01m[K%ld[m[Kâ€™ expects argument of type â€˜[01m[Klong int[m[Kâ€™, but argument 2 has type â€˜[01m[Kdouble[m[Kâ€™ [[01;35m[K]8;;https://gcc.gnu.org/onlinedocs/gcc/Warning-Options.html#index-Wformat=-Wformat=]8;;[m[K]
   56 |         printf("time: [01;35m[K%ld[m[K, throuhtput: %f \n",[32m[Kperiod[m[K,throughput);
      |                       [01;35m[K~~^[m[K                     [32m[K~~~~~~[m[K
      |                         [01;35m[K|[m[K                     [32m[K|[m[K
      |                         [01;35m[Klong int[m[K              [32m[Kdouble[m[K
      |                       [32m[K%f[m[K
gmake[1]: *** [CMakeFiles/Makefile2:137: CMakeFiles/test_serialdriver.dir/all] Error 2
gmake: *** [Makefile:146: all] Error 2
