[0.006s] Invoking command in '/home/zoellickhan/Code/2024CV/ws_testROS/build/test_serialdriver': CMAKE_PREFIX_PATH=/opt/ros/humble /usr/bin/cmake --build /home/zoellickhan/Code/2024CV/ws_testROS/build/test_serialdriver -- -j20 -l20
[0.047s] -- Found ament_cmake: 1.3.8 (/opt/ros/humble/share/ament_cmake/cmake)
[0.254s] -- Found rclcpp: 16.0.8 (/opt/ros/humble/share/rclcpp/cmake)
[0.307s] -- Found rosidl_generator_c: 3.1.5 (/opt/ros/humble/share/rosidl_generator_c/cmake)
[0.311s] -- Found rosidl_adapter: 3.1.5 (/opt/ros/humble/share/rosidl_adapter/cmake)
[0.321s] -- Found rosidl_generator_cpp: 3.1.5 (/opt/ros/humble/share/rosidl_generator_cpp/cmake)
[0.342s] -- Using all available rosidl_typesupport_c: rosidl_typesupport_fastrtps_c;rosidl_typesupport_introspection_c
[0.371s] -- Using all available rosidl_typesupport_cpp: rosidl_typesupport_fastrtps_cpp;rosidl_typesupport_introspection_cpp
[0.452s] -- Found rmw_implementation_cmake: 6.1.1 (/opt/ros/humble/share/rmw_implementation_cmake/cmake)
[0.454s] -- Found rmw_fastrtps_cpp: 6.2.6 (/opt/ros/humble/share/rmw_fastrtps_cpp/cmake)
[0.582s] -- Using RMW implementation 'rmw_fastrtps_cpp' as default
[0.733s] -- Found ament_lint_auto: 0.12.10 (/opt/ros/humble/share/ament_lint_auto/cmake)
[0.776s] -- Added test 'cppcheck' to perform static code analysis on C / C++ code
[0.776s] -- Configured cppcheck include dirs: 
[0.776s] -- Configured cppcheck exclude dirs and/or files: 
[0.777s] -- Added test 'lint_cmake' to check CMake code style
[0.778s] -- Added test 'uncrustify' to check C / C++ code style
[0.778s] -- Configured uncrustify additional arguments: 
[0.778s] -- Added test 'xmllint' to check XML markup files
[0.780s] -- Configuring done
[0.787s] -- Generating done
[0.789s] -- Build files have been written to: /home/zoellickhan/Code/2024CV/ws_testROS/build/test_serialdriver
[0.806s] [35m[1mConsolidate compiler generated dependencies of target test_serialdriver[0m
[0.818s] [ 75%] [32mBuilding CXX object CMakeFiles/test_serialdriver.dir/src/newDriver.cpp.o[0m
[0.818s] [ 75%] [32mBuilding CXX object CMakeFiles/test_serialdriver.dir/src/test_write.cpp.o[0m
[0.818s] [ 75%] [32mBuilding CXX object CMakeFiles/test_serialdriver.dir/src/crc.cpp.o[0m
[0.823s] [01m[K/home/zoellickhan/Code/2024CV/ws_testROS/src/test_serialdriver/src/crc.cpp:4:10:[m[K [01;31m[Kfatal error: [m[Krm_serial_driver/crc.hpp: No such file or directory
[0.823s]     4 | #include [01;31m[K"rm_serial_driver/crc.hpp"[m[K
[0.823s]       |          [01;31m[K^~~~~~~~~~~~~~~~~~~~~~~~~~[m[K
[0.823s] compilation terminated.
[0.823s] gmake[2]: *** [CMakeFiles/test_serialdriver.dir/build.make:104: CMakeFiles/test_serialdriver.dir/src/crc.cpp.o] Error 1
[0.823s] gmake[2]: *** Waiting for unfinished jobs....
[1.079s] [01m[K/home/zoellickhan/Code/2024CV/ws_testROS/src/test_serialdriver/src/newDriver.cpp:[m[K In member function â€˜[01m[Kbool newSerialDriver::Port::setBaudRate()[m[Kâ€™:
[1.079s] [01m[K/home/zoellickhan/Code/2024CV/ws_testROS/src/test_serialdriver/src/newDriver.cpp:74:23:[m[K [01;35m[Kwarning: [m[Koverflow in conversion from â€˜[01m[Klong unsigned int[m[Kâ€™ to â€˜[01m[Kint[m[Kâ€™ changes value from â€˜[01m[K2150388778[m[Kâ€™ to â€˜[01m[K-2144578518[m[Kâ€™ [[01;35m[K]8;;https://gcc.gnu.org/onlinedocs/gcc/Warning-Options.html#index-Woverflow-Woverflow]8;;[m[K]
[1.079s]    74 |         if (ioctl(fd, [01;35m[KTCGETS2[m[K, &tio))
[1.079s]       |                       [01;35m[K^~~~~~~[m[K
[1.079s] [01m[K/home/zoellickhan/Code/2024CV/ws_testROS/src/test_serialdriver/src/newDriver.cpp:91:23:[m[K [01;35m[Kwarning: [m[Koverflow in conversion from â€˜[01m[Klong unsigned int[m[Kâ€™ to â€˜[01m[Kint[m[Kâ€™ changes value from â€˜[01m[K2150388778[m[Kâ€™ to â€˜[01m[K-2144578518[m[Kâ€™ [[01;35m[K]8;;https://gcc.gnu.org/onlinedocs/gcc/Warning-Options.html#index-Woverflow-Woverflow]8;;[m[K]
[1.079s]    91 |         if (ioctl(fd, [01;35m[KTCGETS2[m[K, &tio))
[1.079s]       |                       [01;35m[K^~~~~~~[m[K
[1.079s] [01m[K/home/zoellickhan/Code/2024CV/ws_testROS/src/test_serialdriver/src/newDriver.cpp:[m[K In member function â€˜[01m[Kbool newSerialDriver::Port::init()[m[Kâ€™:
[1.080s] [01m[K/home/zoellickhan/Code/2024CV/ws_testROS/src/test_serialdriver/src/newDriver.cpp:205:23:[m[K [01;35m[Kwarning: [m[Koverflow in conversion from â€˜[01m[Klong unsigned int[m[Kâ€™ to â€˜[01m[Kint[m[Kâ€™ changes value from â€˜[01m[K2150388778[m[Kâ€™ to â€˜[01m[K-2144578518[m[Kâ€™ [[01;35m[K]8;;https://gcc.gnu.org/onlinedocs/gcc/Warning-Options.html#index-Woverflow-Woverflow]8;;[m[K]
[1.080s]   205 |         if (ioctl(fd, [01;35m[KTCGETS2[m[K, &tio))
[1.080s]       |                       [01;35m[K^~~~~~~[m[K
[1.080s] [01m[K/home/zoellickhan/Code/2024CV/ws_testROS/src/test_serialdriver/src/newDriver.cpp:222:23:[m[K [01;35m[Kwarning: [m[Koverflow in conversion from â€˜[01m[Klong unsigned int[m[Kâ€™ to â€˜[01m[Kint[m[Kâ€™ changes value from â€˜[01m[K2150388778[m[Kâ€™ to â€˜[01m[K-2144578518[m[Kâ€™ [[01;35m[K]8;;https://gcc.gnu.org/onlinedocs/gcc/Warning-Options.html#index-Woverflow-Woverflow]8;;[m[K]
[1.080s]   222 |         if (ioctl(fd, [01;35m[KTCGETS2[m[K, &tio))
[1.080s]       |                       [01;35m[K^~~~~~~[m[K
[2.080s] [01m[K/home/zoellickhan/Code/2024CV/ws_testROS/src/test_serialdriver/src/test_write.cpp:[m[K In function â€˜[01m[Kint main(int, char**)[m[Kâ€™:
[2.080s] [01m[K/home/zoellickhan/Code/2024CV/ws_testROS/src/test_serialdriver/src/test_write.cpp:56:25:[m[K [01;35m[Kwarning: [m[Kformat â€˜[01m[K%ld[m[Kâ€™ expects argument of type â€˜[01m[Klong int[m[Kâ€™, but argument 2 has type â€˜[01m[Kdouble[m[Kâ€™ [[01;35m[K]8;;https://gcc.gnu.org/onlinedocs/gcc/Warning-Options.html#index-Wformat=-Wformat=]8;;[m[K]
[2.080s]    56 |         printf("time: [01;35m[K%ld[m[K, throuhtput: %f \n",[32m[Kperiod[m[K,throughput);
[2.080s]       |                       [01;35m[K~~^[m[K                     [32m[K~~~~~~[m[K
[2.080s]       |                         [01;35m[K|[m[K                     [32m[K|[m[K
[2.080s]       |                         [01;35m[Klong int[m[K              [32m[Kdouble[m[K
[2.080s]       |                       [32m[K%f[m[K
[2.435s] gmake[1]: *** [CMakeFiles/Makefile2:137: CMakeFiles/test_serialdriver.dir/all] Error 2
[2.435s] gmake: *** [Makefile:146: all] Error 2
