In file included from [01m[K/home/zoellickhan/Code/2024CV/ws_testROS/src/test_ch343/src/test.cpp:3[m[K:
[01m[K/home/zoellickhan/Code/2024CV/ws_testROS/src/test_ch343/src/newDriver.hpp:7:10:[m[K [01;31m[Kfatal error: [m[Kstd_msgs/msg/float64.hpp: No such file or directory
    7 | #include [01;31m[K<std_msgs/msg/float64.hpp>[m[K
      |          [01;31m[K^~~~~~~~~~~~~~~~~~~~~~~~~~[m[K
compilation terminated.
gmake[2]: *** [CMakeFiles/test_ch343.dir/build.make:76: CMakeFiles/test_ch343.dir/src/test.cpp.o] Error 1
gmake[1]: *** [CMakeFiles/Makefile2:137: CMakeFiles/test_ch343.dir/all] Error 2
gmake: *** [Makefile:146: all] Error 2
