[01m[K/home/zoellickhan/Code/2024CV/ws_testROS/src/test_ch343/src/test_read.cpp:[m[K In function â€˜[01m[Kint main(int, char**)[m[Kâ€™:
[01m[K/home/zoellickhan/Code/2024CV/ws_testROS/src/test_ch343/src/test_read.cpp:87:18:[m[K [01;31m[Kerror: [m[Kredeclaration of â€˜[01m[Kbool crc_ok[m[Kâ€™
   87 |             bool [01;31m[Kcrc_ok[m[K = Verify_CRC16_Check_Sum(reinterpret_cast<const uint8_t *>
      |                  [01;31m[K^~~~~~[m[K
[01m[K/home/zoellickhan/Code/2024CV/ws_testROS/src/test_ch343/src/test_read.cpp:81:18:[m[K [01;36m[Knote: [m[Kâ€˜[01m[Kbool crc_ok[m[Kâ€™ previously declared here
   81 |             bool [01;36m[Kcrc_ok[m[K = Verify_CRC16_Check_Sum(reinterpret_cast<const uint8_t *>
      |                  [01;36m[K^~~~~~[m[K
gmake[2]: *** [CMakeFiles/test_ch343.dir/build.make:76: CMakeFiles/test_ch343.dir/src/test_read.cpp.o] Error 1
gmake[1]: *** [CMakeFiles/Makefile2:137: CMakeFiles/test_ch343.dir/all] Error 2
gmake: *** [Makefile:146: all] Error 2
