[0.010s] Invoking command in '/home/zoellickhan/Code/2024CV/ws_testROS/build/test_ch343': CMAKE_PREFIX_PATH=${CMAKE_PREFIX_PATH}:/opt/ros/humble /usr/bin/cmake --build /home/zoellickhan/Code/2024CV/ws_testROS/build/test_ch343 -- -j20 -l20
[0.099s] [ 25%] [32mBuilding CXX object CMakeFiles/test_ch343.dir/src/test_read.cpp.o[0m
[1.639s] [01m[K/home/zoellickhan/Code/2024CV/ws_testROS/src/test_ch343/src/test_read.cpp:[m[K In function â€˜[01m[Kint main(int, char**)[m[Kâ€™:
[1.639s] [01m[K/home/zoellickhan/Code/2024CV/ws_testROS/src/test_ch343/src/test_read.cpp:87:18:[m[K [01;31m[Kerror: [m[Kredeclaration of â€˜[01m[Kbool crc_ok[m[Kâ€™
[1.639s]    87 |             bool [01;31m[Kcrc_ok[m[K = Verify_CRC16_Check_Sum(reinterpret_cast<const uint8_t *>
[1.639s]       |                  [01;31m[K^~~~~~[m[K
[1.639s] [01m[K/home/zoellickhan/Code/2024CV/ws_testROS/src/test_ch343/src/test_read.cpp:81:18:[m[K [01;36m[Knote: [m[Kâ€˜[01m[Kbool crc_ok[m[Kâ€™ previously declared here
[1.639s]    81 |             bool [01;36m[Kcrc_ok[m[K = Verify_CRC16_Check_Sum(reinterpret_cast<const uint8_t *>
[1.639s]       |                  [01;36m[K^~~~~~[m[K
[1.906s] gmake[2]: *** [CMakeFiles/test_ch343.dir/build.make:76: CMakeFiles/test_ch343.dir/src/test_read.cpp.o] Error 1
[1.906s] gmake[1]: *** [CMakeFiles/Makefile2:137: CMakeFiles/test_ch343.dir/all] Error 2
[1.906s] gmake: *** [Makefile:146: all] Error 2
[1.908s] Invoked command in '/home/zoellickhan/Code/2024CV/ws_testROS/build/test_ch343' returned '2': CMAKE_PREFIX_PATH=${CMAKE_PREFIX_PATH}:/opt/ros/humble /usr/bin/cmake --build /home/zoellickhan/Code/2024CV/ws_testROS/build/test_ch343 -- -j20 -l20
