[0.007s] Invoking command in '/home/zoellickhan/Code/2024CV/ws_testROS/build/test_serialdriver': CMAKE_PREFIX_PATH=/opt/ros/humble /usr/bin/cmake --build /home/zoellickhan/Code/2024CV/ws_testROS/build/test_serialdriver -- -j20 -l20
[0.049s] [35m[1mConsolidate compiler generated dependencies of target test_serialdriver[0m
[0.080s] [ 25%] [32mBuilding CXX object CMakeFiles/test_serialdriver.dir/src/crc.cpp.o[0m
[0.092s] [01m[K/home/zoellickhan/Code/2024CV/ws_testROS/src/test_serialdriver/src/crc.cpp:4:10:[m[K [01;31m[Kfatal error: [m[Krm_serial_driver/crc.hpp: No such file or directory
[0.092s]     4 | #include [01;31m[K"rm_serial_driver/crc.hpp"[m[K
[0.093s]       |          [01;31m[K^~~~~~~~~~~~~~~~~~~~~~~~~~[m[K
[0.093s] compilation terminated.
[0.093s] gmake[2]: *** [CMakeFiles/test_serialdriver.dir/build.make:104: CMakeFiles/test_serialdriver.dir/src/crc.cpp.o] Error 1
[0.094s] gmake[1]: *** [CMakeFiles/Makefile2:137: CMakeFiles/test_serialdriver.dir/all] Error 2
[0.094s] gmake: *** [Makefile:146: all] Error 2
[0.097s] Invoked command in '/home/zoellickhan/Code/2024CV/ws_testROS/build/test_serialdriver' returned '2': CMAKE_PREFIX_PATH=/opt/ros/humble /usr/bin/cmake --build /home/zoellickhan/Code/2024CV/ws_testROS/build/test_serialdriver -- -j20 -l20
