[01m[K/home/zoellickhan/Code/2024CV/ws_testROS/src/test_serialdriver/src/newDriver.cpp:[m[K In member function â€˜[01m[Kint newSerialDriver::Port::test_transmit()[m[Kâ€™:
[01m[K/home/zoellickhan/Code/2024CV/ws_testROS/src/test_serialdriver/src/newDriver.cpp:57:1:[m[K [01;35m[Kwarning: [m[Kno return statement in function returning non-void [[01;35m[K]8;;https://gcc.gnu.org/onlinedocs/gcc/Warning-Options.html#index-Wreturn-type-Wreturn-type]8;;[m[K]
   57 | [01;35m[K}[m[K
      | [01;35m[K^[m[K
[01m[K/home/zoellickhan/Code/2024CV/ws_testROS/src/test_serialdriver/src/newDriver.cpp:[m[K In member function â€˜[01m[Kbool newSerialDriver::Port::setBaudRate()[m[Kâ€™:
[01m[K/home/zoellickhan/Code/2024CV/ws_testROS/src/test_serialdriver/src/newDriver.cpp:70:23:[m[K [01;35m[Kwarning: [m[Koverflow in conversion from â€˜[01m[Klong unsigned int[m[Kâ€™ to â€˜[01m[Kint[m[Kâ€™ changes value from â€˜[01m[K2150388778[m[Kâ€™ to â€˜[01m[K-2144578518[m[Kâ€™ [[01;35m[K]8;;https://gcc.gnu.org/onlinedocs/gcc/Warning-Options.html#index-Woverflow-Woverflow]8;;[m[K]
   70 |         if (ioctl(fd, [01;35m[KTCGETS2[m[K, &tio))
      |                       [01;35m[K^~~~~~~[m[K
[01m[K/home/zoellickhan/Code/2024CV/ws_testROS/src/test_serialdriver/src/newDriver.cpp:87:23:[m[K [01;35m[Kwarning: [m[Koverflow in conversion from â€˜[01m[Klong unsigned int[m[Kâ€™ to â€˜[01m[Kint[m[Kâ€™ changes value from â€˜[01m[K2150388778[m[Kâ€™ to â€˜[01m[K-2144578518[m[Kâ€™ [[01;35m[K]8;;https://gcc.gnu.org/onlinedocs/gcc/Warning-Options.html#index-Woverflow-Woverflow]8;;[m[K]
   87 |         if (ioctl(fd, [01;35m[KTCGETS2[m[K, &tio))
      |                       [01;35m[K^~~~~~~[m[K
[01m[K/home/zoellickhan/Code/2024CV/ws_testROS/src/test_serialdriver/src/newDriver.cpp:[m[K In member function â€˜[01m[Kbool newSerialDriver::Port::init()[m[Kâ€™:
[01m[K/home/zoellickhan/Code/2024CV/ws_testROS/src/test_serialdriver/src/newDriver.cpp:201:23:[m[K [01;35m[Kwarning: [m[Koverflow in conversion from â€˜[01m[Klong unsigned int[m[Kâ€™ to â€˜[01m[Kint[m[Kâ€™ changes value from â€˜[01m[K2150388778[m[Kâ€™ to â€˜[01m[K-2144578518[m[Kâ€™ [[01;35m[K]8;;https://gcc.gnu.org/onlinedocs/gcc/Warning-Options.html#index-Woverflow-Woverflow]8;;[m[K]
  201 |         if (ioctl(fd, [01;35m[KTCGETS2[m[K, &tio))
      |                       [01;35m[K^~~~~~~[m[K
[01m[K/home/zoellickhan/Code/2024CV/ws_testROS/src/test_serialdriver/src/newDriver.cpp:218:23:[m[K [01;35m[Kwarning: [m[Koverflow in conversion from â€˜[01m[Klong unsigned int[m[Kâ€™ to â€˜[01m[Kint[m[Kâ€™ changes value from â€˜[01m[K2150388778[m[Kâ€™ to â€˜[01m[K-2144578518[m[Kâ€™ [[01;35m[K]8;;https://gcc.gnu.org/onlinedocs/gcc/Warning-Options.html#index-Woverflow-Woverflow]8;;[m[K]
  218 |         if (ioctl(fd, [01;35m[KTCGETS2[m[K, &tio))
      |                       [01;35m[K^~~~~~~[m[K
[01m[K/home/zoellickhan/Code/2024CV/ws_testROS/src/test_serialdriver/src/test_write.cpp:[m[K In function â€˜[01m[Kint main(int, char**)[m[Kâ€™:
[01m[K/home/zoellickhan/Code/2024CV/ws_testROS/src/test_serialdriver/src/test_write.cpp:17:5:[m[K [01;31m[Kerror: [m[Kâ€˜[01m[Krclcpp::init[m[Kâ€™ is not a class member
   17 |     [01;31m[Krclcpp[m[K::init(argc, argv);
      |     [01;31m[K^~~~~~[m[K
[01m[K/home/zoellickhan/Code/2024CV/ws_testROS/src/test_serialdriver/src/test_write.cpp:23:5:[m[K [01;31m[Kerror: [m[Kâ€˜[01m[Klast_time[m[Kâ€™ was not declared in this scope; did you mean â€˜[01m[KlastTime[m[Kâ€™?
   23 |     [01;31m[Klast_time[m[K = timeptr;
      |     [01;31m[K^~~~~~~~~[m[K
      |     [32m[KlastTime[m[K
[01m[K/home/zoellickhan/Code/2024CV/ws_testROS/src/test_serialdriver/src/test_write.cpp:23:17:[m[K [01;31m[Kerror: [m[Kâ€˜[01m[Ktimeptr[m[Kâ€™ was not declared in this scope; did you mean â€˜[01m[Ktime_t[m[Kâ€™?
   23 |     last_time = [01;31m[Ktimeptr[m[K;
      |                 [01;31m[K^~~~~~~[m[K
      |                 [32m[Ktime_t[m[K
[01m[K/home/zoellickhan/Code/2024CV/ws_testROS/src/test_serialdriver/src/test_write.cpp:27:9:[m[K [01;31m[Kerror: [m[Kâ€˜[01m[Kperiod[m[Kâ€™ was not declared in this scope; did you mean â€˜[01m[Kperror[m[Kâ€™?
   27 |         [01;31m[Kperiod[m[K = timeptr - last_time;
      |         [01;31m[K^~~~~~[m[K
      |         [32m[Kperror[m[K
[01m[K/home/zoellickhan/Code/2024CV/ws_testROS/src/test_serialdriver/src/test_write.cpp:28:25:[m[K [01;31m[Kerror: [m[Kâ€˜[01m[Kthroughput[m[Kâ€™ was not declared in this scope
   28 |         if(period != 0) [01;31m[Kthroughput[m[K = port->getNumRead()/period*10000;
      |                         [01;31m[K^~~~~~~~~~[m[K
[01m[K/home/zoellickhan/Code/2024CV/ws_testROS/src/test_serialdriver/src/test_write.cpp:31:43:[m[K [01;31m[Kerror: [m[Kâ€˜[01m[Kperiod[m[Kâ€™ was not declared in this scope; did you mean â€˜[01m[Kperror[m[Kâ€™?
   31 |     printf("time: %ld, throuhtput: %f \n",[01;31m[Kperiod[m[K,throughput);
      |                                           [01;31m[K^~~~~~[m[K
      |                                           [32m[Kperror[m[K
[01m[K/home/zoellickhan/Code/2024CV/ws_testROS/src/test_serialdriver/src/test_write.cpp:31:50:[m[K [01;31m[Kerror: [m[Kâ€˜[01m[Kthroughput[m[Kâ€™ was not declared in this scope
   31 |     printf("time: %ld, throuhtput: %f \n",period,[01;31m[Kthroughput[m[K);
      |                                                  [01;31m[K^~~~~~~~~~[m[K
[01m[K/home/zoellickhan/Code/2024CV/ws_testROS/src/test_serialdriver/src/test_write.cpp:15:12:[m[K [01;35m[Kwarning: [m[Kunused variable â€˜[01m[KlastTime[m[Kâ€™ [[01;35m[K]8;;https://gcc.gnu.org/onlinedocs/gcc/Warning-Options.html#index-Wunused-variable-Wunused-variable]8;;[m[K]
   15 |     double [01;35m[KlastTime[m[K = ts.
      |            [01;35m[K^~~~~~~~[m[K
gmake[2]: *** [CMakeFiles/test_serialdriver.dir/build.make:76: CMakeFiles/test_serialdriver.dir/src/test_write.cpp.o] Error 1
gmake[1]: *** [CMakeFiles/Makefile2:137: CMakeFiles/test_serialdriver.dir/all] Error 2
gmake: *** [Makefile:146: all] Error 2
