[0.007s] Invoking command in '/home/zoellickhan/Code/2024CV/ws_testROS/build/test_serialdriver': CMAKE_PREFIX_PATH=/opt/ros/humble /usr/bin/cmake --build /home/zoellickhan/Code/2024CV/ws_testROS/build/test_serialdriver -- -j20 -l20
[0.053s] -- Found ament_cmake: 1.3.8 (/opt/ros/humble/share/ament_cmake/cmake)
[0.218s] -- Found rclcpp: 16.0.8 (/opt/ros/humble/share/rclcpp/cmake)
[0.272s] -- Found rosidl_generator_c: 3.1.5 (/opt/ros/humble/share/rosidl_generator_c/cmake)
[0.278s] -- Found rosidl_adapter: 3.1.5 (/opt/ros/humble/share/rosidl_adapter/cmake)
[0.291s] -- Found rosidl_generator_cpp: 3.1.5 (/opt/ros/humble/share/rosidl_generator_cpp/cmake)
[0.311s] -- Using all available rosidl_typesupport_c: rosidl_typesupport_fastrtps_c;rosidl_typesupport_introspection_c
[0.331s] -- Using all available rosidl_typesupport_cpp: rosidl_typesupport_fastrtps_cpp;rosidl_typesupport_introspection_cpp
[0.373s] -- Found rmw_implementation_cmake: 6.1.1 (/opt/ros/humble/share/rmw_implementation_cmake/cmake)
[0.374s] -- Found rmw_fastrtps_cpp: 6.2.6 (/opt/ros/humble/share/rmw_fastrtps_cpp/cmake)
[0.450s] -- Using RMW implementation 'rmw_fastrtps_cpp' as default
[0.555s] -- Found ament_lint_auto: 0.12.10 (/opt/ros/humble/share/ament_lint_auto/cmake)
[0.604s] -- Added test 'cppcheck' to perform static code analysis on C / C++ code
[0.604s] -- Configured cppcheck include dirs: 
[0.604s] -- Configured cppcheck exclude dirs and/or files: 
[0.605s] -- Added test 'lint_cmake' to check CMake code style
[0.605s] -- Added test 'uncrustify' to check C / C++ code style
[0.605s] -- Configured uncrustify additional arguments: 
[0.606s] -- Added test 'xmllint' to check XML markup files
[0.607s] -- Configuring done
[0.612s] -- Generating done
[0.613s] -- Build files have been written to: /home/zoellickhan/Code/2024CV/ws_testROS/build/test_serialdriver
[0.637s] [ 66%] [32mBuilding CXX object CMakeFiles/test_serialdriver.dir/src/test_write.cpp.o[0m
[0.637s] [ 66%] [32mBuilding CXX object CMakeFiles/test_serialdriver.dir/src/newDriver.cpp.o[0m
[1.248s] [01m[K/home/zoellickhan/Code/2024CV/ws_testROS/src/test_serialdriver/src/newDriver.cpp:[m[K In member function â€˜[01m[Kint newSerialDriver::Port::test_transmit()[m[Kâ€™:
[1.248s] [01m[K/home/zoellickhan/Code/2024CV/ws_testROS/src/test_serialdriver/src/newDriver.cpp:57:1:[m[K [01;35m[Kwarning: [m[Kno return statement in function returning non-void [[01;35m[K]8;;https://gcc.gnu.org/onlinedocs/gcc/Warning-Options.html#index-Wreturn-type-Wreturn-type]8;;[m[K]
[1.248s]    57 | [01;35m[K}[m[K
[1.248s]       | [01;35m[K^[m[K
[1.249s] [01m[K/home/zoellickhan/Code/2024CV/ws_testROS/src/test_serialdriver/src/newDriver.cpp:[m[K In member function â€˜[01m[Kbool newSerialDriver::Port::setBaudRate()[m[Kâ€™:
[1.249s] [01m[K/home/zoellickhan/Code/2024CV/ws_testROS/src/test_serialdriver/src/newDriver.cpp:70:23:[m[K [01;35m[Kwarning: [m[Koverflow in conversion from â€˜[01m[Klong unsigned int[m[Kâ€™ to â€˜[01m[Kint[m[Kâ€™ changes value from â€˜[01m[K2150388778[m[Kâ€™ to â€˜[01m[K-2144578518[m[Kâ€™ [[01;35m[K]8;;https://gcc.gnu.org/onlinedocs/gcc/Warning-Options.html#index-Woverflow-Woverflow]8;;[m[K]
[1.249s]    70 |         if (ioctl(fd, [01;35m[KTCGETS2[m[K, &tio))
[1.249s]       |                       [01;35m[K^~~~~~~[m[K
[1.249s] [01m[K/home/zoellickhan/Code/2024CV/ws_testROS/src/test_serialdriver/src/newDriver.cpp:87:23:[m[K [01;35m[Kwarning: [m[Koverflow in conversion from â€˜[01m[Klong unsigned int[m[Kâ€™ to â€˜[01m[Kint[m[Kâ€™ changes value from â€˜[01m[K2150388778[m[Kâ€™ to â€˜[01m[K-2144578518[m[Kâ€™ [[01;35m[K]8;;https://gcc.gnu.org/onlinedocs/gcc/Warning-Options.html#index-Woverflow-Woverflow]8;;[m[K]
[1.249s]    87 |         if (ioctl(fd, [01;35m[KTCGETS2[m[K, &tio))
[1.249s]       |                       [01;35m[K^~~~~~~[m[K
[1.249s] [01m[K/home/zoellickhan/Code/2024CV/ws_testROS/src/test_serialdriver/src/newDriver.cpp:[m[K In member function â€˜[01m[Kbool newSerialDriver::Port::init()[m[Kâ€™:
[1.249s] [01m[K/home/zoellickhan/Code/2024CV/ws_testROS/src/test_serialdriver/src/newDriver.cpp:201:23:[m[K [01;35m[Kwarning: [m[Koverflow in conversion from â€˜[01m[Klong unsigned int[m[Kâ€™ to â€˜[01m[Kint[m[Kâ€™ changes value from â€˜[01m[K2150388778[m[Kâ€™ to â€˜[01m[K-2144578518[m[Kâ€™ [[01;35m[K]8;;https://gcc.gnu.org/onlinedocs/gcc/Warning-Options.html#index-Woverflow-Woverflow]8;;[m[K]
[1.249s]   201 |         if (ioctl(fd, [01;35m[KTCGETS2[m[K, &tio))
[1.250s]       |                       [01;35m[K^~~~~~~[m[K
[1.250s] [01m[K/home/zoellickhan/Code/2024CV/ws_testROS/src/test_serialdriver/src/newDriver.cpp:218:23:[m[K [01;35m[Kwarning: [m[Koverflow in conversion from â€˜[01m[Klong unsigned int[m[Kâ€™ to â€˜[01m[Kint[m[Kâ€™ changes value from â€˜[01m[K2150388778[m[Kâ€™ to â€˜[01m[K-2144578518[m[Kâ€™ [[01;35m[K]8;;https://gcc.gnu.org/onlinedocs/gcc/Warning-Options.html#index-Woverflow-Woverflow]8;;[m[K]
[1.250s]   218 |         if (ioctl(fd, [01;35m[KTCGETS2[m[K, &tio))
[1.250s]       |                       [01;35m[K^~~~~~~[m[K
[2.874s] [01m[K/home/zoellickhan/Code/2024CV/ws_testROS/src/test_serialdriver/src/test_write.cpp:[m[K In function â€˜[01m[Kint main(int, char**)[m[Kâ€™:
[2.874s] [01m[K/home/zoellickhan/Code/2024CV/ws_testROS/src/test_serialdriver/src/test_write.cpp:17:5:[m[K [01;31m[Kerror: [m[Kâ€˜[01m[Krclcpp::init[m[Kâ€™ is not a class member
[2.874s]    17 |     [01;31m[Krclcpp[m[K::init(argc, argv);
[2.874s]       |     [01;31m[K^~~~~~[m[K
[2.878s] [01m[K/home/zoellickhan/Code/2024CV/ws_testROS/src/test_serialdriver/src/test_write.cpp:23:5:[m[K [01;31m[Kerror: [m[Kâ€˜[01m[Klast_time[m[Kâ€™ was not declared in this scope; did you mean â€˜[01m[KlastTime[m[Kâ€™?
[2.878s]    23 |     [01;31m[Klast_time[m[K = timeptr;
[2.878s]       |     [01;31m[K^~~~~~~~~[m[K
[2.878s]       |     [32m[KlastTime[m[K
[2.881s] [01m[K/home/zoellickhan/Code/2024CV/ws_testROS/src/test_serialdriver/src/test_write.cpp:23:17:[m[K [01;31m[Kerror: [m[Kâ€˜[01m[Ktimeptr[m[Kâ€™ was not declared in this scope; did you mean â€˜[01m[Ktime_t[m[Kâ€™?
[2.881s]    23 |     last_time = [01;31m[Ktimeptr[m[K;
[2.881s]       |                 [01;31m[K^~~~~~~[m[K
[2.881s]       |                 [32m[Ktime_t[m[K
[2.883s] [01m[K/home/zoellickhan/Code/2024CV/ws_testROS/src/test_serialdriver/src/test_write.cpp:27:9:[m[K [01;31m[Kerror: [m[Kâ€˜[01m[Kperiod[m[Kâ€™ was not declared in this scope; did you mean â€˜[01m[Kperror[m[Kâ€™?
[2.883s]    27 |         [01;31m[Kperiod[m[K = timeptr - last_time;
[2.883s]       |         [01;31m[K^~~~~~[m[K
[2.883s]       |         [32m[Kperror[m[K
[2.886s] [01m[K/home/zoellickhan/Code/2024CV/ws_testROS/src/test_serialdriver/src/test_write.cpp:28:25:[m[K [01;31m[Kerror: [m[Kâ€˜[01m[Kthroughput[m[Kâ€™ was not declared in this scope
[2.886s]    28 |         if(period != 0) [01;31m[Kthroughput[m[K = port->getNumRead()/period*10000;
[2.886s]       |                         [01;31m[K^~~~~~~~~~[m[K
[2.888s] [01m[K/home/zoellickhan/Code/2024CV/ws_testROS/src/test_serialdriver/src/test_write.cpp:31:43:[m[K [01;31m[Kerror: [m[Kâ€˜[01m[Kperiod[m[Kâ€™ was not declared in this scope; did you mean â€˜[01m[Kperror[m[Kâ€™?
[2.888s]    31 |     printf("time: %ld, throuhtput: %f \n",[01;31m[Kperiod[m[K,throughput);
[2.888s]       |                                           [01;31m[K^~~~~~[m[K
[2.888s]       |                                           [32m[Kperror[m[K
[2.891s] [01m[K/home/zoellickhan/Code/2024CV/ws_testROS/src/test_serialdriver/src/test_write.cpp:31:50:[m[K [01;31m[Kerror: [m[Kâ€˜[01m[Kthroughput[m[Kâ€™ was not declared in this scope
[2.891s]    31 |     printf("time: %ld, throuhtput: %f \n",period,[01;31m[Kthroughput[m[K);
[2.892s]       |                                                  [01;31m[K^~~~~~~~~~[m[K
[2.893s] [01m[K/home/zoellickhan/Code/2024CV/ws_testROS/src/test_serialdriver/src/test_write.cpp:15:12:[m[K [01;35m[Kwarning: [m[Kunused variable â€˜[01m[KlastTime[m[Kâ€™ [[01;35m[K]8;;https://gcc.gnu.org/onlinedocs/gcc/Warning-Options.html#index-Wunused-variable-Wunused-variable]8;;[m[K]
[2.893s]    15 |     double [01;35m[KlastTime[m[K = ts.
[2.893s]       |            [01;35m[K^~~~~~~~[m[K
[3.308s] gmake[2]: *** [CMakeFiles/test_serialdriver.dir/build.make:76: CMakeFiles/test_serialdriver.dir/src/test_write.cpp.o] Error 1
[3.308s] gmake[1]: *** [CMakeFiles/Makefile2:137: CMakeFiles/test_serialdriver.dir/all] Error 2
[3.308s] gmake: *** [Makefile:146: all] Error 2
[3.310s] Invoked command in '/home/zoellickhan/Code/2024CV/ws_testROS/build/test_serialdriver' returned '2': CMAKE_PREFIX_PATH=/opt/ros/humble /usr/bin/cmake --build /home/zoellickhan/Code/2024CV/ws_testROS/build/test_serialdriver -- -j20 -l20
