[01m[K/home/zoellickhan/Code/2024CV/ws_testROS/src/test_ch343/src/crc.cpp:4:10:[m[K [01;31m[Kfatal error: [m[Krm_serial_driver/crc.hpp: No such file or directory
    4 | #include [01;31m[K"rm_serial_driver/crc.hpp"[m[K
      |          [01;31m[K^~~~~~~~~~~~~~~~~~~~~~~~~~[m[K
compilation terminated.
gmake[2]: *** [CMakeFiles/test_ch343.dir/build.make:104: CMakeFiles/test_ch343.dir/src/crc.cpp.o] Error 1
gmake[2]: *** Waiting for unfinished jobs....
[01m[K/home/zoellickhan/Code/2024CV/ws_testROS/src/test_ch343/src/test_read.cpp:[m[K In function â€˜[01m[Kint main(int, char**)[m[Kâ€™:
[01m[K/home/zoellickhan/Code/2024CV/ws_testROS/src/test_ch343/src/test_read.cpp:51:21:[m[K [01;35m[Kwarning: [m[Kformat â€˜[01m[K%ld[m[Kâ€™ expects argument of type â€˜[01m[Klong int[m[Kâ€™, but argument 2 has type â€˜[01m[Kdouble[m[Kâ€™ [[01;35m[K]8;;https://gcc.gnu.org/onlinedocs/gcc/Warning-Options.html#index-Wformat=-Wformat=]8;;[m[K]
   51 |     printf("time: [01;35m[K%ld[m[K, throuhtput: %f \n",[32m[Kperiod[m[K,throughput);
      |                   [01;35m[K~~^[m[K                     [32m[K~~~~~~[m[K
      |                     [01;35m[K|[m[K                     [32m[K|[m[K
      |                     [01;35m[Klong int[m[K              [32m[Kdouble[m[K
      |                   [32m[K%f[m[K
gmake[1]: *** [CMakeFiles/Makefile2:137: CMakeFiles/test_ch343.dir/all] Error 2
gmake: *** [Makefile:146: all] Error 2
