[0.007s] Invoking command in '/home/zoellickhan/Code/2024CV/ws_testROS/build/test_ch343': CMAKE_PREFIX_PATH=/opt/ros/humble /usr/bin/cmake --build /home/zoellickhan/Code/2024CV/ws_testROS/build/test_ch343 -- -j20 -l20
[0.050s] -- Found ament_cmake: 1.3.8 (/opt/ros/humble/share/ament_cmake/cmake)
[0.256s] -- Found rclcpp: 16.0.8 (/opt/ros/humble/share/rclcpp/cmake)
[0.306s] -- Found rosidl_generator_c: 3.1.5 (/opt/ros/humble/share/rosidl_generator_c/cmake)
[0.310s] -- Found rosidl_adapter: 3.1.5 (/opt/ros/humble/share/rosidl_adapter/cmake)
[0.318s] -- Found rosidl_generator_cpp: 3.1.5 (/opt/ros/humble/share/rosidl_generator_cpp/cmake)
[0.343s] -- Using all available rosidl_typesupport_c: rosidl_typesupport_fastrtps_c;rosidl_typesupport_introspection_c
[0.375s] -- Using all available rosidl_typesupport_cpp: rosidl_typesupport_fastrtps_cpp;rosidl_typesupport_introspection_cpp
[0.455s] -- Found rmw_implementation_cmake: 6.1.1 (/opt/ros/humble/share/rmw_implementation_cmake/cmake)
[0.458s] -- Found rmw_fastrtps_cpp: 6.2.6 (/opt/ros/humble/share/rmw_fastrtps_cpp/cmake)
[0.564s] -- Using RMW implementation 'rmw_fastrtps_cpp' as default
[0.653s] -- Found ament_lint_auto: 0.12.10 (/opt/ros/humble/share/ament_lint_auto/cmake)
[0.694s] -- Added test 'cppcheck' to perform static code analysis on C / C++ code
[0.694s] -- Configured cppcheck include dirs: 
[0.694s] -- Configured cppcheck exclude dirs and/or files: 
[0.694s] -- Added test 'lint_cmake' to check CMake code style
[0.695s] -- Added test 'uncrustify' to check C / C++ code style
[0.695s] -- Configured uncrustify additional arguments: 
[0.695s] -- Added test 'xmllint' to check XML markup files
[0.696s] -- Configuring done
[0.701s] -- Generating done
[0.702s] -- Build files have been written to: /home/zoellickhan/Code/2024CV/ws_testROS/build/test_ch343
[0.718s] [35m[1mConsolidate compiler generated dependencies of target test_ch343[0m
[0.728s] [ 50%] [32mBuilding CXX object CMakeFiles/test_ch343.dir/src/test_read.cpp.o[0m
[0.728s] [ 50%] [32mBuilding CXX object CMakeFiles/test_ch343.dir/src/crc.cpp.o[0m
[0.735s] [01m[K/home/zoellickhan/Code/2024CV/ws_testROS/src/test_ch343/src/crc.cpp:4:10:[m[K [01;31m[Kfatal error: [m[Krm_serial_driver/crc.hpp: No such file or directory
[0.735s]     4 | #include [01;31m[K"rm_serial_driver/crc.hpp"[m[K
[0.735s]       |          [01;31m[K^~~~~~~~~~~~~~~~~~~~~~~~~~[m[K
[0.735s] compilation terminated.
[0.735s] gmake[2]: *** [CMakeFiles/test_ch343.dir/build.make:104: CMakeFiles/test_ch343.dir/src/crc.cpp.o] Error 1
[0.735s] gmake[2]: *** Waiting for unfinished jobs....
[2.008s] [01m[K/home/zoellickhan/Code/2024CV/ws_testROS/src/test_ch343/src/test_read.cpp:[m[K In function â€˜[01m[Kint main(int, char**)[m[Kâ€™:
[2.008s] [01m[K/home/zoellickhan/Code/2024CV/ws_testROS/src/test_ch343/src/test_read.cpp:51:21:[m[K [01;35m[Kwarning: [m[Kformat â€˜[01m[K%ld[m[Kâ€™ expects argument of type â€˜[01m[Klong int[m[Kâ€™, but argument 2 has type â€˜[01m[Kdouble[m[Kâ€™ [[01;35m[K]8;;https://gcc.gnu.org/onlinedocs/gcc/Warning-Options.html#index-Wformat=-Wformat=]8;;[m[K]
[2.008s]    51 |     printf("time: [01;35m[K%ld[m[K, throuhtput: %f \n",[32m[Kperiod[m[K,throughput);
[2.008s]       |                   [01;35m[K~~^[m[K                     [32m[K~~~~~~[m[K
[2.008s]       |                     [01;35m[K|[m[K                     [32m[K|[m[K
[2.008s]       |                     [01;35m[Klong int[m[K              [32m[Kdouble[m[K
[2.008s]       |                   [32m[K%f[m[K
[2.359s] gmake[1]: *** [CMakeFiles/Makefile2:137: CMakeFiles/test_ch343.dir/all] Error 2
[2.359s] gmake: *** [Makefile:146: all] Error 2
[2.360s] Invoked command in '/home/zoellickhan/Code/2024CV/ws_testROS/build/test_ch343' returned '2': CMAKE_PREFIX_PATH=/opt/ros/humble /usr/bin/cmake --build /home/zoellickhan/Code/2024CV/ws_testROS/build/test_ch343 -- -j20 -l20
