[ 25%] [32mBuilding CXX object CMakeFiles/test_ch343.dir/src/test_read.cpp.o[0m
[ 50%] [32mBuilding CXX object CMakeFiles/test_ch343.dir/src/newDriver.cpp.o[0m
[01m[K/home/zoellickhan/Code/ws_testROS/src/test_ch343/src/newDriver.cpp:[m[K In member function â€˜[01m[Kbool newSerialDriver::Port::setBaudRate()[m[Kâ€™:
[01m[K/home/zoellickhan/Code/ws_testROS/src/test_ch343/src/newDriver.cpp:48:23:[m[K [01;35m[Kwarning: [m[Koverflow in conversion from â€˜[01m[Klong unsigned int[m[Kâ€™ to â€˜[01m[Kint[m[Kâ€™ changes value from â€˜[01m[K2150388778[m[Kâ€™ to â€˜[01m[K-2144578518[m[Kâ€™ [[01;35m[K]8;;https://gcc.gnu.org/onlinedocs/gcc/Warning-Options.html#index-Woverflow-Woverflow]8;;[m[K]
   48 |         if (ioctl(fd, [01;35m[KTCGETS2[m[K, &tio))
      |                       [01;35m[K^~~~~~~[m[K
[01m[K/home/zoellickhan/Code/ws_testROS/src/test_ch343/src/newDriver.cpp:65:23:[m[K [01;35m[Kwarning: [m[Koverflow in conversion from â€˜[01m[Klong unsigned int[m[Kâ€™ to â€˜[01m[Kint[m[Kâ€™ changes value from â€˜[01m[K2150388778[m[Kâ€™ to â€˜[01m[K-2144578518[m[Kâ€™ [[01;35m[K]8;;https://gcc.gnu.org/onlinedocs/gcc/Warning-Options.html#index-Woverflow-Woverflow]8;;[m[K]
   65 |         if (ioctl(fd, [01;35m[KTCGETS2[m[K, &tio))
      |                       [01;35m[K^~~~~~~[m[K
[01m[K/home/zoellickhan/Code/ws_testROS/src/test_ch343/src/newDriver.cpp:[m[K In member function â€˜[01m[Kbool newSerialDriver::Port::init()[m[Kâ€™:
[01m[K/home/zoellickhan/Code/ws_testROS/src/test_ch343/src/newDriver.cpp:179:23:[m[K [01;35m[Kwarning: [m[Koverflow in conversion from â€˜[01m[Klong unsigned int[m[Kâ€™ to â€˜[01m[Kint[m[Kâ€™ changes value from â€˜[01m[K2150388778[m[Kâ€™ to â€˜[01m[K-2144578518[m[Kâ€™ [[01;35m[K]8;;https://gcc.gnu.org/onlinedocs/gcc/Warning-Options.html#index-Woverflow-Woverflow]8;;[m[K]
  179 |         if (ioctl(fd, [01;35m[KTCGETS2[m[K, &tio))
      |                       [01;35m[K^~~~~~~[m[K
[01m[K/home/zoellickhan/Code/ws_testROS/src/test_ch343/src/newDriver.cpp:196:23:[m[K [01;35m[Kwarning: [m[Koverflow in conversion from â€˜[01m[Klong unsigned int[m[Kâ€™ to â€˜[01m[Kint[m[Kâ€™ changes value from â€˜[01m[K2150388778[m[Kâ€™ to â€˜[01m[K-2144578518[m[Kâ€™ [[01;35m[K]8;;https://gcc.gnu.org/onlinedocs/gcc/Warning-Options.html#index-Woverflow-Woverflow]8;;[m[K]
  196 |         if (ioctl(fd, [01;35m[KTCGETS2[m[K, &tio))
      |                       [01;35m[K^~~~~~~[m[K
[01m[K/home/zoellickhan/Code/ws_testROS/src/test_ch343/src/newDriver.cpp:[m[K In member function â€˜[01m[Kvoid newSerialDriver::Port::registerType(int*, int)[m[Kâ€™:
[01m[K/home/zoellickhan/Code/ws_testROS/src/test_ch343/src/newDriver.cpp:248:53:[m[K [01;35m[Kwarning: [m[Kunused parameter â€˜[01m[Knum[m[Kâ€™ [[01;35m[K]8;;https://gcc.gnu.org/onlinedocs/gcc/Warning-Options.html#index-Wunused-parameter-Wunused-parameter]8;;[m[K]
  248 | void Port::registerType(int typeIDArray[ID_NUM],[01;35m[Kint num[m[K)
      |                                                 [01;35m[K~~~~^~~[m[K
[01m[K/home/zoellickhan/Code/ws_testROS/src/test_ch343/src/newDriver.cpp:[m[K In member function â€˜[01m[Kint newSerialDriver::Port::decode()[m[Kâ€™:
[01m[K/home/zoellickhan/Code/ws_testROS/src/test_ch343/src/newDriver.cpp:266:21:[m[K [01;31m[Kerror: [m[Kâ€˜[01m[KputoutIndex[m[Kâ€™ was not declared in this scope
  266 |         for(int i = [01;31m[KputoutIndex[m[K; putoutIndex + sizeof(Header) <= putinIndex; i++ )
      |                     [01;31m[K^~~~~~~~~~~[m[K
[01m[K/home/zoellickhan/Code/ws_testROS/src/test_ch343/src/newDriver.cpp:266:66:[m[K [01;31m[Kerror: [m[Kâ€˜[01m[KputinIndex[m[Kâ€™ was not declared in this scope
  266 |         for(int i = putoutIndex; putoutIndex + sizeof(Header) <= [01;31m[KputinIndex[m[K; i++ )
      |                                                                  [01;31m[K^~~~~~~~~~[m[K
[01m[K/home/zoellickhan/Code/ws_testROS/src/test_ch343/src/newDriver.cpp:[m[K In member function â€˜[01m[Kvoid newSerialDriver::Port::Classify(T&)[m[Kâ€™:
[01m[K/home/zoellickhan/Code/ws_testROS/src/test_ch343/src/newDriver.cpp:339:13:[m[K [01;31m[Kerror: [m[Kâ€˜[01m[KputoutIndex[m[Kâ€™ was not declared in this scope
  339 |         if(([01;31m[KputoutIndex[m[K + transform.size()) < putinIndex)
      |             [01;31m[K^~~~~~~~~~~[m[K
[01m[K/home/zoellickhan/Code/ws_testROS/src/test_ch343/src/newDriver.cpp:339:47:[m[K [01;31m[Kerror: [m[Kâ€˜[01m[KputinIndex[m[Kâ€™ was not declared in this scope
  339 |         if((putoutIndex + transform.size()) < [01;31m[KputinIndex[m[K)
      |                                               [01;31m[K^~~~~~~~~~[m[K
[01m[K/home/zoellickhan/Code/ws_testROS/src/test_ch343/src/newDriver.cpp:[m[K In member function â€˜[01m[Kint newSerialDriver::Port::firstversion_receive()[m[Kâ€™:
[01m[K/home/zoellickhan/Code/ws_testROS/src/test_ch343/src/newDriver.cpp:414:57:[m[K [01;31m[Kerror: [m[Kâ€˜[01m[Kerror_count[m[Kâ€™ was not declared in this scope; did you mean â€˜[01m[Kerror_t[m[Kâ€™?
  414 |                                                         [01;31m[Kerror_count[m[K ++;
      |                                                         [01;31m[K^~~~~~~~~~~[m[K
      |                                                         [32m[Kerror_t[m[K
[01m[K/home/zoellickhan/Code/ws_testROS/src/test_ch343/src/newDriver.cpp:425:57:[m[K [01;31m[Kerror: [m[Kâ€˜[01m[Kerror_count[m[Kâ€™ was not declared in this scope; did you mean â€˜[01m[Kerror_t[m[Kâ€™?
  425 |                                                         [01;31m[Kerror_count[m[K ++;
      |                                                         [01;31m[K^~~~~~~~~~~[m[K
      |                                                         [32m[Kerror_t[m[K
[01m[K/home/zoellickhan/Code/ws_testROS/src/test_ch343/src/newDriver.cpp:433:41:[m[K [01;31m[Kerror: [m[Kâ€˜[01m[Kerror_count[m[Kâ€™ was not declared in this scope; did you mean â€˜[01m[Kerror_t[m[Kâ€™?
  433 |                                         [01;31m[Kerror_count[m[K++;
      |                                         [01;31m[K^~~~~~~~~~~[m[K
      |                                         [32m[Kerror_t[m[K
gmake[2]: *** [CMakeFiles/test_ch343.dir/build.make:90: CMakeFiles/test_ch343.dir/src/newDriver.cpp.o] Error 1
gmake[2]: *** Waiting for unfinished jobs....
[01m[K/home/zoellickhan/Code/ws_testROS/src/test_ch343/src/test_read.cpp:[m[K In function â€˜[01m[Kint main(int, char**)[m[Kâ€™:
[01m[K/home/zoellickhan/Code/ws_testROS/src/test_ch343/src/test_read.cpp:52:35:[m[K [01;31m[Kerror: [m[Kâ€˜[01m[Kusing element_type = class newSerialDriver::Port[m[Kâ€™ {aka â€˜[01m[Kclass newSerialDriver::Port[m[Kâ€™} has no member named â€˜[01m[KgeterrorHeaderRate[m[Kâ€™; did you mean â€˜[01m[KgeterrorHeader[m[Kâ€™?
   52 |     int& crcError_header  = port->[01;31m[KgeterrorHeaderRate[m[K();
      |                                   [01;31m[K^~~~~~~~~~~~~~~~~~[m[K
      |                                   [32m[KgeterrorHeader[m[K
[01m[K/home/zoellickhan/Code/ws_testROS/src/test_ch343/src/test_read.cpp:53:31:[m[K [01;31m[Kerror: [m[Kâ€˜[01m[Kusing element_type = class newSerialDriver::Port[m[Kâ€™ {aka â€˜[01m[Kclass newSerialDriver::Port[m[Kâ€™} has no member named â€˜[01m[KgeterrorDataRate[m[Kâ€™; did you mean â€˜[01m[KgeterrorData[m[Kâ€™?
   53 |     long& sum_count   = port->[01;31m[KgeterrorDataRate[m[K();
      |                               [01;31m[K^~~~~~~~~~~~~~~~[m[K
      |                               [32m[KgeterrorData[m[K
[01m[K/home/zoellickhan/Code/ws_testROS/src/test_ch343/src/test_read.cpp:60:15:[m[K [01;35m[Kwarning: [m[Kâ€˜[01m[Kmemset[m[Kâ€™ used with length equal to number of elements without multiplication by element size [[01;35m[K]8;;https://gcc.gnu.org/onlinedocs/gcc/Warning-Options.html#index-Wmemset-elt-size-Wmemset-elt-size]8;;[m[K]
   60 |         [01;35m[Kmemset(typing,0x00,ID_NUM)[m[K;
      |         [01;35m[K~~~~~~^~~~~~~~~~~~~~~~~~~~[m[K
[01m[K/home/zoellickhan/Code/ws_testROS/src/test_ch343/src/test_read.cpp:52:10:[m[K [01;35m[Kwarning: [m[Kunused variable â€˜[01m[KcrcError_header[m[Kâ€™ [[01;35m[K]8;;https://gcc.gnu.org/onlinedocs/gcc/Warning-Options.html#index-Wunused-variable-Wunused-variable]8;;[m[K]
   52 |     int& [01;35m[KcrcError_header[m[K  = port->geterrorHeaderRate();
      |          [01;35m[K^~~~~~~~~~~~~~~[m[K
[01m[K/home/zoellickhan/Code/ws_testROS/src/test_ch343/src/test_read.cpp:53:11:[m[K [01;35m[Kwarning: [m[Kunused variable â€˜[01m[Ksum_count[m[Kâ€™ [[01;35m[K]8;;https://gcc.gnu.org/onlinedocs/gcc/Warning-Options.html#index-Wunused-variable-Wunused-variable]8;;[m[K]
   53 |     long& [01;35m[Ksum_count[m[K   = port->geterrorDataRate();
      |           [01;35m[K^~~~~~~~~[m[K
gmake[2]: *** [CMakeFiles/test_ch343.dir/build.make:76: CMakeFiles/test_ch343.dir/src/test_read.cpp.o] Error 1
gmake[1]: *** [CMakeFiles/Makefile2:137: CMakeFiles/test_ch343.dir/all] Error 2
gmake: *** [Makefile:146: all] Error 2
