[0.008s] Invoking command in '/home/zoellickhan/Code/ws_testROS/build/test_ch343': CMAKE_PREFIX_PATH=${CMAKE_PREFIX_PATH}:/opt/ros/humble /usr/bin/cmake --build /home/zoellickhan/Code/ws_testROS/build/test_ch343 -- -j20 -l20
[0.090s] [ 25%] [32mBuilding CXX object CMakeFiles/test_ch343.dir/src/test_read.cpp.o[0m
[0.090s] [ 50%] [32mBuilding CXX object CMakeFiles/test_ch343.dir/src/newDriver.cpp.o[0m
[0.491s] [01m[K/home/zoellickhan/Code/ws_testROS/src/test_ch343/src/newDriver.cpp:[m[K In member function â€˜[01m[Kbool newSerialDriver::Port::setBaudRate()[m[Kâ€™:
[0.491s] [01m[K/home/zoellickhan/Code/ws_testROS/src/test_ch343/src/newDriver.cpp:48:23:[m[K [01;35m[Kwarning: [m[Koverflow in conversion from â€˜[01m[Klong unsigned int[m[Kâ€™ to â€˜[01m[Kint[m[Kâ€™ changes value from â€˜[01m[K2150388778[m[Kâ€™ to â€˜[01m[K-2144578518[m[Kâ€™ [[01;35m[K]8;;https://gcc.gnu.org/onlinedocs/gcc/Warning-Options.html#index-Woverflow-Woverflow]8;;[m[K]
[0.491s]    48 |         if (ioctl(fd, [01;35m[KTCGETS2[m[K, &tio))
[0.491s]       |                       [01;35m[K^~~~~~~[m[K
[0.491s] [01m[K/home/zoellickhan/Code/ws_testROS/src/test_ch343/src/newDriver.cpp:65:23:[m[K [01;35m[Kwarning: [m[Koverflow in conversion from â€˜[01m[Klong unsigned int[m[Kâ€™ to â€˜[01m[Kint[m[Kâ€™ changes value from â€˜[01m[K2150388778[m[Kâ€™ to â€˜[01m[K-2144578518[m[Kâ€™ [[01;35m[K]8;;https://gcc.gnu.org/onlinedocs/gcc/Warning-Options.html#index-Woverflow-Woverflow]8;;[m[K]
[0.491s]    65 |         if (ioctl(fd, [01;35m[KTCGETS2[m[K, &tio))
[0.491s]       |                       [01;35m[K^~~~~~~[m[K
[0.492s] [01m[K/home/zoellickhan/Code/ws_testROS/src/test_ch343/src/newDriver.cpp:[m[K In member function â€˜[01m[Kbool newSerialDriver::Port::init()[m[Kâ€™:
[0.492s] [01m[K/home/zoellickhan/Code/ws_testROS/src/test_ch343/src/newDriver.cpp:179:23:[m[K [01;35m[Kwarning: [m[Koverflow in conversion from â€˜[01m[Klong unsigned int[m[Kâ€™ to â€˜[01m[Kint[m[Kâ€™ changes value from â€˜[01m[K2150388778[m[Kâ€™ to â€˜[01m[K-2144578518[m[Kâ€™ [[01;35m[K]8;;https://gcc.gnu.org/onlinedocs/gcc/Warning-Options.html#index-Woverflow-Woverflow]8;;[m[K]
[0.492s]   179 |         if (ioctl(fd, [01;35m[KTCGETS2[m[K, &tio))
[0.492s]       |                       [01;35m[K^~~~~~~[m[K
[0.492s] [01m[K/home/zoellickhan/Code/ws_testROS/src/test_ch343/src/newDriver.cpp:196:23:[m[K [01;35m[Kwarning: [m[Koverflow in conversion from â€˜[01m[Klong unsigned int[m[Kâ€™ to â€˜[01m[Kint[m[Kâ€™ changes value from â€˜[01m[K2150388778[m[Kâ€™ to â€˜[01m[K-2144578518[m[Kâ€™ [[01;35m[K]8;;https://gcc.gnu.org/onlinedocs/gcc/Warning-Options.html#index-Woverflow-Woverflow]8;;[m[K]
[0.492s]   196 |         if (ioctl(fd, [01;35m[KTCGETS2[m[K, &tio))
[0.492s]       |                       [01;35m[K^~~~~~~[m[K
[0.492s] [01m[K/home/zoellickhan/Code/ws_testROS/src/test_ch343/src/newDriver.cpp:[m[K In member function â€˜[01m[Kvoid newSerialDriver::Port::registerType(int*, int)[m[Kâ€™:
[0.492s] [01m[K/home/zoellickhan/Code/ws_testROS/src/test_ch343/src/newDriver.cpp:248:53:[m[K [01;35m[Kwarning: [m[Kunused parameter â€˜[01m[Knum[m[Kâ€™ [[01;35m[K]8;;https://gcc.gnu.org/onlinedocs/gcc/Warning-Options.html#index-Wunused-parameter-Wunused-parameter]8;;[m[K]
[0.492s]   248 | void Port::registerType(int typeIDArray[ID_NUM],[01;35m[Kint num[m[K)
[0.492s]       |                                                 [01;35m[K~~~~^~~[m[K
[0.495s] [01m[K/home/zoellickhan/Code/ws_testROS/src/test_ch343/src/newDriver.cpp:[m[K In member function â€˜[01m[Kint newSerialDriver::Port::decode()[m[Kâ€™:
[0.495s] [01m[K/home/zoellickhan/Code/ws_testROS/src/test_ch343/src/newDriver.cpp:266:21:[m[K [01;31m[Kerror: [m[Kâ€˜[01m[KputoutIndex[m[Kâ€™ was not declared in this scope
[0.495s]   266 |         for(int i = [01;31m[KputoutIndex[m[K; putoutIndex + sizeof(Header) <= putinIndex; i++ )
[0.495s]       |                     [01;31m[K^~~~~~~~~~~[m[K
[0.497s] [01m[K/home/zoellickhan/Code/ws_testROS/src/test_ch343/src/newDriver.cpp:266:66:[m[K [01;31m[Kerror: [m[Kâ€˜[01m[KputinIndex[m[Kâ€™ was not declared in this scope
[0.498s]   266 |         for(int i = putoutIndex; putoutIndex + sizeof(Header) <= [01;31m[KputinIndex[m[K; i++ )
[0.498s]       |                                                                  [01;31m[K^~~~~~~~~~[m[K
[0.500s] [01m[K/home/zoellickhan/Code/ws_testROS/src/test_ch343/src/newDriver.cpp:[m[K In member function â€˜[01m[Kvoid newSerialDriver::Port::Classify(T&)[m[Kâ€™:
[0.500s] [01m[K/home/zoellickhan/Code/ws_testROS/src/test_ch343/src/newDriver.cpp:339:13:[m[K [01;31m[Kerror: [m[Kâ€˜[01m[KputoutIndex[m[Kâ€™ was not declared in this scope
[0.500s]   339 |         if(([01;31m[KputoutIndex[m[K + transform.size()) < putinIndex)
[0.500s]       |             [01;31m[K^~~~~~~~~~~[m[K
[0.503s] [01m[K/home/zoellickhan/Code/ws_testROS/src/test_ch343/src/newDriver.cpp:339:47:[m[K [01;31m[Kerror: [m[Kâ€˜[01m[KputinIndex[m[Kâ€™ was not declared in this scope
[0.503s]   339 |         if((putoutIndex + transform.size()) < [01;31m[KputinIndex[m[K)
[0.503s]       |                                               [01;31m[K^~~~~~~~~~[m[K
[0.506s] [01m[K/home/zoellickhan/Code/ws_testROS/src/test_ch343/src/newDriver.cpp:[m[K In member function â€˜[01m[Kint newSerialDriver::Port::firstversion_receive()[m[Kâ€™:
[0.506s] [01m[K/home/zoellickhan/Code/ws_testROS/src/test_ch343/src/newDriver.cpp:414:57:[m[K [01;31m[Kerror: [m[Kâ€˜[01m[Kerror_count[m[Kâ€™ was not declared in this scope; did you mean â€˜[01m[Kerror_t[m[Kâ€™?
[0.506s]   414 |                                                         [01;31m[Kerror_count[m[K ++;
[0.506s]       |                                                         [01;31m[K^~~~~~~~~~~[m[K
[0.506s]       |                                                         [32m[Kerror_t[m[K
[0.508s] [01m[K/home/zoellickhan/Code/ws_testROS/src/test_ch343/src/newDriver.cpp:425:57:[m[K [01;31m[Kerror: [m[Kâ€˜[01m[Kerror_count[m[Kâ€™ was not declared in this scope; did you mean â€˜[01m[Kerror_t[m[Kâ€™?
[0.508s]   425 |                                                         [01;31m[Kerror_count[m[K ++;
[0.508s]       |                                                         [01;31m[K^~~~~~~~~~~[m[K
[0.508s]       |                                                         [32m[Kerror_t[m[K
[0.510s] [01m[K/home/zoellickhan/Code/ws_testROS/src/test_ch343/src/newDriver.cpp:433:41:[m[K [01;31m[Kerror: [m[Kâ€˜[01m[Kerror_count[m[Kâ€™ was not declared in this scope; did you mean â€˜[01m[Kerror_t[m[Kâ€™?
[0.511s]   433 |                                         [01;31m[Kerror_count[m[K++;
[0.511s]       |                                         [01;31m[K^~~~~~~~~~~[m[K
[0.511s]       |                                         [32m[Kerror_t[m[K
[0.569s] gmake[2]: *** [CMakeFiles/test_ch343.dir/build.make:90: CMakeFiles/test_ch343.dir/src/newDriver.cpp.o] Error 1
[0.570s] gmake[2]: *** Waiting for unfinished jobs....
[1.461s] [01m[K/home/zoellickhan/Code/ws_testROS/src/test_ch343/src/test_read.cpp:[m[K In function â€˜[01m[Kint main(int, char**)[m[Kâ€™:
[1.461s] [01m[K/home/zoellickhan/Code/ws_testROS/src/test_ch343/src/test_read.cpp:52:35:[m[K [01;31m[Kerror: [m[Kâ€˜[01m[Kusing element_type = class newSerialDriver::Port[m[Kâ€™ {aka â€˜[01m[Kclass newSerialDriver::Port[m[Kâ€™} has no member named â€˜[01m[KgeterrorHeaderRate[m[Kâ€™; did you mean â€˜[01m[KgeterrorHeader[m[Kâ€™?
[1.461s]    52 |     int& crcError_header  = port->[01;31m[KgeterrorHeaderRate[m[K();
[1.461s]       |                                   [01;31m[K^~~~~~~~~~~~~~~~~~[m[K
[1.461s]       |                                   [32m[KgeterrorHeader[m[K
[1.461s] [01m[K/home/zoellickhan/Code/ws_testROS/src/test_ch343/src/test_read.cpp:53:31:[m[K [01;31m[Kerror: [m[Kâ€˜[01m[Kusing element_type = class newSerialDriver::Port[m[Kâ€™ {aka â€˜[01m[Kclass newSerialDriver::Port[m[Kâ€™} has no member named â€˜[01m[KgeterrorDataRate[m[Kâ€™; did you mean â€˜[01m[KgeterrorData[m[Kâ€™?
[1.461s]    53 |     long& sum_count   = port->[01;31m[KgeterrorDataRate[m[K();
[1.461s]       |                               [01;31m[K^~~~~~~~~~~~~~~~[m[K
[1.461s]       |                               [32m[KgeterrorData[m[K
[1.461s] [01m[K/home/zoellickhan/Code/ws_testROS/src/test_ch343/src/test_read.cpp:60:15:[m[K [01;35m[Kwarning: [m[Kâ€˜[01m[Kmemset[m[Kâ€™ used with length equal to number of elements without multiplication by element size [[01;35m[K]8;;https://gcc.gnu.org/onlinedocs/gcc/Warning-Options.html#index-Wmemset-elt-size-Wmemset-elt-size]8;;[m[K]
[1.461s]    60 |         [01;35m[Kmemset(typing,0x00,ID_NUM)[m[K;
[1.461s]       |         [01;35m[K~~~~~~^~~~~~~~~~~~~~~~~~~~[m[K
[1.462s] [01m[K/home/zoellickhan/Code/ws_testROS/src/test_ch343/src/test_read.cpp:52:10:[m[K [01;35m[Kwarning: [m[Kunused variable â€˜[01m[KcrcError_header[m[Kâ€™ [[01;35m[K]8;;https://gcc.gnu.org/onlinedocs/gcc/Warning-Options.html#index-Wunused-variable-Wunused-variable]8;;[m[K]
[1.462s]    52 |     int& [01;35m[KcrcError_header[m[K  = port->geterrorHeaderRate();
[1.462s]       |          [01;35m[K^~~~~~~~~~~~~~~[m[K
[1.462s] [01m[K/home/zoellickhan/Code/ws_testROS/src/test_ch343/src/test_read.cpp:53:11:[m[K [01;35m[Kwarning: [m[Kunused variable â€˜[01m[Ksum_count[m[Kâ€™ [[01;35m[K]8;;https://gcc.gnu.org/onlinedocs/gcc/Warning-Options.html#index-Wunused-variable-Wunused-variable]8;;[m[K]
[1.462s]    53 |     long& [01;35m[Ksum_count[m[K   = port->geterrorDataRate();
[1.462s]       |           [01;35m[K^~~~~~~~~[m[K
[1.714s] gmake[2]: *** [CMakeFiles/test_ch343.dir/build.make:76: CMakeFiles/test_ch343.dir/src/test_read.cpp.o] Error 1
[1.714s] gmake[1]: *** [CMakeFiles/Makefile2:137: CMakeFiles/test_ch343.dir/all] Error 2
[1.715s] gmake: *** [Makefile:146: all] Error 2
[1.716s] Invoked command in '/home/zoellickhan/Code/ws_testROS/build/test_ch343' returned '2': CMAKE_PREFIX_PATH=${CMAKE_PREFIX_PATH}:/opt/ros/humble /usr/bin/cmake --build /home/zoellickhan/Code/ws_testROS/build/test_ch343 -- -j20 -l20
