[0.009s] Invoking command in '/home/zoellickhan/Code/2024CV/ws_testROS/build/test_ch343': CMAKE_PREFIX_PATH=/opt/ros/humble /usr/bin/cmake --build /home/zoellickhan/Code/2024CV/ws_testROS/build/test_ch343 -- -j20 -l20
[0.092s] [ 25%] [32mBuilding CXX object CMakeFiles/test_ch343.dir/src/test_read.cpp.o[0m
[1.499s] In file included from [01m[K/home/zoellickhan/Code/2024CV/ws_testROS/src/test_ch343/src/test_read.cpp:5[m[K:
[1.500s] [01m[K/home/zoellickhan/Code/2024CV/ws_testROS/src/test_ch343/src/protocol.hpp:214:14:[m[K [01;31m[Kerror: [m[Kâ€˜[01m[Kpacked[m[Kâ€™ was not declared in this scope
[1.500s]   214 | } attribute(([01;31m[Kpacked[m[K));
[1.500s]       |              [01;31m[K^~~~~~[m[K
[1.782s] gmake[2]: *** [CMakeFiles/test_ch343.dir/build.make:76: CMakeFiles/test_ch343.dir/src/test_read.cpp.o] Error 1
[1.782s] gmake[1]: *** [CMakeFiles/Makefile2:137: CMakeFiles/test_ch343.dir/all] Error 2
[1.782s] gmake: *** [Makefile:146: all] Error 2
[1.784s] Invoked command in '/home/zoellickhan/Code/2024CV/ws_testROS/build/test_ch343' returned '2': CMAKE_PREFIX_PATH=/opt/ros/humble /usr/bin/cmake --build /home/zoellickhan/Code/2024CV/ws_testROS/build/test_ch343 -- -j20 -l20
