[0.007s] Invoking command in '/home/zoellickhan/Code/2024CV/ws_testROS/build/test_serialdriver': CMAKE_PREFIX_PATH=/opt/ros/humble /usr/bin/cmake --build /home/zoellickhan/Code/2024CV/ws_testROS/build/test_serialdriver -- -j20 -l20
[0.041s] [ 25%] [32mBuilding CXX object CMakeFiles/test_serialdriver.dir/src/test_write.cpp.o[0m
[1.313s] In file included from [01m[K/home/zoellickhan/Code/2024CV/ws_testROS/src/test_serialdriver/src/test_write.cpp:5[m[K:
[1.313s] [01m[K/home/zoellickhan/Code/2024CV/ws_testROS/src/test_serialdriver/src/protocol.hpp:181:50:[m[K [01;31m[Kerror: [m[Kâ€˜[01m[KTWOCRC_GIMBAL_CMD[m[Kâ€™ does not name a type
[1.313s]   181 | inline std::vector<uint8_t> toTwoCRCVector(const [01;31m[KTWOCRC_GIMBAL_CMD[m[K & data )
[1.313s]       |                                                  [01;31m[K^~~~~~~~~~~~~~~~~[m[K
[1.320s] [01m[K/home/zoellickhan/Code/2024CV/ws_testROS/src/test_serialdriver/src/test_write.cpp:[m[K In function â€˜[01m[Kint main(int, char**)[m[Kâ€™:
[1.320s] [01m[K/home/zoellickhan/Code/2024CV/ws_testROS/src/test_serialdriver/src/test_write.cpp:66:46:[m[K [01;31m[Kerror: [m[Kinvalid initialization of reference of type â€˜[01m[Kconst rm_serial_driver::GimbalCommand&[m[Kâ€™ from expression of type â€˜[01m[Krm_serial_driver::TwoCRC_GimbalCommand[m[Kâ€™
[1.320s]    66 |         std::vector<uint8_t> data = toVector([01;31m[KtwoCRC_GimbalCommand[m[K);
[1.321s]       |                                              [01;31m[K^~~~~~~~~~~~~~~~~~~~[m[K
[1.321s] In file included from [01m[K/home/zoellickhan/Code/2024CV/ws_testROS/src/test_serialdriver/src/test_write.cpp:5[m[K:
[1.321s] [01m[K/home/zoellickhan/Code/2024CV/ws_testROS/src/test_serialdriver/src/protocol.hpp:172:60:[m[K [01;36m[Knote: [m[Kin passing argument 1 of â€˜[01m[Kstd::vector<unsigned char, std::allocator<unsigned char> > rm_serial_driver::toVector(const rm_serial_driver::GimbalCommand&)[m[Kâ€™
[1.321s]   172 | inline std::vector<uint8_t> toVector([01;36m[Kconst GimbalCommand & data[m[K)
[1.321s]       |                                      [01;36m[K~~~~~~~~~~~~~~~~~~~~~~^~~~[m[K
[1.570s] gmake[2]: *** [CMakeFiles/test_serialdriver.dir/build.make:76: CMakeFiles/test_serialdriver.dir/src/test_write.cpp.o] Error 1
[1.570s] gmake[1]: *** [CMakeFiles/Makefile2:137: CMakeFiles/test_serialdriver.dir/all] Error 2
[1.570s] gmake: *** [Makefile:146: all] Error 2
[1.572s] Invoked command in '/home/zoellickhan/Code/2024CV/ws_testROS/build/test_serialdriver' returned '2': CMAKE_PREFIX_PATH=/opt/ros/humble /usr/bin/cmake --build /home/zoellickhan/Code/2024CV/ws_testROS/build/test_serialdriver -- -j20 -l20
