[0.007s] Invoking command in '/home/zoellickhan/Code/2024CV/ws_testROS/src/build/test_ch343': CMAKE_PREFIX_PATH=${CMAKE_PREFIX_PATH}:/opt/ros/humble /usr/bin/cmake --build /home/zoellickhan/Code/2024CV/ws_testROS/src/build/test_ch343 -- -j20 -l20
[0.067s] [ 50%] [32mBuilding CXX object CMakeFiles/test_ch343.dir/src/test.cpp.o[0m
[1.695s] [100%] [32m[1mLinking CXX executable test_ch343[0m
[1.796s] /usr/bin/ld: CMakeFiles/test_ch343.dir/src/test.cpp.o: in function `void __gnu_cxx::new_allocator<newSerialDriver::Port>::construct<newSerialDriver::Port, std::shared_ptr<newSerialDriver::SerialConfig>&>(newSerialDriver::Port*, std::shared_ptr<newSerialDriver::SerialConfig>&)':
[1.796s] test.cpp:(.text._ZN9__gnu_cxx13new_allocatorIN15newSerialDriver4PortEE9constructIS2_JRSt10shared_ptrINS1_12SerialConfigEEEEEvPT_DpOT0_[_ZN9__gnu_cxx13new_allocatorIN15newSerialDriver4PortEE9constructIS2_JRSt10shared_ptrINS1_12SerialConfigEEEEEvPT_DpOT0_]+0x69): undefined reference to `newSerialDriver::Port::Port(std::shared_ptr<newSerialDriver::SerialConfig>)'
[1.796s] /usr/bin/ld: CMakeFiles/test_ch343.dir/src/test.cpp.o: in function `void __gnu_cxx::new_allocator<newSerialDriver::Port>::destroy<newSerialDriver::Port>(newSerialDriver::Port*)':
[1.796s] test.cpp:(.text._ZN9__gnu_cxx13new_allocatorIN15newSerialDriver4PortEE7destroyIS2_EEvPT_[_ZN9__gnu_cxx13new_allocatorIN15newSerialDriver4PortEE7destroyIS2_EEvPT_]+0x1c): undefined reference to `newSerialDriver::Port::~Port()'
[1.796s] /usr/bin/ld: CMakeFiles/test_ch343.dir/src/test.cpp.o: in function `void __gnu_cxx::new_allocator<newSerialDriver::SerialConfig>::destroy<newSerialDriver::SerialConfig>(newSerialDriver::SerialConfig*)':
[1.796s] test.cpp:(.text._ZN9__gnu_cxx13new_allocatorIN15newSerialDriver12SerialConfigEE7destroyIS2_EEvPT_[_ZN9__gnu_cxx13new_allocatorIN15newSerialDriver12SerialConfigEE7destroyIS2_EEvPT_]+0x1c): undefined reference to `newSerialDriver::SerialConfig::~SerialConfig()'
[1.800s] collect2: error: ld returned 1 exit status
[1.801s] gmake[2]: *** [CMakeFiles/test_ch343.dir/build.make:151: test_ch343] Error 1
[1.801s] gmake[1]: *** [CMakeFiles/Makefile2:137: CMakeFiles/test_ch343.dir/all] Error 2
[1.802s] gmake: *** [Makefile:146: all] Error 2
[1.804s] Invoked command in '/home/zoellickhan/Code/2024CV/ws_testROS/src/build/test_ch343' returned '2': CMAKE_PREFIX_PATH=${CMAKE_PREFIX_PATH}:/opt/ros/humble /usr/bin/cmake --build /home/zoellickhan/Code/2024CV/ws_testROS/src/build/test_ch343 -- -j20 -l20
