[0.009s] Invoking command in '/home/zoellickhan/Code/2024CV/ws_testROS/src/build/test_ch343': CMAKE_PREFIX_PATH=${CMAKE_PREFIX_PATH}:/opt/ros/humble /usr/bin/cmake --build /home/zoellickhan/Code/2024CV/ws_testROS/src/build/test_ch343 -- -j20 -l20
[0.041s] [ 50%] [32mBuilding CXX object CMakeFiles/test_ch343.dir/src/test.cpp.o[0m
[0.162s] In file included from [01m[K/home/zoellickhan/Code/2024CV/ws_testROS/src/test_ch343/src/test.cpp:3[m[K:
[0.162s] [01m[K/home/zoellickhan/Code/2024CV/ws_testROS/src/test_ch343/src/newDriver.hpp:8:10:[m[K [01;31m[Kfatal error: [m[Kstd_srvs/srv/trigger.hpp: No such file or directory
[0.163s]     8 | #include [01;31m[K<std_srvs/srv/trigger.hpp>[m[K
[0.163s]       |          [01;31m[K^~~~~~~~~~~~~~~~~~~~~~~~~~[m[K
[0.163s] compilation terminated.
[0.165s] gmake[2]: *** [CMakeFiles/test_ch343.dir/build.make:76: CMakeFiles/test_ch343.dir/src/test.cpp.o] Error 1
[0.165s] gmake[1]: *** [CMakeFiles/Makefile2:137: CMakeFiles/test_ch343.dir/all] Error 2
[0.165s] gmake: *** [Makefile:146: all] Error 2
[0.167s] Invoked command in '/home/zoellickhan/Code/2024CV/ws_testROS/src/build/test_ch343' returned '2': CMAKE_PREFIX_PATH=${CMAKE_PREFIX_PATH}:/opt/ros/humble /usr/bin/cmake --build /home/zoellickhan/Code/2024CV/ws_testROS/src/build/test_ch343 -- -j20 -l20
