[0.006s] Invoking command in '/home/zoellickhan/Code/2024CV/ws_testROS/build/test_serialdriver': CMAKE_PREFIX_PATH=/opt/ros/humble /usr/bin/cmake --build /home/zoellickhan/Code/2024CV/ws_testROS/build/test_serialdriver -- -j20 -l20
[0.029s] [35m[1mConsolidate compiler generated dependencies of target test_serialdriver[0m
[0.040s] [ 25%] [32mBuilding CXX object CMakeFiles/test_serialdriver.dir/src/test_write.cpp.o[0m
[1.235s] In file included from [01m[K/home/zoellickhan/Code/2024CV/ws_testROS/src/test_serialdriver/src/test_write.cpp:5[m[K:
[1.235s] [01m[K/home/zoellickhan/Code/2024CV/ws_testROS/src/test_serialdriver/src/protocol.hpp:181:50:[m[K [01;31m[Kerror: [m[Kâ€˜[01m[KTWOCRC_GIMBAL_CMD[m[Kâ€™ does not name a type
[1.235s]   181 | inline std::vector<uint8_t> toTwoCRCVector(const [01;31m[KTWOCRC_GIMBAL_CMD[m[K & data )
[1.235s]       |                                                  [01;31m[K^~~~~~~~~~~~~~~~~[m[K
[1.241s] [01m[K/home/zoellickhan/Code/2024CV/ws_testROS/src/test_serialdriver/src/test_write.cpp:[m[K In function â€˜[01m[Kint main(int, char**)[m[Kâ€™:
[1.242s] [01m[K/home/zoellickhan/Code/2024CV/ws_testROS/src/test_serialdriver/src/test_write.cpp:66:52:[m[K [01;31m[Kerror: [m[Kinvalid initialization of reference of type â€˜[01m[Kconst int&[m[Kâ€™ from expression of type â€˜[01m[Krm_serial_driver::TwoCRC_GimbalCommand[m[Kâ€™
[1.242s]    66 |         std::vector<uint8_t> data = toTwoCRCVector([01;31m[KtwoCRC_GimbalCommand[m[K);
[1.242s]       |                                                    [01;31m[K^~~~~~~~~~~~~~~~~~~~[m[K
[1.242s] In file included from [01m[K/home/zoellickhan/Code/2024CV/ws_testROS/src/test_serialdriver/src/test_write.cpp:5[m[K:
[1.242s] [01m[K/home/zoellickhan/Code/2024CV/ws_testROS/src/test_serialdriver/src/protocol.hpp:181:70:[m[K [01;36m[Knote: [m[Kin passing argument 1 of â€˜[01m[Kstd::vector<unsigned char, std::allocator<unsigned char> > rm_serial_driver::toTwoCRCVector(const int&)[m[Kâ€™
[1.242s]   181 | inline std::vector<uint8_t> toTwoCRCVector([01;36m[Kconst TWOCRC_GIMBAL_CMD & data[m[K )
[1.242s]       |                                            [01;36m[K~~~~~~~~~~~~~~~~~~~~~~~~~~^~~~[m[K
[1.489s] gmake[2]: *** [CMakeFiles/test_serialdriver.dir/build.make:76: CMakeFiles/test_serialdriver.dir/src/test_write.cpp.o] Error 1
[1.489s] gmake[1]: *** [CMakeFiles/Makefile2:137: CMakeFiles/test_serialdriver.dir/all] Error 2
[1.489s] gmake: *** [Makefile:146: all] Error 2
[1.491s] Invoked command in '/home/zoellickhan/Code/2024CV/ws_testROS/build/test_serialdriver' returned '2': CMAKE_PREFIX_PATH=/opt/ros/humble /usr/bin/cmake --build /home/zoellickhan/Code/2024CV/ws_testROS/build/test_serialdriver -- -j20 -l20
