[0.007s] Invoking command in '/home/zoellickhan/Code/2024CV/ws_testROS/src/build/test_ch343': CMAKE_PREFIX_PATH=/opt/ros/humble /usr/bin/cmake --build /home/zoellickhan/Code/2024CV/ws_testROS/src/build/test_ch343 -- -j20 -l20
[0.049s] [35m[1mConsolidate compiler generated dependencies of target test_ch343[0m
[0.076s] [ 33%] [32mBuilding CXX object CMakeFiles/test_ch343.dir/src/test_read.cpp.o[0m
[1.353s] [01m[K/home/zoellickhan/Code/2024CV/ws_testROS/src/test_ch343/src/test_read.cpp:[m[K In function â€˜[01m[Kint main(int, char**)[m[Kâ€™:
[1.353s] [01m[K/home/zoellickhan/Code/2024CV/ws_testROS/src/test_ch343/src/test_read.cpp:18:10:[m[K [01;31m[Kerror: [m[Kcannot convert â€˜[01m[Ktime_t*[m[Kâ€™ {aka â€˜[01m[Klong int*[m[Kâ€™} to â€˜[01m[Kdouble[m[Kâ€™ in initialization
[1.353s]    18 |     time([01;31m[K&timeptr[m[K);
[1.353s]       |          [01;31m[K^~~~~~~~[m[K
[1.353s]       |          [01;31m[K|[m[K
[1.353s]       |          [01;31m[Ktime_t* {aka long int*}[m[K
[1.354s] [01m[K/home/zoellickhan/Code/2024CV/ws_testROS/src/test_ch343/src/test_read.cpp:18:5:[m[K [01;35m[Kwarning: [m[Kunused variable â€˜[01m[Ktime[m[Kâ€™ [[01;35m[K]8;;https://gcc.gnu.org/onlinedocs/gcc/Warning-Options.html#index-Wunused-variable-Wunused-variable]8;;[m[K]
[1.354s]    18 |     [01;35m[Ktime[m[K(&timeptr);
[1.354s]       |     [01;35m[K^~~~[m[K
[1.602s] gmake[2]: *** [CMakeFiles/test_ch343.dir/build.make:76: CMakeFiles/test_ch343.dir/src/test_read.cpp.o] Error 1
[1.602s] gmake[1]: *** [CMakeFiles/Makefile2:137: CMakeFiles/test_ch343.dir/all] Error 2
[1.602s] gmake: *** [Makefile:146: all] Error 2
[1.605s] Invoked command in '/home/zoellickhan/Code/2024CV/ws_testROS/src/build/test_ch343' returned '2': CMAKE_PREFIX_PATH=/opt/ros/humble /usr/bin/cmake --build /home/zoellickhan/Code/2024CV/ws_testROS/src/build/test_ch343 -- -j20 -l20
