[0.007s] Invoking command in '/home/zoellickhan/Code/ws_testROS/build/test_ch343': CMAKE_PREFIX_PATH=${CMAKE_PREFIX_PATH}:/opt/ros/humble /usr/bin/cmake --build /home/zoellickhan/Code/ws_testROS/build/test_ch343 -- -j20 -l20
[0.057s] [35m[1mConsolidate compiler generated dependencies of target test_ch343[0m
[0.088s] [ 25%] [32mBuilding CXX object CMakeFiles/test_ch343.dir/src/newDriver.cpp.o[0m
[0.483s] [01m[K/home/zoellickhan/Code/ws_testROS/src/test_ch343/src/newDriver.cpp:[m[K In member function â€˜[01m[Kbool newSerialDriver::Port::setBaudRate()[m[Kâ€™:
[0.483s] [01m[K/home/zoellickhan/Code/ws_testROS/src/test_ch343/src/newDriver.cpp:48:23:[m[K [01;35m[Kwarning: [m[Koverflow in conversion from â€˜[01m[Klong unsigned int[m[Kâ€™ to â€˜[01m[Kint[m[Kâ€™ changes value from â€˜[01m[K2150388778[m[Kâ€™ to â€˜[01m[K-2144578518[m[Kâ€™ [[01;35m[K]8;;https://gcc.gnu.org/onlinedocs/gcc/Warning-Options.html#index-Woverflow-Woverflow]8;;[m[K]
[0.483s]    48 |         if (ioctl(fd, [01;35m[KTCGETS2[m[K, &tio))
[0.483s]       |                       [01;35m[K^~~~~~~[m[K
[0.483s] [01m[K/home/zoellickhan/Code/ws_testROS/src/test_ch343/src/newDriver.cpp:65:23:[m[K [01;35m[Kwarning: [m[Koverflow in conversion from â€˜[01m[Klong unsigned int[m[Kâ€™ to â€˜[01m[Kint[m[Kâ€™ changes value from â€˜[01m[K2150388778[m[Kâ€™ to â€˜[01m[K-2144578518[m[Kâ€™ [[01;35m[K]8;;https://gcc.gnu.org/onlinedocs/gcc/Warning-Options.html#index-Woverflow-Woverflow]8;;[m[K]
[0.483s]    65 |         if (ioctl(fd, [01;35m[KTCGETS2[m[K, &tio))
[0.483s]       |                       [01;35m[K^~~~~~~[m[K
[0.484s] [01m[K/home/zoellickhan/Code/ws_testROS/src/test_ch343/src/newDriver.cpp:[m[K In member function â€˜[01m[Kbool newSerialDriver::Port::init()[m[Kâ€™:
[0.484s] [01m[K/home/zoellickhan/Code/ws_testROS/src/test_ch343/src/newDriver.cpp:179:23:[m[K [01;35m[Kwarning: [m[Koverflow in conversion from â€˜[01m[Klong unsigned int[m[Kâ€™ to â€˜[01m[Kint[m[Kâ€™ changes value from â€˜[01m[K2150388778[m[Kâ€™ to â€˜[01m[K-2144578518[m[Kâ€™ [[01;35m[K]8;;https://gcc.gnu.org/onlinedocs/gcc/Warning-Options.html#index-Woverflow-Woverflow]8;;[m[K]
[0.484s]   179 |         if (ioctl(fd, [01;35m[KTCGETS2[m[K, &tio))
[0.484s]       |                       [01;35m[K^~~~~~~[m[K
[0.484s] [01m[K/home/zoellickhan/Code/ws_testROS/src/test_ch343/src/newDriver.cpp:196:23:[m[K [01;35m[Kwarning: [m[Koverflow in conversion from â€˜[01m[Klong unsigned int[m[Kâ€™ to â€˜[01m[Kint[m[Kâ€™ changes value from â€˜[01m[K2150388778[m[Kâ€™ to â€˜[01m[K-2144578518[m[Kâ€™ [[01;35m[K]8;;https://gcc.gnu.org/onlinedocs/gcc/Warning-Options.html#index-Woverflow-Woverflow]8;;[m[K]
[0.484s]   196 |         if (ioctl(fd, [01;35m[KTCGETS2[m[K, &tio))
[0.484s]       |                       [01;35m[K^~~~~~~[m[K
[0.484s] [01m[K/home/zoellickhan/Code/ws_testROS/src/test_ch343/src/newDriver.cpp:[m[K In member function â€˜[01m[Kvoid newSerialDriver::Port::registerType(int*, int)[m[Kâ€™:
[0.484s] [01m[K/home/zoellickhan/Code/ws_testROS/src/test_ch343/src/newDriver.cpp:248:53:[m[K [01;35m[Kwarning: [m[Kunused parameter â€˜[01m[Knum[m[Kâ€™ [[01;35m[K]8;;https://gcc.gnu.org/onlinedocs/gcc/Warning-Options.html#index-Wunused-parameter-Wunused-parameter]8;;[m[K]
[0.484s]   248 | void Port::registerType(int typeIDArray[ID_NUM],[01;35m[Kint num[m[K)
[0.484s]       |                                                 [01;35m[K~~~~^~~[m[K
[0.486s] [01m[K/home/zoellickhan/Code/ws_testROS/src/test_ch343/src/newDriver.cpp:[m[K In member function â€˜[01m[Kint newSerialDriver::Port::decode()[m[Kâ€™:
[0.486s] [01m[K/home/zoellickhan/Code/ws_testROS/src/test_ch343/src/newDriver.cpp:266:21:[m[K [01;31m[Kerror: [m[Kâ€˜[01m[KputoutIndex[m[Kâ€™ was not declared in this scope
[0.486s]   266 |         for(int i = [01;31m[KputoutIndex[m[K; putoutIndex + sizeof(Header) <= putinIndex; i++ )
[0.486s]       |                     [01;31m[K^~~~~~~~~~~[m[K
[0.488s] [01m[K/home/zoellickhan/Code/ws_testROS/src/test_ch343/src/newDriver.cpp:266:66:[m[K [01;31m[Kerror: [m[Kâ€˜[01m[KputinIndex[m[Kâ€™ was not declared in this scope
[0.488s]   266 |         for(int i = putoutIndex; putoutIndex + sizeof(Header) <= [01;31m[KputinIndex[m[K; i++ )
[0.489s]       |                                                                  [01;31m[K^~~~~~~~~~[m[K
[0.491s] [01m[K/home/zoellickhan/Code/ws_testROS/src/test_ch343/src/newDriver.cpp:[m[K In member function â€˜[01m[Kvoid newSerialDriver::Port::Classify(T&)[m[Kâ€™:
[0.491s] [01m[K/home/zoellickhan/Code/ws_testROS/src/test_ch343/src/newDriver.cpp:339:13:[m[K [01;31m[Kerror: [m[Kâ€˜[01m[KputoutIndex[m[Kâ€™ was not declared in this scope
[0.491s]   339 |         if(([01;31m[KputoutIndex[m[K + transform.size()) < putinIndex)
[0.491s]       |             [01;31m[K^~~~~~~~~~~[m[K
[0.493s] [01m[K/home/zoellickhan/Code/ws_testROS/src/test_ch343/src/newDriver.cpp:339:47:[m[K [01;31m[Kerror: [m[Kâ€˜[01m[KputinIndex[m[Kâ€™ was not declared in this scope
[0.493s]   339 |         if((putoutIndex + transform.size()) < [01;31m[KputinIndex[m[K)
[0.493s]       |                                               [01;31m[K^~~~~~~~~~[m[K
[0.494s] [01m[K/home/zoellickhan/Code/ws_testROS/src/test_ch343/src/newDriver.cpp:[m[K In member function â€˜[01m[Kint newSerialDriver::Port::firstversion_receive()[m[Kâ€™:
[0.494s] [01m[K/home/zoellickhan/Code/ws_testROS/src/test_ch343/src/newDriver.cpp:421:98:[m[K [01;31m[Kerror: [m[Kno matching function for call to â€˜[01m[KfromTestVector(std::vector<unsigned char>&)[m[Kâ€™
[0.494s]   421 |                                                         twoCRC_SentryGimbalMsg = [01;31m[KfromTestVector<>(transform)[m[K;
[0.494s]       |                                                                                  [01;31m[K~~~~~~~~~~~~~~~~^~~~~~~~~~~[m[K
[0.494s] In file included from [01m[K/home/zoellickhan/Code/ws_testROS/src/test_ch343/src/newDriver.hpp:14[m[K,
[0.494s]                  from [01m[K/home/zoellickhan/Code/ws_testROS/src/test_ch343/src/newDriver.cpp:1[m[K:
[0.494s] [01m[K/home/zoellickhan/Code/ws_testROS/src/test_ch343/src/protocol.hpp:363:3:[m[K [01;36m[Knote: [m[Kcandidate: â€˜[01m[Ktemplate<class T> T rm_serial_driver::fromTestVector(const std::vector<unsigned char>&)[m[Kâ€™
[0.494s]   363 | T [01;36m[KfromTestVector[m[K(const std::vector<uint8_t> &data)
[0.494s]       |   [01;36m[K^~~~~~~~~~~~~~[m[K
[0.494s] [01m[K/home/zoellickhan/Code/ws_testROS/src/test_ch343/src/protocol.hpp:363:3:[m[K [01;36m[Knote: [m[K  template argument deduction/substitution failed:
[0.495s] [01m[K/home/zoellickhan/Code/ws_testROS/src/test_ch343/src/newDriver.cpp:421:98:[m[K [01;36m[Knote: [m[K  couldnâ€™t deduce template parameter â€˜[01m[KT[m[Kâ€™
[0.495s]   421 |                                                         twoCRC_SentryGimbalMsg = [01;36m[KfromTestVector<>(transform)[m[K;
[0.495s]       |                                                                                  [01;36m[K~~~~~~~~~~~~~~~~^~~~~~~~~~~[m[K
[0.552s] gmake[2]: *** [CMakeFiles/test_ch343.dir/build.make:90: CMakeFiles/test_ch343.dir/src/newDriver.cpp.o] Error 1
[0.552s] gmake[1]: *** [CMakeFiles/Makefile2:137: CMakeFiles/test_ch343.dir/all] Error 2
[0.552s] gmake: *** [Makefile:146: all] Error 2
[0.554s] Invoked command in '/home/zoellickhan/Code/ws_testROS/build/test_ch343' returned '2': CMAKE_PREFIX_PATH=${CMAKE_PREFIX_PATH}:/opt/ros/humble /usr/bin/cmake --build /home/zoellickhan/Code/ws_testROS/build/test_ch343 -- -j20 -l20
