-- The C compiler identification is GNU 11.4.0
-- The CXX compiler identification is GNU 11.4.0
-- Detecting C compiler ABI info
-- Detecting C compiler ABI info - done
-- Check for working C compiler: /usr/bin/cc - skipped
-- Detecting C compile features
-- Detecting C compile features - done
-- Detecting CXX compiler ABI info
-- Detecting CXX compiler ABI info - done
-- Check for working CXX compiler: /usr/bin/c++ - skipped
-- Detecting CXX compile features
-- Detecting CXX compile features - done
-- Found ament_cmake: 1.3.8 (/opt/ros/humble/share/ament_cmake/cmake)
-- Found Python3: /usr/bin/python3 (found version "3.10.12") found components: Interpreter 
-- Found rclcpp: 16.0.8 (/opt/ros/humble/share/rclcpp/cmake)
-- Found rosidl_generator_c: 3.1.5 (/opt/ros/humble/share/rosidl_generator_c/cmake)
-- Found rosidl_adapter: 3.1.5 (/opt/ros/humble/share/rosidl_adapter/cmake)
-- Found rosidl_generator_cpp: 3.1.5 (/opt/ros/humble/share/rosidl_generator_cpp/cmake)
-- Using all available rosidl_typesupport_c: rosidl_typesupport_fastrtps_c;rosidl_typesupport_introspection_c
-- Using all available rosidl_typesupport_cpp: rosidl_typesupport_fastrtps_cpp;rosidl_typesupport_introspection_cpp
-- Found rmw_implementation_cmake: 6.1.1 (/opt/ros/humble/share/rmw_implementation_cmake/cmake)
-- Found rmw_fastrtps_cpp: 6.2.6 (/opt/ros/humble/share/rmw_fastrtps_cpp/cmake)
-- Found OpenSSL: /usr/lib/x86_64-linux-gnu/libcrypto.so (found version "3.0.2")  
-- Found FastRTPS: /opt/ros/humble/include  
-- Using RMW implementation 'rmw_fastrtps_cpp' as default
-- Looking for pthread.h
-- Looking for pthread.h - found
-- Performing Test CMAKE_HAVE_LIBC_PTHREAD
-- Performing Test CMAKE_HAVE_LIBC_PTHREAD - Success
-- Found Threads: TRUE  
-- Found ament_lint_auto: 0.12.10 (/opt/ros/humble/share/ament_lint_auto/cmake)
-- Added test 'cppcheck' to perform static code analysis on C / C++ code
-- Configured cppcheck include dirs: 
-- Configured cppcheck exclude dirs and/or files: 
-- Added test 'lint_cmake' to check CMake code style
-- Added test 'uncrustify' to check C / C++ code style
-- Configured uncrustify additional arguments: 
-- Added test 'xmllint' to check XML markup files
-- Configuring done
-- Generating done
-- Build files have been written to: /home/zoellickhan/Code/2024CV/ws_testROS/src/build/test_ch343
[ 50%] [32mBuilding CXX object CMakeFiles/test_ch343.dir/src/test.cpp.o[0m
[100%] [32m[1mLinking CXX executable test_ch343[0m
/usr/bin/ld: CMakeFiles/test_ch343.dir/src/test.cpp.o: in function `void __gnu_cxx::new_allocator<newSerialDriver::Port>::construct<newSerialDriver::Port, std::shared_ptr<newSerialDriver::SerialConfig>&>(newSerialDriver::Port*, std::shared_ptr<newSerialDriver::SerialConfig>&)':
test.cpp:(.text._ZN9__gnu_cxx13new_allocatorIN15newSerialDriver4PortEE9constructIS2_JRSt10shared_ptrINS1_12SerialConfigEEEEEvPT_DpOT0_[_ZN9__gnu_cxx13new_allocatorIN15newSerialDriver4PortEE9constructIS2_JRSt10shared_ptrINS1_12SerialConfigEEEEEvPT_DpOT0_]+0x69): undefined reference to `newSerialDriver::Port::Port(std::shared_ptr<newSerialDriver::SerialConfig>)'
/usr/bin/ld: CMakeFiles/test_ch343.dir/src/test.cpp.o: in function `void __gnu_cxx::new_allocator<newSerialDriver::Port>::destroy<newSerialDriver::Port>(newSerialDriver::Port*)':
test.cpp:(.text._ZN9__gnu_cxx13new_allocatorIN15newSerialDriver4PortEE7destroyIS2_EEvPT_[_ZN9__gnu_cxx13new_allocatorIN15newSerialDriver4PortEE7destroyIS2_EEvPT_]+0x1c): undefined reference to `newSerialDriver::Port::~Port()'
/usr/bin/ld: CMakeFiles/test_ch343.dir/src/test.cpp.o: in function `void __gnu_cxx::new_allocator<newSerialDriver::SerialConfig>::destroy<newSerialDriver::SerialConfig>(newSerialDriver::SerialConfig*)':
test.cpp:(.text._ZN9__gnu_cxx13new_allocatorIN15newSerialDriver12SerialConfigEE7destroyIS2_EEvPT_[_ZN9__gnu_cxx13new_allocatorIN15newSerialDriver12SerialConfigEE7destroyIS2_EEvPT_]+0x1c): undefined reference to `newSerialDriver::SerialConfig::~SerialConfig()'
collect2: error: ld returned 1 exit status
gmake[2]: *** [CMakeFiles/test_ch343.dir/build.make:151: test_ch343] Error 1
gmake[1]: *** [CMakeFiles/Makefile2:137: CMakeFiles/test_ch343.dir/all] Error 2
gmake: *** [Makefile:146: all] Error 2
