[0.007s] Invoking command in '/home/zoellickhan/Code/2024CV/ws_testROS/src/build/test_ch343': CMAKE_PREFIX_PATH=${CMAKE_PREFIX_PATH}:/opt/ros/humble /usr/bin/cmake /home/zoellickhan/Code/2024CV/ws_testROS/src/test_ch343 -DCMAKE_INSTALL_PREFIX=/home/zoellickhan/Code/2024CV/ws_testROS/src/install/test_ch343
[0.062s] -- The C compiler identification is GNU 11.4.0
[0.142s] -- The CXX compiler identification is GNU 11.4.0
[0.153s] -- Detecting C compiler ABI info
[0.243s] -- Detecting C compiler ABI info - done
[0.255s] -- Check for working C compiler: /usr/bin/cc - skipped
[0.256s] -- Detecting C compile features
[0.256s] -- Detecting C compile features - done
[0.261s] -- Detecting CXX compiler ABI info
[0.375s] -- Detecting CXX compiler ABI info - done
[0.385s] -- Check for working CXX compiler: /usr/bin/c++ - skipped
[0.386s] -- Detecting CXX compile features
[0.386s] -- Detecting CXX compile features - done
[0.389s] -- Found ament_cmake: 1.3.8 (/opt/ros/humble/share/ament_cmake/cmake)
[0.606s] -- Found Python3: /usr/bin/python3 (found version "3.10.12") found components: Interpreter 
[0.654s] -- Found rclcpp: 16.0.8 (/opt/ros/humble/share/rclcpp/cmake)
[0.675s] -- Found rosidl_generator_c: 3.1.5 (/opt/ros/humble/share/rosidl_generator_c/cmake)
[0.677s] -- Found rosidl_adapter: 3.1.5 (/opt/ros/humble/share/rosidl_adapter/cmake)
[0.681s] -- Found rosidl_generator_cpp: 3.1.5 (/opt/ros/humble/share/rosidl_generator_cpp/cmake)
[0.688s] -- Using all available rosidl_typesupport_c: rosidl_typesupport_fastrtps_c;rosidl_typesupport_introspection_c
[0.700s] -- Using all available rosidl_typesupport_cpp: rosidl_typesupport_fastrtps_cpp;rosidl_typesupport_introspection_cpp
[0.741s] -- Found rmw_implementation_cmake: 6.1.1 (/opt/ros/humble/share/rmw_implementation_cmake/cmake)
[0.742s] -- Found rmw_fastrtps_cpp: 6.2.6 (/opt/ros/humble/share/rmw_fastrtps_cpp/cmake)
[0.795s] -- Found OpenSSL: /usr/lib/x86_64-linux-gnu/libcrypto.so (found version "3.0.2")  
[0.810s] -- Found FastRTPS: /opt/ros/humble/include  
[0.837s] -- Using RMW implementation 'rmw_fastrtps_cpp' as default
[0.842s] -- Looking for pthread.h
[0.884s] -- Looking for pthread.h - found
[0.885s] -- Performing Test CMAKE_HAVE_LIBC_PTHREAD
[0.928s] -- Performing Test CMAKE_HAVE_LIBC_PTHREAD - Success
[0.928s] -- Found Threads: TRUE  
[1.064s] -- Found ament_lint_auto: 0.12.10 (/opt/ros/humble/share/ament_lint_auto/cmake)
[1.174s] -- Added test 'cppcheck' to perform static code analysis on C / C++ code
[1.174s] -- Configured cppcheck include dirs: 
[1.174s] -- Configured cppcheck exclude dirs and/or files: 
[1.175s] -- Added test 'lint_cmake' to check CMake code style
[1.176s] -- Added test 'uncrustify' to check C / C++ code style
[1.176s] -- Configured uncrustify additional arguments: 
[1.176s] -- Added test 'xmllint' to check XML markup files
[1.178s] -- Configuring done
[1.184s] -- Generating done
[1.185s] -- Build files have been written to: /home/zoellickhan/Code/2024CV/ws_testROS/src/build/test_ch343
[1.192s] Invoked command in '/home/zoellickhan/Code/2024CV/ws_testROS/src/build/test_ch343' returned '0': CMAKE_PREFIX_PATH=${CMAKE_PREFIX_PATH}:/opt/ros/humble /usr/bin/cmake /home/zoellickhan/Code/2024CV/ws_testROS/src/test_ch343 -DCMAKE_INSTALL_PREFIX=/home/zoellickhan/Code/2024CV/ws_testROS/src/install/test_ch343
[1.194s] Invoking command in '/home/zoellickhan/Code/2024CV/ws_testROS/src/build/test_ch343': CMAKE_PREFIX_PATH=${CMAKE_PREFIX_PATH}:/opt/ros/humble /usr/bin/cmake --build /home/zoellickhan/Code/2024CV/ws_testROS/src/build/test_ch343 -- -j20 -l20
[1.223s] [ 50%] [32mBuilding CXX object CMakeFiles/test_ch343.dir/src/test.cpp.o[0m
[2.729s] [100%] [32m[1mLinking CXX executable test_ch343[0m
[2.832s] /usr/bin/ld: CMakeFiles/test_ch343.dir/src/test.cpp.o: in function `void __gnu_cxx::new_allocator<newSerialDriver::Port>::construct<newSerialDriver::Port, std::shared_ptr<newSerialDriver::SerialConfig>&>(newSerialDriver::Port*, std::shared_ptr<newSerialDriver::SerialConfig>&)':
[2.832s] test.cpp:(.text._ZN9__gnu_cxx13new_allocatorIN15newSerialDriver4PortEE9constructIS2_JRSt10shared_ptrINS1_12SerialConfigEEEEEvPT_DpOT0_[_ZN9__gnu_cxx13new_allocatorIN15newSerialDriver4PortEE9constructIS2_JRSt10shared_ptrINS1_12SerialConfigEEEEEvPT_DpOT0_]+0x69): undefined reference to `newSerialDriver::Port::Port(std::shared_ptr<newSerialDriver::SerialConfig>)'
[2.832s] /usr/bin/ld: CMakeFiles/test_ch343.dir/src/test.cpp.o: in function `void __gnu_cxx::new_allocator<newSerialDriver::Port>::destroy<newSerialDriver::Port>(newSerialDriver::Port*)':
[2.832s] test.cpp:(.text._ZN9__gnu_cxx13new_allocatorIN15newSerialDriver4PortEE7destroyIS2_EEvPT_[_ZN9__gnu_cxx13new_allocatorIN15newSerialDriver4PortEE7destroyIS2_EEvPT_]+0x1c): undefined reference to `newSerialDriver::Port::~Port()'
[2.833s] /usr/bin/ld: CMakeFiles/test_ch343.dir/src/test.cpp.o: in function `void __gnu_cxx::new_allocator<newSerialDriver::SerialConfig>::destroy<newSerialDriver::SerialConfig>(newSerialDriver::SerialConfig*)':
[2.833s] test.cpp:(.text._ZN9__gnu_cxx13new_allocatorIN15newSerialDriver12SerialConfigEE7destroyIS2_EEvPT_[_ZN9__gnu_cxx13new_allocatorIN15newSerialDriver12SerialConfigEE7destroyIS2_EEvPT_]+0x1c): undefined reference to `newSerialDriver::SerialConfig::~SerialConfig()'
[2.840s] collect2: error: ld returned 1 exit status
[2.842s] gmake[2]: *** [CMakeFiles/test_ch343.dir/build.make:151: test_ch343] Error 1
[2.842s] gmake[1]: *** [CMakeFiles/Makefile2:137: CMakeFiles/test_ch343.dir/all] Error 2
[2.843s] gmake: *** [Makefile:146: all] Error 2
[2.846s] Invoked command in '/home/zoellickhan/Code/2024CV/ws_testROS/src/build/test_ch343' returned '2': CMAKE_PREFIX_PATH=${CMAKE_PREFIX_PATH}:/opt/ros/humble /usr/bin/cmake --build /home/zoellickhan/Code/2024CV/ws_testROS/src/build/test_ch343 -- -j20 -l20
