[0.009s] Invoking command in '/home/zoellickhan/Code/ws_testROS/build/test_ch343': CMAKE_PREFIX_PATH=${CMAKE_PREFIX_PATH}:/opt/ros/humble /usr/bin/cmake --build /home/zoellickhan/Code/ws_testROS/build/test_ch343 -- -j20 -l20
[0.038s] [35m[1mConsolidate compiler generated dependencies of target test_ch343[0m
[0.053s] [ 25%] [32mBuilding CXX object CMakeFiles/test_ch343.dir/src/test_read.cpp.o[0m
[0.053s] [ 50%] [32mBuilding CXX object CMakeFiles/test_ch343.dir/src/newDriver.cpp.o[0m
[0.423s] In file included from [01m[K/home/zoellickhan/Code/ws_testROS/src/test_ch343/src/newDriver.cpp:1[m[K:
[0.423s] [01m[K/home/zoellickhan/Code/ws_testROS/src/test_ch343/src/newDriver.hpp:116:30:[m[K [01;31m[Kerror: [m[Kredeclaration of â€˜[01m[Krm_serial_driver::Header newSerialDriver::Port::header[m[Kâ€™
[0.423s]   116 |     rm_serial_driver::Header [01;31m[Kheader[m[K;
[0.423s]       |                              [01;31m[K^~~~~~[m[K
[0.423s] [01m[K/home/zoellickhan/Code/ws_testROS/src/test_ch343/src/newDriver.hpp:113:30:[m[K [01;36m[Knote: [m[Kprevious declaration â€˜[01m[Krm_serial_driver::Header newSerialDriver::Port::header[m[Kâ€™
[0.423s]   113 |     rm_serial_driver::Header [01;36m[Kheader[m[K;
[0.423s]       |                              [01;36m[K^~~~~~[m[K
[0.429s] [01m[K/home/zoellickhan/Code/ws_testROS/src/test_ch343/src/newDriver.cpp:[m[K In member function â€˜[01m[Kbool newSerialDriver::Port::setBaudRate()[m[Kâ€™:
[0.429s] [01m[K/home/zoellickhan/Code/ws_testROS/src/test_ch343/src/newDriver.cpp:48:23:[m[K [01;35m[Kwarning: [m[Koverflow in conversion from â€˜[01m[Klong unsigned int[m[Kâ€™ to â€˜[01m[Kint[m[Kâ€™ changes value from â€˜[01m[K2150388778[m[Kâ€™ to â€˜[01m[K-2144578518[m[Kâ€™ [[01;35m[K]8;;https://gcc.gnu.org/onlinedocs/gcc/Warning-Options.html#index-Woverflow-Woverflow]8;;[m[K]
[0.429s]    48 |         if (ioctl(fd, [01;35m[KTCGETS2[m[K, &tio))
[0.429s]       |                       [01;35m[K^~~~~~~[m[K
[0.429s] [01m[K/home/zoellickhan/Code/ws_testROS/src/test_ch343/src/newDriver.cpp:65:23:[m[K [01;35m[Kwarning: [m[Koverflow in conversion from â€˜[01m[Klong unsigned int[m[Kâ€™ to â€˜[01m[Kint[m[Kâ€™ changes value from â€˜[01m[K2150388778[m[Kâ€™ to â€˜[01m[K-2144578518[m[Kâ€™ [[01;35m[K]8;;https://gcc.gnu.org/onlinedocs/gcc/Warning-Options.html#index-Woverflow-Woverflow]8;;[m[K]
[0.429s]    65 |         if (ioctl(fd, [01;35m[KTCGETS2[m[K, &tio))
[0.429s]       |                       [01;35m[K^~~~~~~[m[K
[0.430s] [01m[K/home/zoellickhan/Code/ws_testROS/src/test_ch343/src/newDriver.cpp:[m[K In member function â€˜[01m[Kbool newSerialDriver::Port::init()[m[Kâ€™:
[0.430s] [01m[K/home/zoellickhan/Code/ws_testROS/src/test_ch343/src/newDriver.cpp:179:23:[m[K [01;35m[Kwarning: [m[Koverflow in conversion from â€˜[01m[Klong unsigned int[m[Kâ€™ to â€˜[01m[Kint[m[Kâ€™ changes value from â€˜[01m[K2150388778[m[Kâ€™ to â€˜[01m[K-2144578518[m[Kâ€™ [[01;35m[K]8;;https://gcc.gnu.org/onlinedocs/gcc/Warning-Options.html#index-Woverflow-Woverflow]8;;[m[K]
[0.430s]   179 |         if (ioctl(fd, [01;35m[KTCGETS2[m[K, &tio))
[0.430s]       |                       [01;35m[K^~~~~~~[m[K
[0.430s] [01m[K/home/zoellickhan/Code/ws_testROS/src/test_ch343/src/newDriver.cpp:196:23:[m[K [01;35m[Kwarning: [m[Koverflow in conversion from â€˜[01m[Klong unsigned int[m[Kâ€™ to â€˜[01m[Kint[m[Kâ€™ changes value from â€˜[01m[K2150388778[m[Kâ€™ to â€˜[01m[K-2144578518[m[Kâ€™ [[01;35m[K]8;;https://gcc.gnu.org/onlinedocs/gcc/Warning-Options.html#index-Woverflow-Woverflow]8;;[m[K]
[0.430s]   196 |         if (ioctl(fd, [01;35m[KTCGETS2[m[K, &tio))
[0.430s]       |                       [01;35m[K^~~~~~~[m[K
[0.430s] [01m[K/home/zoellickhan/Code/ws_testROS/src/test_ch343/src/newDriver.cpp:[m[K In member function â€˜[01m[Kvoid newSerialDriver::Port::registerType(int*, int)[m[Kâ€™:
[0.430s] [01m[K/home/zoellickhan/Code/ws_testROS/src/test_ch343/src/newDriver.cpp:248:53:[m[K [01;35m[Kwarning: [m[Kunused parameter â€˜[01m[Knum[m[Kâ€™ [[01;35m[K]8;;https://gcc.gnu.org/onlinedocs/gcc/Warning-Options.html#index-Wunused-parameter-Wunused-parameter]8;;[m[K]
[0.430s]   248 | void Port::registerType(int typeIDArray[ID_NUM],[01;35m[Kint num[m[K)
[0.430s]       |                                                 [01;35m[K~~~~^~~[m[K
[0.430s] [01m[K/home/zoellickhan/Code/ws_testROS/src/test_ch343/src/newDriver.cpp:[m[K In member function â€˜[01m[Kint newSerialDriver::Port::decode()[m[Kâ€™:
[0.430s] [01m[K/home/zoellickhan/Code/ws_testROS/src/test_ch343/src/newDriver.cpp:266:63:[m[K [01;35m[Kwarning: [m[Kcomparison of integer expressions of different signedness: â€˜[01m[Klong unsigned int[m[Kâ€™ and â€˜[01m[Kint[m[Kâ€™ [[01;35m[K]8;;https://gcc.gnu.org/onlinedocs/gcc/Warning-Options.html#index-Wsign-compare-Wsign-compare]8;;[m[K]
[0.430s]   266 |         for(int i = putoutIndex; [01;35m[KputoutIndex + sizeof(Header) <= putinIndex[m[K; i++ )
[0.431s]       |                                  [01;35m[K~~~~~~~~~~~~~~~~~~~~~~~~~~~~~^~~~~~~~~~~~~[m[K
[0.431s] [01m[K/home/zoellickhan/Code/ws_testROS/src/test_ch343/src/newDriver.cpp:272:53:[m[K [01;35m[Kwarning: [m[Kcomparison of integer expressions of different signedness: â€˜[01m[Kstd::vector<unsigned char>::size_type[m[Kâ€™ {aka â€˜[01m[Klong unsigned int[m[Kâ€™} and â€˜[01m[Kint[m[Kâ€™ [[01;35m[K]8;;https://gcc.gnu.org/onlinedocs/gcc/Warning-Options.html#index-Wsign-compare-Wsign-compare]8;;[m[K]
[0.431s]   272 |                 if([01;35m[K(putoutIndex + transform.size()) < putinIndex[m[K)
[0.431s]       |                    [01;35m[K~~~~~~~~~~~~~~~~~~~~~~~~~~~~~~~~~^~~~~~~~~~~~[m[K
[0.434s] [01m[K/home/zoellickhan/Code/ws_testROS/src/test_ch343/src/newDriver.cpp:[m[K In member function â€˜[01m[Kbool newSerialDriver::Port::setFlowControl(bool)[m[Kâ€™:
[0.434s] [01m[K/home/zoellickhan/Code/ws_testROS/src/test_ch343/src/newDriver.cpp:450:5:[m[K [01;31m[Kerror: [m[Kâ€˜[01m[Khandshake[m[Kâ€™ was not declared in this scope
[0.434s]   450 |     [01;31m[Khandshake[m[K = true;
[0.434s]       |     [01;31m[K^~~~~~~~~[m[K
[0.459s] /home/zoellickhan/Code/ws_testROS/src/test_ch343/src/newDriver.cpp: In instantiation of â€˜[01m[Kvoid newSerialDriver::Port::Classify(T&) [with T = rm_serial_driver::TwoCRC_GimbalMsg][m[Kâ€™:
[0.459s] [01m[K/home/zoellickhan/Code/ws_testROS/src/test_ch343/src/newDriver.cpp:302:14:[m[K   required from here
[0.459s] [01m[K/home/zoellickhan/Code/ws_testROS/src/test_ch343/src/newDriver.cpp:339:45:[m[K [01;35m[Kwarning: [m[Kcomparison of integer expressions of different signedness: â€˜[01m[Kstd::vector<unsigned char>::size_type[m[Kâ€™ {aka â€˜[01m[Klong unsigned int[m[Kâ€™} and â€˜[01m[Kint[m[Kâ€™ [[01;35m[K]8;;https://gcc.gnu.org/onlinedocs/gcc/Warning-Options.html#index-Wsign-compare-Wsign-compare]8;;[m[K]
[0.459s]   339 |         if([01;35m[K(putoutIndex + transform.size()) < putinIndex[m[K)
[0.459s]       |            [01;35m[K~~~~~~~~~~~~~~~~~~~~~~~~~~~~~~~~~^~~~~~~~~~~~[m[K
[0.459s] /home/zoellickhan/Code/ws_testROS/src/test_ch343/src/newDriver.cpp: In instantiation of â€˜[01m[Kvoid newSerialDriver::Port::Classify(T&) [with T = rm_serial_driver::TwoCRC_SentryGimbalMsg][m[Kâ€™:
[0.460s] [01m[K/home/zoellickhan/Code/ws_testROS/src/test_ch343/src/newDriver.cpp:308:14:[m[K   required from here
[0.460s] [01m[K/home/zoellickhan/Code/ws_testROS/src/test_ch343/src/newDriver.cpp:339:45:[m[K [01;35m[Kwarning: [m[Kcomparison of integer expressions of different signedness: â€˜[01m[Kstd::vector<unsigned char>::size_type[m[Kâ€™ {aka â€˜[01m[Klong unsigned int[m[Kâ€™} and â€˜[01m[Kint[m[Kâ€™ [[01;35m[K]8;;https://gcc.gnu.org/onlinedocs/gcc/Warning-Options.html#index-Wsign-compare-Wsign-compare]8;;[m[K]
[0.503s] gmake[2]: *** [CMakeFiles/test_ch343.dir/build.make:90: CMakeFiles/test_ch343.dir/src/newDriver.cpp.o] Error 1
[0.503s] gmake[2]: *** Waiting for unfinished jobs....
[1.577s] In file included from [01m[K/home/zoellickhan/Code/ws_testROS/src/test_ch343/src/test_read.cpp:3[m[K:
[1.577s] [01m[K/home/zoellickhan/Code/ws_testROS/src/test_ch343/src/newDriver.hpp:116:30:[m[K [01;31m[Kerror: [m[Kredeclaration of â€˜[01m[Krm_serial_driver::Header newSerialDriver::Port::header[m[Kâ€™
[1.577s]   116 |     rm_serial_driver::Header [01;31m[Kheader[m[K;
[1.577s]       |                              [01;31m[K^~~~~~[m[K
[1.577s] [01m[K/home/zoellickhan/Code/ws_testROS/src/test_ch343/src/newDriver.hpp:113:30:[m[K [01;36m[Knote: [m[Kprevious declaration â€˜[01m[Krm_serial_driver::Header newSerialDriver::Port::header[m[Kâ€™
[1.577s]   113 |     rm_serial_driver::Header [01;36m[Kheader[m[K;
[1.577s]       |                              [01;36m[K^~~~~~[m[K
[1.584s] [01m[K/home/zoellickhan/Code/ws_testROS/src/test_ch343/src/test_read.cpp:[m[K In function â€˜[01m[Kint main(int, char**)[m[Kâ€™:
[1.584s] [01m[K/home/zoellickhan/Code/ws_testROS/src/test_ch343/src/test_read.cpp:60:15:[m[K [01;35m[Kwarning: [m[Kâ€˜[01m[Kmemset[m[Kâ€™ used with length equal to number of elements without multiplication by element size [[01;35m[K]8;;https://gcc.gnu.org/onlinedocs/gcc/Warning-Options.html#index-Wmemset-elt-size-Wmemset-elt-size]8;;[m[K]
[1.584s]    60 |         [01;35m[Kmemset(typing,0x00,ID_NUM)[m[K;
[1.584s]       |         [01;35m[K~~~~~~^~~~~~~~~~~~~~~~~~~~[m[K
[1.585s] [01m[K/home/zoellickhan/Code/ws_testROS/src/test_ch343/src/test_read.cpp:52:10:[m[K [01;35m[Kwarning: [m[Kunused variable â€˜[01m[KcrcError_header[m[Kâ€™ [[01;35m[K]8;;https://gcc.gnu.org/onlinedocs/gcc/Warning-Options.html#index-Wunused-variable-Wunused-variable]8;;[m[K]
[1.585s]    52 |     int& [01;35m[KcrcError_header[m[K  = port->geterrorHeaderRate();
[1.585s]       |          [01;35m[K^~~~~~~~~~~~~~~[m[K
[1.585s] [01m[K/home/zoellickhan/Code/ws_testROS/src/test_ch343/src/test_read.cpp:53:11:[m[K [01;35m[Kwarning: [m[Kunused variable â€˜[01m[Ksum_count[m[Kâ€™ [[01;35m[K]8;;https://gcc.gnu.org/onlinedocs/gcc/Warning-Options.html#index-Wunused-variable-Wunused-variable]8;;[m[K]
[1.585s]    53 |     long& [01;35m[Ksum_count[m[K   = port->geterrorDataRate();
[1.585s]       |           [01;35m[K^~~~~~~~~[m[K
[1.874s] gmake[2]: *** [CMakeFiles/test_ch343.dir/build.make:76: CMakeFiles/test_ch343.dir/src/test_read.cpp.o] Error 1
[1.874s] gmake[1]: *** [CMakeFiles/Makefile2:137: CMakeFiles/test_ch343.dir/all] Error 2
[1.874s] gmake: *** [Makefile:146: all] Error 2
[1.876s] Invoked command in '/home/zoellickhan/Code/ws_testROS/build/test_ch343' returned '2': CMAKE_PREFIX_PATH=${CMAKE_PREFIX_PATH}:/opt/ros/humble /usr/bin/cmake --build /home/zoellickhan/Code/ws_testROS/build/test_ch343 -- -j20 -l20
