[35m[1mConsolidate compiler generated dependencies of target test_serialdriver[0m
[ 25%] [32mBuilding CXX object CMakeFiles/test_serialdriver.dir/src/test_write.cpp.o[0m
[01m[K/home/zoellickhan/Code/ws_testROS/src/test_serialdriver/src/test_write.cpp:[m[K In function â€˜[01m[Kint main(int, char**)[m[Kâ€™:
[01m[K/home/zoellickhan/Code/ws_testROS/src/test_serialdriver/src/test_write.cpp:98:29:[m[K [01;31m[Kerror: [m[Kno match for â€˜[01m[Koperator/[m[Kâ€™ (operand types are â€˜[01m[Kint[m[Kâ€™ and â€˜[01m[Kstd::chrono::duration<long int, std::ratio<1, 1000000000> >[m[Kâ€™)
   98 |         auto hz = [32m[KwriteCount[m[K[01;31m[K/[m[K[34m[Kperiod[m[K;
      |                   [32m[K~~~~~~~~~~[m[K[01;31m[K^[m[K[34m[K~~~~~~[m[K
      |                   [32m[K|[m[K          [34m[K|[m[K
      |                   [32m[Kint[m[K        [34m[Kstd::chrono::duration<long int, std::ratio<1, 1000000000> >[m[K
In file included from [01m[K/usr/include/c++/11/mutex:39[m[K,
                 from [01m[K/usr/include/c++/11/future:38[m[K,
                 from [01m[K/opt/ros/humble/include/rclcpp/rclcpp/executors.hpp:18[m[K,
                 from [01m[K/opt/ros/humble/include/rclcpp/rclcpp/rclcpp.hpp:155[m[K,
                 from [01m[K/home/zoellickhan/Code/ws_testROS/src/test_serialdriver/src/test_write.cpp:2[m[K:
[01m[K/usr/include/c++/11/chrono:706:7:[m[K [01;36m[Knote: [m[Kcandidate: â€˜[01m[Ktemplate<class _Rep1, class _Period, class _Rep2> constexpr std::chrono::duration<std::chrono::__common_rep_t<_Rep1, typename std::enable_if<(! std::chrono::__is_duration<_Rep2>::value), _Rep2>::type>, _Period> std::chrono::operator/(const std::chrono::duration<_Rep1, _Period1>&, const _Rep2&)[m[Kâ€™
  706 |       [01;36m[Koperator[m[K/(const duration<_Rep1, _Period>& __d, const _Rep2& __s)
      |       [01;36m[K^~~~~~~~[m[K
[01m[K/usr/include/c++/11/chrono:706:7:[m[K [01;36m[Knote: [m[K  template argument deduction/substitution failed:
[01m[K/home/zoellickhan/Code/ws_testROS/src/test_serialdriver/src/test_write.cpp:98:30:[m[K [01;36m[Knote: [m[K  mismatched types â€˜[01m[Kconst std::chrono::duration<_Rep1, _Period1>[m[Kâ€™ and â€˜[01m[Kint[m[Kâ€™
   98 |         auto hz = writeCount/[01;36m[Kperiod[m[K;
      |                              [01;36m[K^~~~~~[m[K
In file included from [01m[K/usr/include/c++/11/mutex:39[m[K,
                 from [01m[K/usr/include/c++/11/future:38[m[K,
                 from [01m[K/opt/ros/humble/include/rclcpp/rclcpp/executors.hpp:18[m[K,
                 from [01m[K/opt/ros/humble/include/rclcpp/rclcpp/rclcpp.hpp:155[m[K,
                 from [01m[K/home/zoellickhan/Code/ws_testROS/src/test_serialdriver/src/test_write.cpp:2[m[K:
[01m[K/usr/include/c++/11/chrono:716:7:[m[K [01;36m[Knote: [m[Kcandidate: â€˜[01m[Ktemplate<class _Rep1, class _Period1, class _Rep2, class _Period2> constexpr typename std::common_type<_Rep1, _Rep2>::type std::chrono::operator/(const std::chrono::duration<_Rep1, _Period1>&, const std::chrono::duration<_Rep2, _Period2>&)[m[Kâ€™
  716 |       [01;36m[Koperator[m[K/(const duration<_Rep1, _Period1>& __lhs,
      |       [01;36m[K^~~~~~~~[m[K
[01m[K/usr/include/c++/11/chrono:716:7:[m[K [01;36m[Knote: [m[K  template argument deduction/substitution failed:
[01m[K/home/zoellickhan/Code/ws_testROS/src/test_serialdriver/src/test_write.cpp:98:30:[m[K [01;36m[Knote: [m[K  mismatched types â€˜[01m[Kconst std::chrono::duration<_Rep1, _Period1>[m[Kâ€™ and â€˜[01m[Kint[m[Kâ€™
   98 |         auto hz = writeCount/[01;36m[Kperiod[m[K;
      |                              [01;36m[K^~~~~~[m[K
gmake[2]: *** [CMakeFiles/test_serialdriver.dir/build.make:76: CMakeFiles/test_serialdriver.dir/src/test_write.cpp.o] Error 1
gmake[1]: *** [CMakeFiles/Makefile2:137: CMakeFiles/test_serialdriver.dir/all] Error 2
gmake: *** [Makefile:146: all] Error 2
