[01m[K/home/zoellickhan/Code/2024CV/ws_testROS/src/test_ch343/src/test_read.cpp:[m[K In function â€˜[01m[Kint main(int, char**)[m[Kâ€™:
[01m[K/home/zoellickhan/Code/2024CV/ws_testROS/src/test_ch343/src/test_read.cpp:18:10:[m[K [01;31m[Kerror: [m[Kcannot convert â€˜[01m[Ktime_t*[m[Kâ€™ {aka â€˜[01m[Klong int*[m[Kâ€™} to â€˜[01m[Kdouble[m[Kâ€™ in initialization
   18 |     time([01;31m[Ktimeptr[m[K);
      |          [01;31m[K^~~~~~~[m[K
      |          [01;31m[K|[m[K
      |          [01;31m[Ktime_t* {aka long int*}[m[K
[01m[K/home/zoellickhan/Code/2024CV/ws_testROS/src/test_ch343/src/test_read.cpp:26:17:[m[K [01;31m[Kerror: [m[Kinvalid conversion from â€˜[01m[Ktime_t*[m[Kâ€™ {aka â€˜[01m[Klong int*[m[Kâ€™} to â€˜[01m[Klong int[m[Kâ€™ [[01;31m[K]8;;https://gcc.gnu.org/onlinedocs/gcc/Warning-Options.html#index-fpermissive-fpermissive]8;;[m[K]
   26 |     last_time = [01;31m[Ktimeptr[m[K;
      |                 [01;31m[K^~~~~~~[m[K
      |                 [01;31m[K|[m[K
      |                 [01;31m[Ktime_t* {aka long int*}[m[K
[01m[K/home/zoellickhan/Code/2024CV/ws_testROS/src/test_ch343/src/test_read.cpp:30:26:[m[K [01;31m[Kerror: [m[Kinvalid conversion from â€˜[01m[Ktime_t*[m[Kâ€™ {aka â€˜[01m[Klong int*[m[Kâ€™} to â€˜[01m[Klong int[m[Kâ€™ [[01;31m[K]8;;https://gcc.gnu.org/onlinedocs/gcc/Warning-Options.html#index-fpermissive-fpermissive]8;;[m[K]
   30 |         period = [01;31m[Ktimeptr - last_time[m[K;
      |                  [01;31m[K~~~~~~~~^~~~~~~~~~~[m[K
      |                          [01;31m[K|[m[K
      |                          [01;31m[Ktime_t* {aka long int*}[m[K
[01m[K/home/zoellickhan/Code/2024CV/ws_testROS/src/test_ch343/src/test_read.cpp:18:5:[m[K [01;35m[Kwarning: [m[Kunused variable â€˜[01m[Ktime[m[Kâ€™ [[01;35m[K]8;;https://gcc.gnu.org/onlinedocs/gcc/Warning-Options.html#index-Wunused-variable-Wunused-variable]8;;[m[K]
   18 |     [01;35m[Ktime[m[K(timeptr);
      |     [01;35m[K^~~~[m[K
gmake[2]: *** [CMakeFiles/test_ch343.dir/build.make:76: CMakeFiles/test_ch343.dir/src/test_read.cpp.o] Error 1
gmake[1]: *** [CMakeFiles/Makefile2:137: CMakeFiles/test_ch343.dir/all] Error 2
gmake: *** [Makefile:146: all] Error 2
