[0.015s] Invoking command in '/home/zoellickhan/Code/2024CV/ws_testROS/build/test_ch343': CMAKE_PREFIX_PATH=/opt/ros/humble /usr/bin/cmake --build /home/zoellickhan/Code/2024CV/ws_testROS/build/test_ch343 -- -j20 -l20
[0.076s] [35m[1mConsolidate compiler generated dependencies of target test_ch343[0m
[0.103s] [ 25%] [32mBuilding CXX object CMakeFiles/test_ch343.dir/src/newDriver.cpp.o[0m
[0.807s] [01m[K/home/zoellickhan/Code/2024CV/ws_testROS/src/test_ch343/src/newDriver.cpp:38:5:[m[K [01;31m[Kerror: [m[Kno declaration matches â€˜[01m[Kint newSerialDriver::Port::test_receive()[m[Kâ€™
[0.807s]    38 | int [01;31m[KPort[m[K::test_receive()
[0.807s]       |     [01;31m[K^~~~[m[K
[0.808s] [01m[K/home/zoellickhan/Code/2024CV/ws_testROS/src/test_ch343/src/newDriver.cpp:38:5:[m[K [01;36m[Knote: [m[Kno functions named â€˜[01m[Kint newSerialDriver::Port::test_receive()[m[Kâ€™
[0.808s] In file included from [01m[K/home/zoellickhan/Code/2024CV/ws_testROS/src/test_ch343/src/newDriver.cpp:1[m[K:
[0.808s] [01m[K/home/zoellickhan/Code/2024CV/ws_testROS/src/test_ch343/src/newDriver.hpp:58:7:[m[K [01;36m[Knote: [m[Kâ€˜[01m[Kclass newSerialDriver::Port[m[Kâ€™ defined here
[0.808s]    58 | class [01;36m[KPort[m[K
[0.808s]       |       [01;36m[K^~~~[m[K
[0.808s] [01m[K/home/zoellickhan/Code/2024CV/ws_testROS/src/test_ch343/src/newDriver.cpp:57:5:[m[K [01;31m[Kerror: [m[Kno declaration matches â€˜[01m[Kint newSerialDriver::Port::test_transmit()[m[Kâ€™
[0.808s]    57 | int [01;31m[KPort[m[K::test_transmit()
[0.808s]       |     [01;31m[K^~~~[m[K
[0.809s] [01m[K/home/zoellickhan/Code/2024CV/ws_testROS/src/test_ch343/src/newDriver.cpp:57:5:[m[K [01;36m[Knote: [m[Kno functions named â€˜[01m[Kint newSerialDriver::Port::test_transmit()[m[Kâ€™
[0.809s] In file included from [01m[K/home/zoellickhan/Code/2024CV/ws_testROS/src/test_ch343/src/newDriver.cpp:1[m[K:
[0.809s] [01m[K/home/zoellickhan/Code/2024CV/ws_testROS/src/test_ch343/src/newDriver.hpp:58:7:[m[K [01;36m[Knote: [m[Kâ€˜[01m[Kclass newSerialDriver::Port[m[Kâ€™ defined here
[0.809s]    58 | class [01;36m[KPort[m[K
[0.809s]       |       [01;36m[K^~~~[m[K
[0.809s] [01m[K/home/zoellickhan/Code/2024CV/ws_testROS/src/test_ch343/src/newDriver.cpp:[m[K In member function â€˜[01m[Kbool newSerialDriver::Port::setBaudRate()[m[Kâ€™:
[0.809s] [01m[K/home/zoellickhan/Code/2024CV/ws_testROS/src/test_ch343/src/newDriver.cpp:73:23:[m[K [01;35m[Kwarning: [m[Koverflow in conversion from â€˜[01m[Klong unsigned int[m[Kâ€™ to â€˜[01m[Kint[m[Kâ€™ changes value from â€˜[01m[K2150388778[m[Kâ€™ to â€˜[01m[K-2144578518[m[Kâ€™ [[01;35m[K]8;;https://gcc.gnu.org/onlinedocs/gcc/Warning-Options.html#index-Woverflow-Woverflow]8;;[m[K]
[0.810s]    73 |         if (ioctl(fd, [01;35m[KTCGETS2[m[K, &tio))
[0.810s]       |                       [01;35m[K^~~~~~~[m[K
[0.810s] [01m[K/home/zoellickhan/Code/2024CV/ws_testROS/src/test_ch343/src/newDriver.cpp:90:23:[m[K [01;35m[Kwarning: [m[Koverflow in conversion from â€˜[01m[Klong unsigned int[m[Kâ€™ to â€˜[01m[Kint[m[Kâ€™ changes value from â€˜[01m[K2150388778[m[Kâ€™ to â€˜[01m[K-2144578518[m[Kâ€™ [[01;35m[K]8;;https://gcc.gnu.org/onlinedocs/gcc/Warning-Options.html#index-Woverflow-Woverflow]8;;[m[K]
[0.810s]    90 |         if (ioctl(fd, [01;35m[KTCGETS2[m[K, &tio))
[0.810s]       |                       [01;35m[K^~~~~~~[m[K
[0.810s] [01m[K/home/zoellickhan/Code/2024CV/ws_testROS/src/test_ch343/src/newDriver.cpp:[m[K In member function â€˜[01m[Kbool newSerialDriver::Port::init()[m[Kâ€™:
[0.810s] [01m[K/home/zoellickhan/Code/2024CV/ws_testROS/src/test_ch343/src/newDriver.cpp:204:23:[m[K [01;35m[Kwarning: [m[Koverflow in conversion from â€˜[01m[Klong unsigned int[m[Kâ€™ to â€˜[01m[Kint[m[Kâ€™ changes value from â€˜[01m[K2150388778[m[Kâ€™ to â€˜[01m[K-2144578518[m[Kâ€™ [[01;35m[K]8;;https://gcc.gnu.org/onlinedocs/gcc/Warning-Options.html#index-Woverflow-Woverflow]8;;[m[K]
[0.810s]   204 |         if (ioctl(fd, [01;35m[KTCGETS2[m[K, &tio))
[0.811s]       |                       [01;35m[K^~~~~~~[m[K
[0.811s] [01m[K/home/zoellickhan/Code/2024CV/ws_testROS/src/test_ch343/src/newDriver.cpp:221:23:[m[K [01;35m[Kwarning: [m[Koverflow in conversion from â€˜[01m[Klong unsigned int[m[Kâ€™ to â€˜[01m[Kint[m[Kâ€™ changes value from â€˜[01m[K2150388778[m[Kâ€™ to â€˜[01m[K-2144578518[m[Kâ€™ [[01;35m[K]8;;https://gcc.gnu.org/onlinedocs/gcc/Warning-Options.html#index-Woverflow-Woverflow]8;;[m[K]
[0.811s]   221 |         if (ioctl(fd, [01;35m[KTCGETS2[m[K, &tio))
[0.811s]       |                       [01;35m[K^~~~~~~[m[K
[0.943s] gmake[2]: *** [CMakeFiles/test_ch343.dir/build.make:90: CMakeFiles/test_ch343.dir/src/newDriver.cpp.o] Error 1
[0.944s] gmake[1]: *** [CMakeFiles/Makefile2:137: CMakeFiles/test_ch343.dir/all] Error 2
[0.944s] gmake: *** [Makefile:146: all] Error 2
[0.947s] Invoked command in '/home/zoellickhan/Code/2024CV/ws_testROS/build/test_ch343' returned '2': CMAKE_PREFIX_PATH=/opt/ros/humble /usr/bin/cmake --build /home/zoellickhan/Code/2024CV/ws_testROS/build/test_ch343 -- -j20 -l20
