[35m[1mConsolidate compiler generated dependencies of target test_ch343[0m
[ 25%] [32mBuilding CXX object CMakeFiles/test_ch343.dir/src/test_read.cpp.o[0m
In file included from [01m[K/home/zoellickhan/Code/2024CV/ws_testROS/src/test_ch343/src/test_read.cpp:5[m[K:
[01m[K/home/zoellickhan/Code/2024CV/ws_testROS/src/test_ch343/src/protocol.hpp:214:14:[m[K [01;31m[Kerror: [m[Kâ€˜[01m[Kpacked[m[Kâ€™ was not declared in this scope
  214 | } attribute(([01;31m[Kpacked[m[K));
      |              [01;31m[K^~~~~~[m[K
gmake[2]: *** [CMakeFiles/test_ch343.dir/build.make:76: CMakeFiles/test_ch343.dir/src/test_read.cpp.o] Error 1
gmake[1]: *** [CMakeFiles/Makefile2:137: CMakeFiles/test_ch343.dir/all] Error 2
gmake: *** [Makefile:146: all] Error 2
